<?xml version="1.0" encoding="UTF-8"?>
<testsuites name="WEB" time="419.778" tests="13" failures="2" errors="0">
   <testsuite name="WEB" tests="13" failures="2" errors="0" time="419.778" skipped="0" timestamp="2022-05-13 22:52:21" hostname="salsa - SALSABILA" id="Test Suites/WEB/WEB">
      <properties>
         <property name="deviceName" value=""/>
         <property name="devicePlatform" value=""/>
         <property name="logFolder" value="F:\\1. UNNES\\6. Semester 6\\2 - MSIB\\final-project-qe-alta4\\final-project-qe-alta\\Reports\\20220513_225216\\WEB\\WEB\\20220513_225216"/>
         <property name="logFiles" value="F:\\1. UNNES\\6. Semester 6\\2 - MSIB\\final-project-qe-alta4\\final-project-qe-alta\\Reports\\20220513_225216\\WEB\\WEB\\20220513_225216\\execution0.log"/>
         <property name="attachments" value="F:\\1. UNNES\\6. Semester 6\\2 - MSIB\\final-project-qe-alta4\\final-project-qe-alta\\Reports\\20220513_225216\\WEB\\WEB\\20220513_225216\\1652457190627.png, F:\\1. UNNES\\6. Semester 6\\2 - MSIB\\final-project-qe-alta4\\final-project-qe-alta\\Reports\\20220513_225216\\WEB\\WEB\\20220513_225216\\1652457400989.png, F:\\1. UNNES\\6. Semester 6\\2 - MSIB\\final-project-qe-alta4\\final-project-qe-alta\\Reports\\20220513_225216\\WEB\\WEB\\20220513_225216\\1652457402682.png, F:\\1. UNNES\\6. Semester 6\\2 - MSIB\\final-project-qe-alta4\\final-project-qe-alta\\Reports\\20220513_225216\\WEB\\WEB\\20220513_225216\\1652457404287.png, F:\\1. UNNES\\6. Semester 6\\2 - MSIB\\final-project-qe-alta4\\final-project-qe-alta\\Reports\\20220513_225216\\WEB\\WEB\\20220513_225216\\1652457407468.png"/>
         <property name="hostName" value="salsa - SALSABILA"/>
         <property name="os" value="Windows 10 64bit"/>
         <property name="katalonVersion" value="8.2.5.208"/>
         <property name="browser" value="Chrome 101.0.4951.54"/>
         <property name="hostAddress" value="192.168.8.131"/>
         <property name="sessionId" value="ea0573fd035ea77f85dbd3d01859c955"/>
         <property name="seleniumVersion" value="3.141.59"/>
         <property name="proxyInformation" value="ProxyInformation { proxyOption=NO_PROXY, proxyServerType=HTTP, username=, password=********, proxyServerAddress=, proxyServerPort=0, executionList=&quot;&quot;, isApplyToDesiredCapabilities=true }"/>
         <property name="platform" value="Windows 10"/>
      </properties>
      <testcase name="Test Cases/WEB/Auth/Register" time="50.4" classname="Test Cases/WEB/Auth/Register" status="FAILED">
         <failure type="FAILED" message="Test Cases/WEB/Auth/Register FAILED.
Reason:
com.kms.katalon.core.exception.StepFailedException: com.kms.katalon.core.webui.exception.WebElementNotFoundException: Web element with id: 'Object Repository/WEB/Auth/Login/login_btn' located by '//*[@id=&quot;app&quot;]/div/main/div/div/div/div[2]/form/div[3]/button' not found (Root cause: com.kms.katalon.core.exception.StepFailedException: com.kms.katalon.core.webui.exception.WebElementNotFoundException: Web element with id: 'Object Repository/WEB/Auth/Login/login_btn' located by '//*[@id=&quot;app&quot;]/div/main/div/div/div/div[2]/form/div[3]/button' not found
	at com.kms.katalon.core.webui.keyword.internal.WebUIKeywordMain.stepFailed(WebUIKeywordMain.groovy:64)
	at com.kms.katalon.core.webui.keyword.builtin.VerifyElementPresentKeyword$_verifyElementPresent_closure1.doCall(VerifyElementPresentKeyword.groovy:85)
	at com.kms.katalon.core.webui.keyword.builtin.VerifyElementPresentKeyword$_verifyElementPresent_closure1.call(VerifyElementPresentKeyword.groovy)
	at com.kms.katalon.core.webui.keyword.internal.WebUIKeywordMain.runKeyword(WebUIKeywordMain.groovy:20)
	at com.kms.katalon.core.webui.keyword.builtin.VerifyElementPresentKeyword.verifyElementPresent(VerifyElementPresentKeyword.groovy:92)
	at com.kms.katalon.core.webui.keyword.builtin.VerifyElementPresentKeyword.execute(VerifyElementPresentKeyword.groovy:68)
	at com.kms.katalon.core.keyword.internal.KeywordExecutor.executeKeywordForPlatform(KeywordExecutor.groovy:74)
	at com.kms.katalon.core.webui.keyword.WebUiBuiltInKeywords.verifyElementPresent(WebUiBuiltInKeywords.groovy:1448)
	at com.kms.katalon.core.webui.keyword.WebUiBuiltInKeywords$verifyElementPresent$3.call(Unknown Source)
	at Register.run(Register:51)
	at com.kms.katalon.core.main.ScriptEngine.run(ScriptEngine.java:194)
	at com.kms.katalon.core.main.ScriptEngine.runScriptAsRawText(ScriptEngine.java:119)
	at com.kms.katalon.core.main.TestCaseExecutor.runScript(TestCaseExecutor.java:442)
	at com.kms.katalon.core.main.TestCaseExecutor.doExecute(TestCaseExecutor.java:433)
	at com.kms.katalon.core.main.TestCaseExecutor.processExecutionPhase(TestCaseExecutor.java:412)
	at com.kms.katalon.core.main.TestCaseExecutor.accessMainPhase(TestCaseExecutor.java:404)
	at com.kms.katalon.core.main.TestCaseExecutor.execute(TestCaseExecutor.java:281)
	at com.kms.katalon.core.main.TestSuiteExecutor.accessTestCaseMainPhase(TestSuiteExecutor.java:202)
	at com.kms.katalon.core.main.TestSuiteExecutor.accessTestSuiteMainPhase(TestSuiteExecutor.java:164)
	at com.kms.katalon.core.main.TestSuiteExecutor.execute(TestSuiteExecutor.java:105)
	at com.kms.katalon.core.main.TestCaseMain.startTestSuite(TestCaseMain.java:185)
	at com.kms.katalon.core.main.TestCaseMain$startTestSuite$0.call(Unknown Source)
	at TempTestSuite1652457136180.run(TempTestSuite1652457136180.groovy:36)
)
	at com.kms.katalon.core.keyword.internal.KeywordMain.stepFailed(KeywordMain.groovy:39)
	at com.kms.katalon.core.webui.keyword.internal.WebUIKeywordMain.stepFailed(WebUIKeywordMain.groovy:64)
	at com.kms.katalon.core.webui.keyword.builtin.VerifyElementPresentKeyword$_verifyElementPresent_closure1.doCall(VerifyElementPresentKeyword.groovy:85)
	at com.kms.katalon.core.webui.keyword.builtin.VerifyElementPresentKeyword$_verifyElementPresent_closure1.call(VerifyElementPresentKeyword.groovy)
	at com.kms.katalon.core.webui.keyword.internal.WebUIKeywordMain.runKeyword(WebUIKeywordMain.groovy:20)
	at com.kms.katalon.core.webui.keyword.builtin.VerifyElementPresentKeyword.verifyElementPresent(VerifyElementPresentKeyword.groovy:92)
	at com.kms.katalon.core.webui.keyword.builtin.VerifyElementPresentKeyword.execute(VerifyElementPresentKeyword.groovy:68)
	at com.kms.katalon.core.keyword.internal.KeywordExecutor.executeKeywordForPlatform(KeywordExecutor.groovy:74)
	at com.kms.katalon.core.webui.keyword.WebUiBuiltInKeywords.verifyElementPresent(WebUiBuiltInKeywords.groovy:1448)
	at com.kms.katalon.core.webui.keyword.WebUiBuiltInKeywords$verifyElementPresent$3.call(Unknown Source)
	at Register.run(Register:51)
	at com.kms.katalon.core.main.ScriptEngine.run(ScriptEngine.java:194)
	at com.kms.katalon.core.main.ScriptEngine.runScriptAsRawText(ScriptEngine.java:119)
	at com.kms.katalon.core.main.TestCaseExecutor.runScript(TestCaseExecutor.java:442)
	at com.kms.katalon.core.main.TestCaseExecutor.doExecute(TestCaseExecutor.java:433)
	at com.kms.katalon.core.main.TestCaseExecutor.processExecutionPhase(TestCaseExecutor.java:412)
	at com.kms.katalon.core.main.TestCaseExecutor.accessMainPhase(TestCaseExecutor.java:404)
	at com.kms.katalon.core.main.TestCaseExecutor.execute(TestCaseExecutor.java:281)
	at com.kms.katalon.core.main.TestSuiteExecutor.accessTestCaseMainPhase(TestSuiteExecutor.java:202)
	at com.kms.katalon.core.main.TestSuiteExecutor.accessTestSuiteMainPhase(TestSuiteExecutor.java:164)
	at com.kms.katalon.core.main.TestSuiteExecutor.execute(TestSuiteExecutor.java:105)
	at com.kms.katalon.core.main.TestCaseMain.startTestSuite(TestCaseMain.java:185)
	at com.kms.katalon.core.main.TestCaseMain$startTestSuite$0.call(Unknown Source)
	at TempTestSuite1652457136180.run(TempTestSuite1652457136180.groovy:36)
Caused by: com.kms.katalon.core.exception.StepFailedException: com.kms.katalon.core.webui.exception.WebElementNotFoundException: Web element with id: 'Object Repository/WEB/Auth/Login/login_btn' located by '//*[@id=&quot;app&quot;]/div/main/div/div/div/div[2]/form/div[3]/button' not found
	... 23 more
"/>
         <system-out><![CDATA[2022-05-13 22:52:21 - [TEST_CASE][FAILED] - Test Cases/WEB/Auth/Register: Test Cases/WEB/Auth/Register FAILED.
Reason:
com.kms.katalon.core.exception.StepFailedException: com.kms.katalon.core.webui.exception.WebElementNotFoundException: Web element with id: 'Object Repository/WEB/Auth/Login/login_btn' located by '//*[@id="app"]/div/main/div/div/div/div[2]/form/div[3]/button' not found (Root cause: com.kms.katalon.core.exception.StepFailedException: com.kms.katalon.core.webui.exception.WebElementNotFoundException: Web element with id: 'Object Repository/WEB/Auth/Login/login_btn' located by '//*[@id="app"]/div/main/div/div/div/div[2]/form/div[3]/button' not found
	at com.kms.katalon.core.webui.keyword.internal.WebUIKeywordMain.stepFailed(WebUIKeywordMain.groovy:64)
	at com.kms.katalon.core.webui.keyword.builtin.VerifyElementPresentKeyword$_verifyElementPresent_closure1.doCall(VerifyElementPresentKeyword.groovy:85)
	at com.kms.katalon.core.webui.keyword.builtin.VerifyElementPresentKeyword$_verifyElementPresent_closure1.call(VerifyElementPresentKeyword.groovy)
	at com.kms.katalon.core.webui.keyword.internal.WebUIKeywordMain.runKeyword(WebUIKeywordMain.groovy:20)
	at com.kms.katalon.core.webui.keyword.builtin.VerifyElementPresentKeyword.verifyElementPresent(VerifyElementPresentKeyword.groovy:92)
	at com.kms.katalon.core.webui.keyword.builtin.VerifyElementPresentKeyword.execute(VerifyElementPresentKeyword.groovy:68)
	at com.kms.katalon.core.keyword.internal.KeywordExecutor.executeKeywordForPlatform(KeywordExecutor.groovy:74)
	at com.kms.katalon.core.webui.keyword.WebUiBuiltInKeywords.verifyElementPresent(WebUiBuiltInKeywords.groovy:1448)
	at com.kms.katalon.core.webui.keyword.WebUiBuiltInKeywords$verifyElementPresent$3.call(Unknown Source)
	at Register.run(Register:51)
	at com.kms.katalon.core.main.ScriptEngine.run(ScriptEngine.java:194)
	at com.kms.katalon.core.main.ScriptEngine.runScriptAsRawText(ScriptEngine.java:119)
	at com.kms.katalon.core.main.TestCaseExecutor.runScript(TestCaseExecutor.java:442)
	at com.kms.katalon.core.main.TestCaseExecutor.doExecute(TestCaseExecutor.java:433)
	at com.kms.katalon.core.main.TestCaseExecutor.processExecutionPhase(TestCaseExecutor.java:412)
	at com.kms.katalon.core.main.TestCaseExecutor.accessMainPhase(TestCaseExecutor.java:404)
	at com.kms.katalon.core.main.TestCaseExecutor.execute(TestCaseExecutor.java:281)
	at com.kms.katalon.core.main.TestSuiteExecutor.accessTestCaseMainPhase(TestSuiteExecutor.java:202)
	at com.kms.katalon.core.main.TestSuiteExecutor.accessTestSuiteMainPhase(TestSuiteExecutor.java:164)
	at com.kms.katalon.core.main.TestSuiteExecutor.execute(TestSuiteExecutor.java:105)
	at com.kms.katalon.core.main.TestCaseMain.startTestSuite(TestCaseMain.java:185)
	at com.kms.katalon.core.main.TestCaseMain$startTestSuite$0.call(Unknown Source)
	at TempTestSuite1652457136180.run(TempTestSuite1652457136180.groovy:36)
)
	at com.kms.katalon.core.keyword.internal.KeywordMain.stepFailed(KeywordMain.groovy:39)
	at com.kms.katalon.core.webui.keyword.internal.WebUIKeywordMain.stepFailed(WebUIKeywordMain.groovy:64)
	at com.kms.katalon.core.webui.keyword.builtin.VerifyElementPresentKeyword$_verifyElementPresent_closure1.doCall(VerifyElementPresentKeyword.groovy:85)
	at com.kms.katalon.core.webui.keyword.builtin.VerifyElementPresentKeyword$_verifyElementPresent_closure1.call(VerifyElementPresentKeyword.groovy)
	at com.kms.katalon.core.webui.keyword.internal.WebUIKeywordMain.runKeyword(WebUIKeywordMain.groovy:20)
	at com.kms.katalon.core.webui.keyword.builtin.VerifyElementPresentKeyword.verifyElementPresent(VerifyElementPresentKeyword.groovy:92)
	at com.kms.katalon.core.webui.keyword.builtin.VerifyElementPresentKeyword.execute(VerifyElementPresentKeyword.groovy:68)
	at com.kms.katalon.core.keyword.internal.KeywordExecutor.executeKeywordForPlatform(KeywordExecutor.groovy:74)
	at com.kms.katalon.core.webui.keyword.WebUiBuiltInKeywords.verifyElementPresent(WebUiBuiltInKeywords.groovy:1448)
	at com.kms.katalon.core.webui.keyword.WebUiBuiltInKeywords$verifyElementPresent$3.call(Unknown Source)
	at Register.run(Register:51)
	at com.kms.katalon.core.main.ScriptEngine.run(ScriptEngine.java:194)
	at com.kms.katalon.core.main.ScriptEngine.runScriptAsRawText(ScriptEngine.java:119)
	at com.kms.katalon.core.main.TestCaseExecutor.runScript(TestCaseExecutor.java:442)
	at com.kms.katalon.core.main.TestCaseExecutor.doExecute(TestCaseExecutor.java:433)
	at com.kms.katalon.core.main.TestCaseExecutor.processExecutionPhase(TestCaseExecutor.java:412)
	at com.kms.katalon.core.main.TestCaseExecutor.accessMainPhase(TestCaseExecutor.java:404)
	at com.kms.katalon.core.main.TestCaseExecutor.execute(TestCaseExecutor.java:281)
	at com.kms.katalon.core.main.TestSuiteExecutor.accessTestCaseMainPhase(TestSuiteExecutor.java:202)
	at com.kms.katalon.core.main.TestSuiteExecutor.accessTestSuiteMainPhase(TestSuiteExecutor.java:164)
	at com.kms.katalon.core.main.TestSuiteExecutor.execute(TestSuiteExecutor.java:105)
	at com.kms.katalon.core.main.TestCaseMain.startTestSuite(TestCaseMain.java:185)
	at com.kms.katalon.core.main.TestCaseMain$startTestSuite$0.call(Unknown Source)
	at TempTestSuite1652457136180.run(TempTestSuite1652457136180.groovy:36)
Caused by: com.kms.katalon.core.exception.StepFailedException: com.kms.katalon.core.webui.exception.WebElementNotFoundException: Web element with id: 'Object Repository/WEB/Auth/Login/login_btn' located by '//*[@id="app"]/div/main/div/div/div/div[2]/form/div[3]/button' not found
	... 23 more


2022-05-13 22:52:22 - [TEST_STEP][PASSED] - openBrowser(""): Browser is opened with url: ''

2022-05-13 22:52:23 - [MESSAGE][INFO] - Starting 'Chrome' driver

2022-05-13 22:52:23 - [MESSAGE][INFO] - Action delay is set to 0 milliseconds

2022-05-13 22:52:27 - [MESSAGE][PASSED] - Browser is opened with url: ''

2022-05-13 22:52:27 - [TEST_STEP][PASSED] - maximizeWindow(): Current window maximized

2022-05-13 22:52:27 - [MESSAGE][PASSED] - Current window maximized

2022-05-13 22:52:27 - [TEST_STEP][PASSED] - navigateToUrl("https://qa.alta.id/"): Navigate to 'https://qa.alta.id/' successfully

2022-05-13 22:52:29 - [MESSAGE][PASSED] - Navigate to 'https://qa.alta.id/' successfully

2022-05-13 22:52:29 - [TEST_STEP][PASSED] - click(findTestObject("WEB/Auth/Login/login_ico")): Object: 'Object Repository/WEB/Auth/Login/login_ico' is clicked on

2022-05-13 22:52:34 - [MESSAGE][PASSED] - Object: 'Object Repository/WEB/Auth/Login/login_ico' is clicked on

2022-05-13 22:52:34 - [TEST_STEP][PASSED] - click(findTestObject("WEB/Auth/Register/register_a")): Object: 'Object Repository/WEB/Auth/Register/register_a' is clicked on

2022-05-13 22:52:35 - [MESSAGE][PASSED] - Object: 'Object Repository/WEB/Auth/Register/register_a' is clicked on

2022-05-13 22:52:35 - [TEST_STEP][FAILED] - for ([i = 1, i <= 7, (i++)]): com.kms.katalon.core.webui.exception.WebElementNotFoundException: Web element with id: 'Object Repository/WEB/Auth/Login/login_btn' located by '//*[@id="app"]/div/main/div/div/div/div[2]/form/div[3]/button' not found (Root cause: com.kms.katalon.core.exception.StepFailedException: com.kms.katalon.core.webui.exception.WebElementNotFoundException: Web element with id: 'Object Repository/WEB/Auth/Login/login_btn' located by '//*[@id="app"]/div/main/div/div/div/div[2]/form/div[3]/button' not found
	at com.kms.katalon.core.webui.keyword.internal.WebUIKeywordMain.stepFailed(WebUIKeywordMain.groovy:64)
	at com.kms.katalon.core.webui.keyword.builtin.VerifyElementPresentKeyword$_verifyElementPresent_closure1.doCall(VerifyElementPresentKeyword.groovy:85)
	at com.kms.katalon.core.webui.keyword.builtin.VerifyElementPresentKeyword$_verifyElementPresent_closure1.call(VerifyElementPresentKeyword.groovy)
	at com.kms.katalon.core.webui.keyword.internal.WebUIKeywordMain.runKeyword(WebUIKeywordMain.groovy:20)
	at com.kms.katalon.core.webui.keyword.builtin.VerifyElementPresentKeyword.verifyElementPresent(VerifyElementPresentKeyword.groovy:92)
	at com.kms.katalon.core.webui.keyword.builtin.VerifyElementPresentKeyword.execute(VerifyElementPresentKeyword.groovy:68)
	at com.kms.katalon.core.keyword.internal.KeywordExecutor.executeKeywordForPlatform(KeywordExecutor.groovy:74)
	at com.kms.katalon.core.webui.keyword.WebUiBuiltInKeywords.verifyElementPresent(WebUiBuiltInKeywords.groovy:1448)
	at com.kms.katalon.core.webui.keyword.WebUiBuiltInKeywords$verifyElementPresent$3.call(Unknown Source)
	at Register.run(Register:51)
	at com.kms.katalon.core.main.ScriptEngine.run(ScriptEngine.java:194)
	at com.kms.katalon.core.main.ScriptEngine.runScriptAsRawText(ScriptEngine.java:119)
	at com.kms.katalon.core.main.TestCaseExecutor.runScript(TestCaseExecutor.java:442)
	at com.kms.katalon.core.main.TestCaseExecutor.doExecute(TestCaseExecutor.java:433)
	at com.kms.katalon.core.main.TestCaseExecutor.processExecutionPhase(TestCaseExecutor.java:412)
	at com.kms.katalon.core.main.TestCaseExecutor.accessMainPhase(TestCaseExecutor.java:404)
	at com.kms.katalon.core.main.TestCaseExecutor.execute(TestCaseExecutor.java:281)
	at com.kms.katalon.core.main.TestSuiteExecutor.accessTestCaseMainPhase(TestSuiteExecutor.java:202)
	at com.kms.katalon.core.main.TestSuiteExecutor.accessTestSuiteMainPhase(TestSuiteExecutor.java:164)
	at com.kms.katalon.core.main.TestSuiteExecutor.execute(TestSuiteExecutor.java:105)
	at com.kms.katalon.core.main.TestCaseMain.startTestSuite(TestCaseMain.java:185)
	at com.kms.katalon.core.main.TestCaseMain$startTestSuite$0.call(Unknown Source)
	at TempTestSuite1652457136180.run(TempTestSuite1652457136180.groovy:36)
)

2022-05-13 22:52:35 - [TEST_STEP][PASSED] - if (findTestData("WEB/Register").getValue(1, i) != ""): null

2022-05-13 22:52:36 - [TEST_STEP][PASSED] - if (findTestData("WEB/Register").getValue(2, i) != ""): null

2022-05-13 22:52:36 - [TEST_STEP][PASSED] - if (findTestData("WEB/Register").getValue(3, i) != ""): null

2022-05-13 22:52:37 - [TEST_STEP][PASSED] - click(findTestObject("WEB/Auth/Register/register_btn")): Object: 'Object Repository/WEB/Auth/Register/register_btn' is clicked on

2022-05-13 22:52:37 - [MESSAGE][PASSED] - Object: 'Object Repository/WEB/Auth/Register/register_btn' is clicked on

2022-05-13 22:52:37 - [TEST_STEP][PASSED] - if (findTestData("WEB/Register").getValue(4, i) == "negative"): Navigate to 'https://qa.alta.id/auth/register' successfully

2022-05-13 22:52:37 - [TEST_STEP][PASSED] - verifyElementPresent(findTestObject("WEB/Auth/Register/alert_msg"), 2, CONTINUE_ON_FAILURE): Object 'Object Repository/WEB/Auth/Register/alert_msg' is present

2022-05-13 22:52:38 - [MESSAGE][PASSED] - Object 'Object Repository/WEB/Auth/Register/alert_msg' is present

2022-05-13 22:52:38 - [TEST_STEP][PASSED] - navigateToUrl("https://qa.alta.id/auth/register"): Navigate to 'https://qa.alta.id/auth/register' successfully

2022-05-13 22:52:38 - [MESSAGE][PASSED] - Navigate to 'https://qa.alta.id/auth/register' successfully

2022-05-13 22:52:38 - [TEST_STEP][PASSED] - if (findTestData("WEB/Register").getValue(1, i) != ""): null

2022-05-13 22:52:39 - [TEST_STEP][PASSED] - if (findTestData("WEB/Register").getValue(2, i) != ""): Text 'salsabila1@gmail.com' is set on object 'Object Repository/WEB/Auth/Register/email_txtbox'

2022-05-13 22:52:39 - [TEST_STEP][PASSED] - setText(findTestObject("WEB/Auth/Register/email_txtbox"), findTestData("WEB/Register").getValue(2, i)): Text 'salsabila1@gmail.com' is set on object 'Object Repository/WEB/Auth/Register/email_txtbox'

2022-05-13 22:52:40 - [MESSAGE][PASSED] - Text 'salsabila1@gmail.com' is set on object 'Object Repository/WEB/Auth/Register/email_txtbox'

2022-05-13 22:52:40 - [TEST_STEP][PASSED] - if (findTestData("WEB/Register").getValue(3, i) != ""): Text 'salsabila' is set on object 'Object Repository/WEB/Auth/Register/password_txtbox'

2022-05-13 22:52:40 - [TEST_STEP][PASSED] - setText(findTestObject("WEB/Auth/Register/password_txtbox"), findTestData("WEB/Register").getValue(3, i)): Text 'salsabila' is set on object 'Object Repository/WEB/Auth/Register/password_txtbox'

2022-05-13 22:52:41 - [MESSAGE][PASSED] - Text 'salsabila' is set on object 'Object Repository/WEB/Auth/Register/password_txtbox'

2022-05-13 22:52:41 - [TEST_STEP][PASSED] - click(findTestObject("WEB/Auth/Register/register_btn")): Object: 'Object Repository/WEB/Auth/Register/register_btn' is clicked on

2022-05-13 22:52:42 - [MESSAGE][PASSED] - Object: 'Object Repository/WEB/Auth/Register/register_btn' is clicked on

2022-05-13 22:52:42 - [TEST_STEP][PASSED] - if (findTestData("WEB/Register").getValue(4, i) == "negative"): Navigate to 'https://qa.alta.id/auth/register' successfully

2022-05-13 22:52:42 - [TEST_STEP][PASSED] - verifyElementPresent(findTestObject("WEB/Auth/Register/alert_msg"), 2, CONTINUE_ON_FAILURE): Object 'Object Repository/WEB/Auth/Register/alert_msg' is present

2022-05-13 22:52:42 - [MESSAGE][PASSED] - Object 'Object Repository/WEB/Auth/Register/alert_msg' is present

2022-05-13 22:52:42 - [TEST_STEP][PASSED] - navigateToUrl("https://qa.alta.id/auth/register"): Navigate to 'https://qa.alta.id/auth/register' successfully

2022-05-13 22:52:42 - [MESSAGE][PASSED] - Navigate to 'https://qa.alta.id/auth/register' successfully

2022-05-13 22:52:42 - [TEST_STEP][PASSED] - if (findTestData("WEB/Register").getValue(1, i) != ""): Text 'Salsabila' is set on object 'Object Repository/WEB/Auth/Register/fullname_txtbox'

2022-05-13 22:52:43 - [TEST_STEP][PASSED] - setText(findTestObject("WEB/Auth/Register/fullname_txtbox"), findTestData("WEB/Register").getValue(1, i)): Text 'Salsabila' is set on object 'Object Repository/WEB/Auth/Register/fullname_txtbox'

2022-05-13 22:52:44 - [MESSAGE][PASSED] - Text 'Salsabila' is set on object 'Object Repository/WEB/Auth/Register/fullname_txtbox'

2022-05-13 22:52:44 - [TEST_STEP][PASSED] - if (findTestData("WEB/Register").getValue(2, i) != ""): null

2022-05-13 22:52:44 - [TEST_STEP][PASSED] - if (findTestData("WEB/Register").getValue(3, i) != ""): Text 'salsabila' is set on object 'Object Repository/WEB/Auth/Register/password_txtbox'

2022-05-13 22:52:44 - [TEST_STEP][PASSED] - setText(findTestObject("WEB/Auth/Register/password_txtbox"), findTestData("WEB/Register").getValue(3, i)): Text 'salsabila' is set on object 'Object Repository/WEB/Auth/Register/password_txtbox'

2022-05-13 22:52:45 - [MESSAGE][PASSED] - Text 'salsabila' is set on object 'Object Repository/WEB/Auth/Register/password_txtbox'

2022-05-13 22:52:45 - [TEST_STEP][PASSED] - click(findTestObject("WEB/Auth/Register/register_btn")): Object: 'Object Repository/WEB/Auth/Register/register_btn' is clicked on

2022-05-13 22:52:45 - [MESSAGE][PASSED] - Object: 'Object Repository/WEB/Auth/Register/register_btn' is clicked on

2022-05-13 22:52:45 - [TEST_STEP][PASSED] - if (findTestData("WEB/Register").getValue(4, i) == "negative"): Navigate to 'https://qa.alta.id/auth/register' successfully

2022-05-13 22:52:45 - [TEST_STEP][PASSED] - verifyElementPresent(findTestObject("WEB/Auth/Register/alert_msg"), 2, CONTINUE_ON_FAILURE): Object 'Object Repository/WEB/Auth/Register/alert_msg' is present

2022-05-13 22:52:46 - [MESSAGE][PASSED] - Object 'Object Repository/WEB/Auth/Register/alert_msg' is present

2022-05-13 22:52:46 - [TEST_STEP][PASSED] - navigateToUrl("https://qa.alta.id/auth/register"): Navigate to 'https://qa.alta.id/auth/register' successfully

2022-05-13 22:52:47 - [MESSAGE][PASSED] - Navigate to 'https://qa.alta.id/auth/register' successfully

2022-05-13 22:52:47 - [TEST_STEP][PASSED] - if (findTestData("WEB/Register").getValue(1, i) != ""): Text 'Salsabila' is set on object 'Object Repository/WEB/Auth/Register/fullname_txtbox'

2022-05-13 22:52:47 - [TEST_STEP][PASSED] - setText(findTestObject("WEB/Auth/Register/fullname_txtbox"), findTestData("WEB/Register").getValue(1, i)): Text 'Salsabila' is set on object 'Object Repository/WEB/Auth/Register/fullname_txtbox'

2022-05-13 22:52:48 - [MESSAGE][PASSED] - Text 'Salsabila' is set on object 'Object Repository/WEB/Auth/Register/fullname_txtbox'

2022-05-13 22:52:48 - [TEST_STEP][PASSED] - if (findTestData("WEB/Register").getValue(2, i) != ""): Text 'salsabila1@gmail.com' is set on object 'Object Repository/WEB/Auth/Register/email_txtbox'

2022-05-13 22:52:48 - [TEST_STEP][PASSED] - setText(findTestObject("WEB/Auth/Register/email_txtbox"), findTestData("WEB/Register").getValue(2, i)): Text 'salsabila1@gmail.com' is set on object 'Object Repository/WEB/Auth/Register/email_txtbox'

2022-05-13 22:52:49 - [MESSAGE][PASSED] - Text 'salsabila1@gmail.com' is set on object 'Object Repository/WEB/Auth/Register/email_txtbox'

2022-05-13 22:52:49 - [TEST_STEP][PASSED] - if (findTestData("WEB/Register").getValue(3, i) != ""): null

2022-05-13 22:52:49 - [TEST_STEP][PASSED] - click(findTestObject("WEB/Auth/Register/register_btn")): Object: 'Object Repository/WEB/Auth/Register/register_btn' is clicked on

2022-05-13 22:52:50 - [MESSAGE][PASSED] - Object: 'Object Repository/WEB/Auth/Register/register_btn' is clicked on

2022-05-13 22:52:50 - [TEST_STEP][PASSED] - if (findTestData("WEB/Register").getValue(4, i) == "negative"): Navigate to 'https://qa.alta.id/auth/register' successfully

2022-05-13 22:52:50 - [TEST_STEP][PASSED] - verifyElementPresent(findTestObject("WEB/Auth/Register/alert_msg"), 2, CONTINUE_ON_FAILURE): Object 'Object Repository/WEB/Auth/Register/alert_msg' is present

2022-05-13 22:52:51 - [MESSAGE][PASSED] - Object 'Object Repository/WEB/Auth/Register/alert_msg' is present

2022-05-13 22:52:51 - [TEST_STEP][PASSED] - navigateToUrl("https://qa.alta.id/auth/register"): Navigate to 'https://qa.alta.id/auth/register' successfully

2022-05-13 22:52:51 - [MESSAGE][PASSED] - Navigate to 'https://qa.alta.id/auth/register' successfully

2022-05-13 22:52:51 - [TEST_STEP][PASSED] - if (findTestData("WEB/Register").getValue(1, i) != ""): Text 'Salsabila' is set on object 'Object Repository/WEB/Auth/Register/fullname_txtbox'

2022-05-13 22:52:51 - [TEST_STEP][PASSED] - setText(findTestObject("WEB/Auth/Register/fullname_txtbox"), findTestData("WEB/Register").getValue(1, i)): Text 'Salsabila' is set on object 'Object Repository/WEB/Auth/Register/fullname_txtbox'

2022-05-13 22:52:52 - [MESSAGE][PASSED] - Text 'Salsabila' is set on object 'Object Repository/WEB/Auth/Register/fullname_txtbox'

2022-05-13 22:52:52 - [TEST_STEP][PASSED] - if (findTestData("WEB/Register").getValue(2, i) != ""): Text 'salsa@gmail.com' is set on object 'Object Repository/WEB/Auth/Register/email_txtbox'

2022-05-13 22:52:52 - [TEST_STEP][PASSED] - setText(findTestObject("WEB/Auth/Register/email_txtbox"), findTestData("WEB/Register").getValue(2, i)): Text 'salsa@gmail.com' is set on object 'Object Repository/WEB/Auth/Register/email_txtbox'

2022-05-13 22:52:53 - [MESSAGE][PASSED] - Text 'salsa@gmail.com' is set on object 'Object Repository/WEB/Auth/Register/email_txtbox'

2022-05-13 22:52:54 - [TEST_STEP][PASSED] - if (findTestData("WEB/Register").getValue(3, i) != ""): Text 'salsa' is set on object 'Object Repository/WEB/Auth/Register/password_txtbox'

2022-05-13 22:52:54 - [TEST_STEP][PASSED] - setText(findTestObject("WEB/Auth/Register/password_txtbox"), findTestData("WEB/Register").getValue(3, i)): Text 'salsa' is set on object 'Object Repository/WEB/Auth/Register/password_txtbox'

2022-05-13 22:52:55 - [MESSAGE][PASSED] - Text 'salsa' is set on object 'Object Repository/WEB/Auth/Register/password_txtbox'

2022-05-13 22:52:55 - [TEST_STEP][PASSED] - click(findTestObject("WEB/Auth/Register/register_btn")): Object: 'Object Repository/WEB/Auth/Register/register_btn' is clicked on

2022-05-13 22:52:55 - [MESSAGE][PASSED] - Object: 'Object Repository/WEB/Auth/Register/register_btn' is clicked on

2022-05-13 22:52:55 - [TEST_STEP][PASSED] - if (findTestData("WEB/Register").getValue(4, i) == "negative"): Navigate to 'https://qa.alta.id/auth/register' successfully

2022-05-13 22:52:55 - [TEST_STEP][PASSED] - verifyElementPresent(findTestObject("WEB/Auth/Register/alert_msg"), 2, CONTINUE_ON_FAILURE): Object 'Object Repository/WEB/Auth/Register/alert_msg' is present

2022-05-13 22:52:56 - [MESSAGE][PASSED] - Object 'Object Repository/WEB/Auth/Register/alert_msg' is present

2022-05-13 22:52:56 - [TEST_STEP][PASSED] - navigateToUrl("https://qa.alta.id/auth/register"): Navigate to 'https://qa.alta.id/auth/register' successfully

2022-05-13 22:52:57 - [MESSAGE][PASSED] - Navigate to 'https://qa.alta.id/auth/register' successfully

2022-05-13 22:52:57 - [TEST_STEP][PASSED] - if (findTestData("WEB/Register").getValue(1, i) != ""): Text 'Salsabila' is set on object 'Object Repository/WEB/Auth/Register/fullname_txtbox'

2022-05-13 22:52:57 - [TEST_STEP][PASSED] - setText(findTestObject("WEB/Auth/Register/fullname_txtbox"), findTestData("WEB/Register").getValue(1, i)): Text 'Salsabila' is set on object 'Object Repository/WEB/Auth/Register/fullname_txtbox'

2022-05-13 22:52:58 - [MESSAGE][PASSED] - Text 'Salsabila' is set on object 'Object Repository/WEB/Auth/Register/fullname_txtbox'

2022-05-13 22:52:58 - [TEST_STEP][PASSED] - if (findTestData("WEB/Register").getValue(2, i) != ""): Text 'emailsalsa2' is set on object 'Object Repository/WEB/Auth/Register/email_txtbox'

2022-05-13 22:52:58 - [TEST_STEP][PASSED] - setText(findTestObject("WEB/Auth/Register/email_txtbox"), findTestData("WEB/Register").getValue(2, i)): Text 'emailsalsa2' is set on object 'Object Repository/WEB/Auth/Register/email_txtbox'

2022-05-13 22:52:59 - [MESSAGE][PASSED] - Text 'emailsalsa2' is set on object 'Object Repository/WEB/Auth/Register/email_txtbox'

2022-05-13 22:52:59 - [TEST_STEP][PASSED] - if (findTestData("WEB/Register").getValue(3, i) != ""): Text 'salsabila' is set on object 'Object Repository/WEB/Auth/Register/password_txtbox'

2022-05-13 22:52:59 - [TEST_STEP][PASSED] - setText(findTestObject("WEB/Auth/Register/password_txtbox"), findTestData("WEB/Register").getValue(3, i)): Text 'salsabila' is set on object 'Object Repository/WEB/Auth/Register/password_txtbox'

2022-05-13 22:53:00 - [MESSAGE][PASSED] - Text 'salsabila' is set on object 'Object Repository/WEB/Auth/Register/password_txtbox'

2022-05-13 22:53:00 - [TEST_STEP][PASSED] - click(findTestObject("WEB/Auth/Register/register_btn")): Object: 'Object Repository/WEB/Auth/Register/register_btn' is clicked on

2022-05-13 22:53:01 - [MESSAGE][PASSED] - Object: 'Object Repository/WEB/Auth/Register/register_btn' is clicked on

2022-05-13 22:53:01 - [TEST_STEP][PASSED] - if (findTestData("WEB/Register").getValue(4, i) == "negative"): Navigate to 'https://qa.alta.id/auth/register' successfully

2022-05-13 22:53:01 - [TEST_STEP][PASSED] - verifyElementPresent(findTestObject("WEB/Auth/Register/alert_msg"), 2, CONTINUE_ON_FAILURE): Object 'Object Repository/WEB/Auth/Register/alert_msg' is present

2022-05-13 22:53:02 - [MESSAGE][PASSED] - Object 'Object Repository/WEB/Auth/Register/alert_msg' is present

2022-05-13 22:53:02 - [TEST_STEP][PASSED] - navigateToUrl("https://qa.alta.id/auth/register"): Navigate to 'https://qa.alta.id/auth/register' successfully

2022-05-13 22:53:02 - [MESSAGE][PASSED] - Navigate to 'https://qa.alta.id/auth/register' successfully

2022-05-13 22:53:02 - [TEST_STEP][PASSED] - if (findTestData("WEB/Register").getValue(1, i) != ""): Text 'Salsabila' is set on object 'Object Repository/WEB/Auth/Register/fullname_txtbox'

2022-05-13 22:53:02 - [TEST_STEP][PASSED] - setText(findTestObject("WEB/Auth/Register/fullname_txtbox"), findTestData("WEB/Register").getValue(1, i)): Text 'Salsabila' is set on object 'Object Repository/WEB/Auth/Register/fullname_txtbox'

2022-05-13 22:53:04 - [MESSAGE][PASSED] - Text 'Salsabila' is set on object 'Object Repository/WEB/Auth/Register/fullname_txtbox'

2022-05-13 22:53:04 - [TEST_STEP][PASSED] - if (findTestData("WEB/Register").getValue(2, i) != ""): Text 'emailsalsaaaa@gmail.com' is set on object 'Object Repository/WEB/Auth/Register/email_txtbox'

2022-05-13 22:53:04 - [TEST_STEP][PASSED] - setText(findTestObject("WEB/Auth/Register/email_txtbox"), findTestData("WEB/Register").getValue(2, i)): Text 'emailsalsaaaa@gmail.com' is set on object 'Object Repository/WEB/Auth/Register/email_txtbox'

2022-05-13 22:53:05 - [MESSAGE][PASSED] - Text 'emailsalsaaaa@gmail.com' is set on object 'Object Repository/WEB/Auth/Register/email_txtbox'

2022-05-13 22:53:05 - [TEST_STEP][PASSED] - if (findTestData("WEB/Register").getValue(3, i) != ""): Text 'sabila' is set on object 'Object Repository/WEB/Auth/Register/password_txtbox'

2022-05-13 22:53:05 - [TEST_STEP][PASSED] - setText(findTestObject("WEB/Auth/Register/password_txtbox"), findTestData("WEB/Register").getValue(3, i)): Text 'sabila' is set on object 'Object Repository/WEB/Auth/Register/password_txtbox'

2022-05-13 22:53:06 - [MESSAGE][PASSED] - Text 'sabila' is set on object 'Object Repository/WEB/Auth/Register/password_txtbox'

2022-05-13 22:53:06 - [TEST_STEP][PASSED] - click(findTestObject("WEB/Auth/Register/register_btn")): Object: 'Object Repository/WEB/Auth/Register/register_btn' is clicked on

2022-05-13 22:53:07 - [MESSAGE][PASSED] - Object: 'Object Repository/WEB/Auth/Register/register_btn' is clicked on

2022-05-13 22:53:07 - [TEST_STEP][PASSED] - if (findTestData("WEB/Register").getValue(4, i) == "negative"): null

2022-05-13 22:53:07 - [TEST_STEP][FAILED] - else: com.kms.katalon.core.webui.exception.WebElementNotFoundException: Web element with id: 'Object Repository/WEB/Auth/Login/login_btn' located by '//*[@id="app"]/div/main/div/div/div/div[2]/form/div[3]/button' not found (Root cause: com.kms.katalon.core.exception.StepFailedException: com.kms.katalon.core.webui.exception.WebElementNotFoundException: Web element with id: 'Object Repository/WEB/Auth/Login/login_btn' located by '//*[@id="app"]/div/main/div/div/div/div[2]/form/div[3]/button' not found
	at com.kms.katalon.core.webui.keyword.internal.WebUIKeywordMain.stepFailed(WebUIKeywordMain.groovy:64)
	at com.kms.katalon.core.webui.keyword.builtin.VerifyElementPresentKeyword$_verifyElementPresent_closure1.doCall(VerifyElementPresentKeyword.groovy:85)
	at com.kms.katalon.core.webui.keyword.builtin.VerifyElementPresentKeyword$_verifyElementPresent_closure1.call(VerifyElementPresentKeyword.groovy)
	at com.kms.katalon.core.webui.keyword.internal.WebUIKeywordMain.runKeyword(WebUIKeywordMain.groovy:20)
	at com.kms.katalon.core.webui.keyword.builtin.VerifyElementPresentKeyword.verifyElementPresent(VerifyElementPresentKeyword.groovy:92)
	at com.kms.katalon.core.webui.keyword.builtin.VerifyElementPresentKeyword.execute(VerifyElementPresentKeyword.groovy:68)
	at com.kms.katalon.core.keyword.internal.KeywordExecutor.executeKeywordForPlatform(KeywordExecutor.groovy:74)
	at com.kms.katalon.core.webui.keyword.WebUiBuiltInKeywords.verifyElementPresent(WebUiBuiltInKeywords.groovy:1448)
	at com.kms.katalon.core.webui.keyword.WebUiBuiltInKeywords$verifyElementPresent$3.call(Unknown Source)
	at Register.run(Register:51)
	at com.kms.katalon.core.main.ScriptEngine.run(ScriptEngine.java:194)
	at com.kms.katalon.core.main.ScriptEngine.runScriptAsRawText(ScriptEngine.java:119)
	at com.kms.katalon.core.main.TestCaseExecutor.runScript(TestCaseExecutor.java:442)
	at com.kms.katalon.core.main.TestCaseExecutor.doExecute(TestCaseExecutor.java:433)
	at com.kms.katalon.core.main.TestCaseExecutor.processExecutionPhase(TestCaseExecutor.java:412)
	at com.kms.katalon.core.main.TestCaseExecutor.accessMainPhase(TestCaseExecutor.java:404)
	at com.kms.katalon.core.main.TestCaseExecutor.execute(TestCaseExecutor.java:281)
	at com.kms.katalon.core.main.TestSuiteExecutor.accessTestCaseMainPhase(TestSuiteExecutor.java:202)
	at com.kms.katalon.core.main.TestSuiteExecutor.accessTestSuiteMainPhase(TestSuiteExecutor.java:164)
	at com.kms.katalon.core.main.TestSuiteExecutor.execute(TestSuiteExecutor.java:105)
	at com.kms.katalon.core.main.TestCaseMain.startTestSuite(TestCaseMain.java:185)
	at com.kms.katalon.core.main.TestCaseMain$startTestSuite$0.call(Unknown Source)
	at TempTestSuite1652457136180.run(TempTestSuite1652457136180.groovy:36)
)

2022-05-13 22:53:07 - [TEST_STEP][FAILED] - verifyElementPresent(findTestObject("WEB/Auth/Login/login_btn"), 2, CONTINUE_ON_FAILURE): com.kms.katalon.core.webui.exception.WebElementNotFoundException: Web element with id: 'Object Repository/WEB/Auth/Login/login_btn' located by '//*[@id="app"]/div/main/div/div/div/div[2]/form/div[3]/button' not found (Root cause: com.kms.katalon.core.exception.StepFailedException: com.kms.katalon.core.webui.exception.WebElementNotFoundException: Web element with id: 'Object Repository/WEB/Auth/Login/login_btn' located by '//*[@id="app"]/div/main/div/div/div/div[2]/form/div[3]/button' not found
	at com.kms.katalon.core.webui.keyword.internal.WebUIKeywordMain.stepFailed(WebUIKeywordMain.groovy:64)
	at com.kms.katalon.core.webui.keyword.builtin.VerifyElementPresentKeyword$_verifyElementPresent_closure1.doCall(VerifyElementPresentKeyword.groovy:85)
	at com.kms.katalon.core.webui.keyword.builtin.VerifyElementPresentKeyword$_verifyElementPresent_closure1.call(VerifyElementPresentKeyword.groovy)
	at com.kms.katalon.core.webui.keyword.internal.WebUIKeywordMain.runKeyword(WebUIKeywordMain.groovy:20)
	at com.kms.katalon.core.webui.keyword.builtin.VerifyElementPresentKeyword.verifyElementPresent(VerifyElementPresentKeyword.groovy:92)
	at com.kms.katalon.core.webui.keyword.builtin.VerifyElementPresentKeyword.execute(VerifyElementPresentKeyword.groovy:68)
	at com.kms.katalon.core.keyword.internal.KeywordExecutor.executeKeywordForPlatform(KeywordExecutor.groovy:74)
	at com.kms.katalon.core.webui.keyword.WebUiBuiltInKeywords.verifyElementPresent(WebUiBuiltInKeywords.groovy:1448)
	at com.kms.katalon.core.webui.keyword.WebUiBuiltInKeywords$verifyElementPresent$3.call(Unknown Source)
	at Register.run(Register:51)
	at com.kms.katalon.core.main.ScriptEngine.run(ScriptEngine.java:194)
	at com.kms.katalon.core.main.ScriptEngine.runScriptAsRawText(ScriptEngine.java:119)
	at com.kms.katalon.core.main.TestCaseExecutor.runScript(TestCaseExecutor.java:442)
	at com.kms.katalon.core.main.TestCaseExecutor.doExecute(TestCaseExecutor.java:433)
	at com.kms.katalon.core.main.TestCaseExecutor.processExecutionPhase(TestCaseExecutor.java:412)
	at com.kms.katalon.core.main.TestCaseExecutor.accessMainPhase(TestCaseExecutor.java:404)
	at com.kms.katalon.core.main.TestCaseExecutor.execute(TestCaseExecutor.java:281)
	at com.kms.katalon.core.main.TestSuiteExecutor.accessTestCaseMainPhase(TestSuiteExecutor.java:202)
	at com.kms.katalon.core.main.TestSuiteExecutor.accessTestSuiteMainPhase(TestSuiteExecutor.java:164)
	at com.kms.katalon.core.main.TestSuiteExecutor.execute(TestSuiteExecutor.java:105)
	at com.kms.katalon.core.main.TestCaseMain.startTestSuite(TestCaseMain.java:185)
	at com.kms.katalon.core.main.TestCaseMain$startTestSuite$0.call(Unknown Source)
	at TempTestSuite1652457136180.run(TempTestSuite1652457136180.groovy:36)
)

2022-05-13 22:53:10 - [MESSAGE][INFO] - Unable to find the element located by 'By.xpath: //*[@id="app"]/div/main/div/div/div/div[2]/form/div[3]/button'. Please recheck the objects properties to make sure the desired element is located. 

2022-05-13 22:53:10 - [MESSAGE][FAILED] - com.kms.katalon.core.webui.exception.WebElementNotFoundException: Web element with id: 'Object Repository/WEB/Auth/Login/login_btn' located by '//*[@id="app"]/div/main/div/div/div/div[2]/form/div[3]/button' not found (Root cause: com.kms.katalon.core.exception.StepFailedException: com.kms.katalon.core.webui.exception.WebElementNotFoundException: Web element with id: 'Object Repository/WEB/Auth/Login/login_btn' located by '//*[@id="app"]/div/main/div/div/div/div[2]/form/div[3]/button' not found
	at com.kms.katalon.core.webui.keyword.internal.WebUIKeywordMain.stepFailed(WebUIKeywordMain.groovy:64)
	at com.kms.katalon.core.webui.keyword.builtin.VerifyElementPresentKeyword$_verifyElementPresent_closure1.doCall(VerifyElementPresentKeyword.groovy:85)
	at com.kms.katalon.core.webui.keyword.builtin.VerifyElementPresentKeyword$_verifyElementPresent_closure1.call(VerifyElementPresentKeyword.groovy)
	at com.kms.katalon.core.webui.keyword.internal.WebUIKeywordMain.runKeyword(WebUIKeywordMain.groovy:20)
	at com.kms.katalon.core.webui.keyword.builtin.VerifyElementPresentKeyword.verifyElementPresent(VerifyElementPresentKeyword.groovy:92)
	at com.kms.katalon.core.webui.keyword.builtin.VerifyElementPresentKeyword.execute(VerifyElementPresentKeyword.groovy:68)
	at com.kms.katalon.core.keyword.internal.KeywordExecutor.executeKeywordForPlatform(KeywordExecutor.groovy:74)
	at com.kms.katalon.core.webui.keyword.WebUiBuiltInKeywords.verifyElementPresent(WebUiBuiltInKeywords.groovy:1448)
	at com.kms.katalon.core.webui.keyword.WebUiBuiltInKeywords$verifyElementPresent$3.call(Unknown Source)
	at Register.run(Register:51)
	at com.kms.katalon.core.main.ScriptEngine.run(ScriptEngine.java:194)
	at com.kms.katalon.core.main.ScriptEngine.runScriptAsRawText(ScriptEngine.java:119)
	at com.kms.katalon.core.main.TestCaseExecutor.runScript(TestCaseExecutor.java:442)
	at com.kms.katalon.core.main.TestCaseExecutor.doExecute(TestCaseExecutor.java:433)
	at com.kms.katalon.core.main.TestCaseExecutor.processExecutionPhase(TestCaseExecutor.java:412)
	at com.kms.katalon.core.main.TestCaseExecutor.accessMainPhase(TestCaseExecutor.java:404)
	at com.kms.katalon.core.main.TestCaseExecutor.execute(TestCaseExecutor.java:281)
	at com.kms.katalon.core.main.TestSuiteExecutor.accessTestCaseMainPhase(TestSuiteExecutor.java:202)
	at com.kms.katalon.core.main.TestSuiteExecutor.accessTestSuiteMainPhase(TestSuiteExecutor.java:164)
	at com.kms.katalon.core.main.TestSuiteExecutor.execute(TestSuiteExecutor.java:105)
	at com.kms.katalon.core.main.TestCaseMain.startTestSuite(TestCaseMain.java:185)
	at com.kms.katalon.core.main.TestCaseMain$startTestSuite$0.call(Unknown Source)
	at TempTestSuite1652457136180.run(TempTestSuite1652457136180.groovy:36)
)
[[ATTACHMENT|F:\\1. UNNES\\6. Semester 6\\2 - MSIB\\final-project-qe-alta4\\final-project-qe-alta\\Reports\\20220513_225216\\WEB\\WEB\\20220513_225216\\1652457190627.png]]

2022-05-13 22:53:10 - [TEST_STEP][PASSED] - closeBrowser(): Browser is closed

2022-05-13 22:53:12 - [MESSAGE][PASSED] - Browser is closed]]></system-out>
         <system-err><![CDATA[2022-05-13 22:52:21 - [TEST_CASE][FAILED] - Test Cases/WEB/Auth/Register: Test Cases/WEB/Auth/Register FAILED.
Reason:
com.kms.katalon.core.exception.StepFailedException: com.kms.katalon.core.webui.exception.WebElementNotFoundException: Web element with id: 'Object Repository/WEB/Auth/Login/login_btn' located by '//*[@id="app"]/div/main/div/div/div/div[2]/form/div[3]/button' not found (Root cause: com.kms.katalon.core.exception.StepFailedException: com.kms.katalon.core.webui.exception.WebElementNotFoundException: Web element with id: 'Object Repository/WEB/Auth/Login/login_btn' located by '//*[@id="app"]/div/main/div/div/div/div[2]/form/div[3]/button' not found
	at com.kms.katalon.core.webui.keyword.internal.WebUIKeywordMain.stepFailed(WebUIKeywordMain.groovy:64)
	at com.kms.katalon.core.webui.keyword.builtin.VerifyElementPresentKeyword$_verifyElementPresent_closure1.doCall(VerifyElementPresentKeyword.groovy:85)
	at com.kms.katalon.core.webui.keyword.builtin.VerifyElementPresentKeyword$_verifyElementPresent_closure1.call(VerifyElementPresentKeyword.groovy)
	at com.kms.katalon.core.webui.keyword.internal.WebUIKeywordMain.runKeyword(WebUIKeywordMain.groovy:20)
	at com.kms.katalon.core.webui.keyword.builtin.VerifyElementPresentKeyword.verifyElementPresent(VerifyElementPresentKeyword.groovy:92)
	at com.kms.katalon.core.webui.keyword.builtin.VerifyElementPresentKeyword.execute(VerifyElementPresentKeyword.groovy:68)
	at com.kms.katalon.core.keyword.internal.KeywordExecutor.executeKeywordForPlatform(KeywordExecutor.groovy:74)
	at com.kms.katalon.core.webui.keyword.WebUiBuiltInKeywords.verifyElementPresent(WebUiBuiltInKeywords.groovy:1448)
	at com.kms.katalon.core.webui.keyword.WebUiBuiltInKeywords$verifyElementPresent$3.call(Unknown Source)
	at Register.run(Register:51)
	at com.kms.katalon.core.main.ScriptEngine.run(ScriptEngine.java:194)
	at com.kms.katalon.core.main.ScriptEngine.runScriptAsRawText(ScriptEngine.java:119)
	at com.kms.katalon.core.main.TestCaseExecutor.runScript(TestCaseExecutor.java:442)
	at com.kms.katalon.core.main.TestCaseExecutor.doExecute(TestCaseExecutor.java:433)
	at com.kms.katalon.core.main.TestCaseExecutor.processExecutionPhase(TestCaseExecutor.java:412)
	at com.kms.katalon.core.main.TestCaseExecutor.accessMainPhase(TestCaseExecutor.java:404)
	at com.kms.katalon.core.main.TestCaseExecutor.execute(TestCaseExecutor.java:281)
	at com.kms.katalon.core.main.TestSuiteExecutor.accessTestCaseMainPhase(TestSuiteExecutor.java:202)
	at com.kms.katalon.core.main.TestSuiteExecutor.accessTestSuiteMainPhase(TestSuiteExecutor.java:164)
	at com.kms.katalon.core.main.TestSuiteExecutor.execute(TestSuiteExecutor.java:105)
	at com.kms.katalon.core.main.TestCaseMain.startTestSuite(TestCaseMain.java:185)
	at com.kms.katalon.core.main.TestCaseMain$startTestSuite$0.call(Unknown Source)
	at TempTestSuite1652457136180.run(TempTestSuite1652457136180.groovy:36)
)
	at com.kms.katalon.core.keyword.internal.KeywordMain.stepFailed(KeywordMain.groovy:39)
	at com.kms.katalon.core.webui.keyword.internal.WebUIKeywordMain.stepFailed(WebUIKeywordMain.groovy:64)
	at com.kms.katalon.core.webui.keyword.builtin.VerifyElementPresentKeyword$_verifyElementPresent_closure1.doCall(VerifyElementPresentKeyword.groovy:85)
	at com.kms.katalon.core.webui.keyword.builtin.VerifyElementPresentKeyword$_verifyElementPresent_closure1.call(VerifyElementPresentKeyword.groovy)
	at com.kms.katalon.core.webui.keyword.internal.WebUIKeywordMain.runKeyword(WebUIKeywordMain.groovy:20)
	at com.kms.katalon.core.webui.keyword.builtin.VerifyElementPresentKeyword.verifyElementPresent(VerifyElementPresentKeyword.groovy:92)
	at com.kms.katalon.core.webui.keyword.builtin.VerifyElementPresentKeyword.execute(VerifyElementPresentKeyword.groovy:68)
	at com.kms.katalon.core.keyword.internal.KeywordExecutor.executeKeywordForPlatform(KeywordExecutor.groovy:74)
	at com.kms.katalon.core.webui.keyword.WebUiBuiltInKeywords.verifyElementPresent(WebUiBuiltInKeywords.groovy:1448)
	at com.kms.katalon.core.webui.keyword.WebUiBuiltInKeywords$verifyElementPresent$3.call(Unknown Source)
	at Register.run(Register:51)
	at com.kms.katalon.core.main.ScriptEngine.run(ScriptEngine.java:194)
	at com.kms.katalon.core.main.ScriptEngine.runScriptAsRawText(ScriptEngine.java:119)
	at com.kms.katalon.core.main.TestCaseExecutor.runScript(TestCaseExecutor.java:442)
	at com.kms.katalon.core.main.TestCaseExecutor.doExecute(TestCaseExecutor.java:433)
	at com.kms.katalon.core.main.TestCaseExecutor.processExecutionPhase(TestCaseExecutor.java:412)
	at com.kms.katalon.core.main.TestCaseExecutor.accessMainPhase(TestCaseExecutor.java:404)
	at com.kms.katalon.core.main.TestCaseExecutor.execute(TestCaseExecutor.java:281)
	at com.kms.katalon.core.main.TestSuiteExecutor.accessTestCaseMainPhase(TestSuiteExecutor.java:202)
	at com.kms.katalon.core.main.TestSuiteExecutor.accessTestSuiteMainPhase(TestSuiteExecutor.java:164)
	at com.kms.katalon.core.main.TestSuiteExecutor.execute(TestSuiteExecutor.java:105)
	at com.kms.katalon.core.main.TestCaseMain.startTestSuite(TestCaseMain.java:185)
	at com.kms.katalon.core.main.TestCaseMain$startTestSuite$0.call(Unknown Source)
	at TempTestSuite1652457136180.run(TempTestSuite1652457136180.groovy:36)
Caused by: com.kms.katalon.core.exception.StepFailedException: com.kms.katalon.core.webui.exception.WebElementNotFoundException: Web element with id: 'Object Repository/WEB/Auth/Login/login_btn' located by '//*[@id="app"]/div/main/div/div/div/div[2]/form/div[3]/button' not found
	... 23 more]]></system-err>
      </testcase>
      <testcase name="Test Cases/WEB/Auth/Login" time="76.519" classname="Test Cases/WEB/Auth/Login" status="PASSED">
         <system-out><![CDATA[2022-05-13 22:53:12 - [TEST_CASE][PASSED] - Test Cases/WEB/Auth/Login: Test Cases/WEB/Auth/Login

2022-05-13 22:53:12 - [TEST_STEP][PASSED] - openBrowser(""): Browser is opened with url: ''

2022-05-13 22:53:12 - [MESSAGE][INFO] - Starting 'Chrome' driver

2022-05-13 22:53:12 - [MESSAGE][INFO] - Action delay is set to 0 milliseconds

2022-05-13 22:53:14 - [MESSAGE][PASSED] - Browser is opened with url: ''

2022-05-13 22:53:14 - [TEST_STEP][PASSED] - for ([i = 1, i <= 6, (i++)]): Object 'Object Repository/WEB/Auth/Logout/user_ico' is present

2022-05-13 22:53:14 - [TEST_STEP][PASSED] - navigateToUrl("https://qa.alta.id/"): Navigate to 'https://qa.alta.id/' successfully

2022-05-13 22:53:16 - [MESSAGE][PASSED] - Navigate to 'https://qa.alta.id/' successfully

2022-05-13 22:53:16 - [TEST_STEP][PASSED] - click(findTestObject("WEB/Auth/Login/login_ico")): Object: 'Object Repository/WEB/Auth/Login/login_ico' is clicked on

2022-05-13 22:53:22 - [MESSAGE][PASSED] - Object: 'Object Repository/WEB/Auth/Login/login_ico' is clicked on

2022-05-13 22:53:22 - [TEST_STEP][PASSED] - setText(findTestObject("WEB/Auth/Login/email_txtbox"), findTestData("WEB/Login").getValue(1, i)): Text '' is set on object 'Object Repository/WEB/Auth/Login/email_txtbox'

2022-05-13 22:53:24 - [MESSAGE][PASSED] - Text '' is set on object 'Object Repository/WEB/Auth/Login/email_txtbox'

2022-05-13 22:53:24 - [TEST_STEP][PASSED] - setText(findTestObject("WEB/Auth/Login/password_txtbox"), findTestData("WEB/Login").getValue(2, i)): Text '' is set on object 'Object Repository/WEB/Auth/Login/password_txtbox'

2022-05-13 22:53:24 - [MESSAGE][PASSED] - Text '' is set on object 'Object Repository/WEB/Auth/Login/password_txtbox'

2022-05-13 22:53:24 - [TEST_STEP][PASSED] - click(findTestObject("WEB/Auth/Login/login_btn")): Object: 'Object Repository/WEB/Auth/Login/login_btn' is clicked on

2022-05-13 22:53:25 - [MESSAGE][PASSED] - Object: 'Object Repository/WEB/Auth/Login/login_btn' is clicked on

2022-05-13 22:53:25 - [TEST_STEP][PASSED] - if (findTestData("WEB/Login").getValue(3, i) == "negative"): Object 'Object Repository/WEB/Auth/Login/alert_msg' is present

2022-05-13 22:53:25 - [TEST_STEP][PASSED] - verifyElementPresent(findTestObject("WEB/Auth/Login/alert_msg"), 2, CONTINUE_ON_FAILURE): Object 'Object Repository/WEB/Auth/Login/alert_msg' is present

2022-05-13 22:53:26 - [MESSAGE][PASSED] - Object 'Object Repository/WEB/Auth/Login/alert_msg' is present

2022-05-13 22:53:26 - [TEST_STEP][PASSED] - navigateToUrl("https://qa.alta.id/"): Navigate to 'https://qa.alta.id/' successfully

2022-05-13 22:53:27 - [MESSAGE][PASSED] - Navigate to 'https://qa.alta.id/' successfully

2022-05-13 22:53:27 - [TEST_STEP][PASSED] - click(findTestObject("WEB/Auth/Login/login_ico")): Object: 'Object Repository/WEB/Auth/Login/login_ico' is clicked on

2022-05-13 22:53:33 - [MESSAGE][PASSED] - Object: 'Object Repository/WEB/Auth/Login/login_ico' is clicked on

2022-05-13 22:53:33 - [TEST_STEP][PASSED] - setText(findTestObject("WEB/Auth/Login/email_txtbox"), findTestData("WEB/Login").getValue(1, i)): Text '' is set on object 'Object Repository/WEB/Auth/Login/email_txtbox'

2022-05-13 22:53:35 - [MESSAGE][PASSED] - Text '' is set on object 'Object Repository/WEB/Auth/Login/email_txtbox'

2022-05-13 22:53:35 - [TEST_STEP][PASSED] - setText(findTestObject("WEB/Auth/Login/password_txtbox"), findTestData("WEB/Login").getValue(2, i)): Text 'salsabila' is set on object 'Object Repository/WEB/Auth/Login/password_txtbox'

2022-05-13 22:53:36 - [MESSAGE][PASSED] - Text 'salsabila' is set on object 'Object Repository/WEB/Auth/Login/password_txtbox'

2022-05-13 22:53:36 - [TEST_STEP][PASSED] - click(findTestObject("WEB/Auth/Login/login_btn")): Object: 'Object Repository/WEB/Auth/Login/login_btn' is clicked on

2022-05-13 22:53:36 - [MESSAGE][PASSED] - Object: 'Object Repository/WEB/Auth/Login/login_btn' is clicked on

2022-05-13 22:53:36 - [TEST_STEP][PASSED] - if (findTestData("WEB/Login").getValue(3, i) == "negative"): Object 'Object Repository/WEB/Auth/Login/alert_msg' is present

2022-05-13 22:53:36 - [TEST_STEP][PASSED] - verifyElementPresent(findTestObject("WEB/Auth/Login/alert_msg"), 2, CONTINUE_ON_FAILURE): Object 'Object Repository/WEB/Auth/Login/alert_msg' is present

2022-05-13 22:53:37 - [MESSAGE][PASSED] - Object 'Object Repository/WEB/Auth/Login/alert_msg' is present

2022-05-13 22:53:37 - [TEST_STEP][PASSED] - navigateToUrl("https://qa.alta.id/"): Navigate to 'https://qa.alta.id/' successfully

2022-05-13 22:53:38 - [MESSAGE][PASSED] - Navigate to 'https://qa.alta.id/' successfully

2022-05-13 22:53:38 - [TEST_STEP][PASSED] - click(findTestObject("WEB/Auth/Login/login_ico")): Object: 'Object Repository/WEB/Auth/Login/login_ico' is clicked on

2022-05-13 22:53:44 - [MESSAGE][PASSED] - Object: 'Object Repository/WEB/Auth/Login/login_ico' is clicked on

2022-05-13 22:53:44 - [TEST_STEP][PASSED] - setText(findTestObject("WEB/Auth/Login/email_txtbox"), findTestData("WEB/Login").getValue(1, i)): Text 'salsabila@gmail.com' is set on object 'Object Repository/WEB/Auth/Login/email_txtbox'

2022-05-13 22:53:45 - [MESSAGE][PASSED] - Text 'salsabila@gmail.com' is set on object 'Object Repository/WEB/Auth/Login/email_txtbox'

2022-05-13 22:53:45 - [TEST_STEP][PASSED] - setText(findTestObject("WEB/Auth/Login/password_txtbox"), findTestData("WEB/Login").getValue(2, i)): Text '' is set on object 'Object Repository/WEB/Auth/Login/password_txtbox'

2022-05-13 22:53:46 - [MESSAGE][PASSED] - Text '' is set on object 'Object Repository/WEB/Auth/Login/password_txtbox'

2022-05-13 22:53:46 - [TEST_STEP][PASSED] - click(findTestObject("WEB/Auth/Login/login_btn")): Object: 'Object Repository/WEB/Auth/Login/login_btn' is clicked on

2022-05-13 22:53:47 - [MESSAGE][PASSED] - Object: 'Object Repository/WEB/Auth/Login/login_btn' is clicked on

2022-05-13 22:53:47 - [TEST_STEP][PASSED] - if (findTestData("WEB/Login").getValue(3, i) == "negative"): Object 'Object Repository/WEB/Auth/Login/alert_msg' is present

2022-05-13 22:53:47 - [TEST_STEP][PASSED] - verifyElementPresent(findTestObject("WEB/Auth/Login/alert_msg"), 2, CONTINUE_ON_FAILURE): Object 'Object Repository/WEB/Auth/Login/alert_msg' is present

2022-05-13 22:53:48 - [MESSAGE][PASSED] - Object 'Object Repository/WEB/Auth/Login/alert_msg' is present

2022-05-13 22:53:48 - [TEST_STEP][PASSED] - navigateToUrl("https://qa.alta.id/"): Navigate to 'https://qa.alta.id/' successfully

2022-05-13 22:53:48 - [MESSAGE][PASSED] - Navigate to 'https://qa.alta.id/' successfully

2022-05-13 22:53:48 - [TEST_STEP][PASSED] - click(findTestObject("WEB/Auth/Login/login_ico")): Object: 'Object Repository/WEB/Auth/Login/login_ico' is clicked on

2022-05-13 22:53:54 - [MESSAGE][PASSED] - Object: 'Object Repository/WEB/Auth/Login/login_ico' is clicked on

2022-05-13 22:53:54 - [TEST_STEP][PASSED] - setText(findTestObject("WEB/Auth/Login/email_txtbox"), findTestData("WEB/Login").getValue(1, i)): Text 'salsabila@gmail.com' is set on object 'Object Repository/WEB/Auth/Login/email_txtbox'

2022-05-13 22:53:56 - [MESSAGE][PASSED] - Text 'salsabila@gmail.com' is set on object 'Object Repository/WEB/Auth/Login/email_txtbox'

2022-05-13 22:53:56 - [TEST_STEP][PASSED] - setText(findTestObject("WEB/Auth/Login/password_txtbox"), findTestData("WEB/Login").getValue(2, i)): Text 'bila' is set on object 'Object Repository/WEB/Auth/Login/password_txtbox'

2022-05-13 22:53:57 - [MESSAGE][PASSED] - Text 'bila' is set on object 'Object Repository/WEB/Auth/Login/password_txtbox'

2022-05-13 22:53:57 - [TEST_STEP][PASSED] - click(findTestObject("WEB/Auth/Login/login_btn")): Object: 'Object Repository/WEB/Auth/Login/login_btn' is clicked on

2022-05-13 22:53:57 - [MESSAGE][PASSED] - Object: 'Object Repository/WEB/Auth/Login/login_btn' is clicked on

2022-05-13 22:53:57 - [TEST_STEP][PASSED] - if (findTestData("WEB/Login").getValue(3, i) == "negative"): Object 'Object Repository/WEB/Auth/Login/alert_msg' is present

2022-05-13 22:53:57 - [TEST_STEP][PASSED] - verifyElementPresent(findTestObject("WEB/Auth/Login/alert_msg"), 2, CONTINUE_ON_FAILURE): Object 'Object Repository/WEB/Auth/Login/alert_msg' is present

2022-05-13 22:53:58 - [MESSAGE][PASSED] - Object 'Object Repository/WEB/Auth/Login/alert_msg' is present

2022-05-13 22:53:58 - [TEST_STEP][PASSED] - navigateToUrl("https://qa.alta.id/"): Navigate to 'https://qa.alta.id/' successfully

2022-05-13 22:53:59 - [MESSAGE][PASSED] - Navigate to 'https://qa.alta.id/' successfully

2022-05-13 22:53:59 - [TEST_STEP][PASSED] - click(findTestObject("WEB/Auth/Login/login_ico")): Object: 'Object Repository/WEB/Auth/Login/login_ico' is clicked on

2022-05-13 22:54:05 - [MESSAGE][PASSED] - Object: 'Object Repository/WEB/Auth/Login/login_ico' is clicked on

2022-05-13 22:54:05 - [TEST_STEP][PASSED] - setText(findTestObject("WEB/Auth/Login/email_txtbox"), findTestData("WEB/Login").getValue(1, i)): Text 'salsabila0123@gmail.com' is set on object 'Object Repository/WEB/Auth/Login/email_txtbox'

2022-05-13 22:54:07 - [MESSAGE][PASSED] - Text 'salsabila0123@gmail.com' is set on object 'Object Repository/WEB/Auth/Login/email_txtbox'

2022-05-13 22:54:07 - [TEST_STEP][PASSED] - setText(findTestObject("WEB/Auth/Login/password_txtbox"), findTestData("WEB/Login").getValue(2, i)): Text 'salsabila' is set on object 'Object Repository/WEB/Auth/Login/password_txtbox'

2022-05-13 22:54:08 - [MESSAGE][PASSED] - Text 'salsabila' is set on object 'Object Repository/WEB/Auth/Login/password_txtbox'

2022-05-13 22:54:08 - [TEST_STEP][PASSED] - click(findTestObject("WEB/Auth/Login/login_btn")): Object: 'Object Repository/WEB/Auth/Login/login_btn' is clicked on

2022-05-13 22:54:08 - [MESSAGE][PASSED] - Object: 'Object Repository/WEB/Auth/Login/login_btn' is clicked on

2022-05-13 22:54:08 - [TEST_STEP][PASSED] - if (findTestData("WEB/Login").getValue(3, i) == "negative"): Object 'Object Repository/WEB/Auth/Login/alert_msg' is present

2022-05-13 22:54:08 - [TEST_STEP][PASSED] - verifyElementPresent(findTestObject("WEB/Auth/Login/alert_msg"), 2, CONTINUE_ON_FAILURE): Object 'Object Repository/WEB/Auth/Login/alert_msg' is present

2022-05-13 22:54:09 - [MESSAGE][PASSED] - Object 'Object Repository/WEB/Auth/Login/alert_msg' is present

2022-05-13 22:54:09 - [TEST_STEP][PASSED] - navigateToUrl("https://qa.alta.id/"): Navigate to 'https://qa.alta.id/' successfully

2022-05-13 22:54:10 - [MESSAGE][PASSED] - Navigate to 'https://qa.alta.id/' successfully

2022-05-13 22:54:10 - [TEST_STEP][PASSED] - click(findTestObject("WEB/Auth/Login/login_ico")): Object: 'Object Repository/WEB/Auth/Login/login_ico' is clicked on

2022-05-13 22:54:16 - [MESSAGE][PASSED] - Object: 'Object Repository/WEB/Auth/Login/login_ico' is clicked on

2022-05-13 22:54:16 - [TEST_STEP][PASSED] - setText(findTestObject("WEB/Auth/Login/email_txtbox"), findTestData("WEB/Login").getValue(1, i)): Text 'salsabila@gmail.com' is set on object 'Object Repository/WEB/Auth/Login/email_txtbox'

2022-05-13 22:54:18 - [MESSAGE][PASSED] - Text 'salsabila@gmail.com' is set on object 'Object Repository/WEB/Auth/Login/email_txtbox'

2022-05-13 22:54:18 - [TEST_STEP][PASSED] - setText(findTestObject("WEB/Auth/Login/password_txtbox"), findTestData("WEB/Login").getValue(2, i)): Text 'salsabila' is set on object 'Object Repository/WEB/Auth/Login/password_txtbox'

2022-05-13 22:54:19 - [MESSAGE][PASSED] - Text 'salsabila' is set on object 'Object Repository/WEB/Auth/Login/password_txtbox'

2022-05-13 22:54:19 - [TEST_STEP][PASSED] - click(findTestObject("WEB/Auth/Login/login_btn")): Object: 'Object Repository/WEB/Auth/Login/login_btn' is clicked on

2022-05-13 22:54:20 - [MESSAGE][PASSED] - Object: 'Object Repository/WEB/Auth/Login/login_btn' is clicked on

2022-05-13 22:54:20 - [TEST_STEP][PASSED] - if (findTestData("WEB/Login").getValue(3, i) == "negative"): null

2022-05-13 22:54:20 - [TEST_STEP][PASSED] - else: Object 'Object Repository/WEB/Auth/Logout/user_ico' is present

2022-05-13 22:54:20 - [TEST_STEP][PASSED] - verifyElementPresent(findTestObject("WEB/Auth/Logout/user_ico"), 2, CONTINUE_ON_FAILURE): Object 'Object Repository/WEB/Auth/Logout/user_ico' is present

2022-05-13 22:54:27 - [MESSAGE][PASSED] - Object 'Object Repository/WEB/Auth/Logout/user_ico' is present

2022-05-13 22:54:27 - [TEST_STEP][PASSED] - closeBrowser(): Browser is closed

2022-05-13 22:54:28 - [MESSAGE][PASSED] - Browser is closed]]></system-out>
         <system-err><![CDATA[]]></system-err>
      </testcase>
      <testcase name="Test Cases/WEB/Homepage/DetailProduct" time="13.535" classname="Test Cases/WEB/Homepage/DetailProduct" status="PASSED">
         <system-out><![CDATA[2022-05-13 22:54:28 - [TEST_CASE][PASSED] - Test Cases/WEB/Homepage/DetailProduct: Test Cases/WEB/Homepage/DetailProduct

2022-05-13 22:54:29 - [TEST_STEP][PASSED] - openBrowser(""): Browser is opened with url: ''

2022-05-13 22:54:29 - [MESSAGE][INFO] - Starting 'Chrome' driver

2022-05-13 22:54:29 - [MESSAGE][INFO] - Action delay is set to 0 milliseconds

2022-05-13 22:54:31 - [MESSAGE][PASSED] - Browser is opened with url: ''

2022-05-13 22:54:31 - [TEST_STEP][PASSED] - maximizeWindow(): Current window maximized

2022-05-13 22:54:31 - [MESSAGE][PASSED] - Current window maximized

2022-05-13 22:54:31 - [TEST_STEP][PASSED] - navigateToUrl("https://qa.alta.id/"): Navigate to 'https://qa.alta.id/' successfully

2022-05-13 22:54:33 - [MESSAGE][PASSED] - Navigate to 'https://qa.alta.id/' successfully

2022-05-13 22:54:33 - [TEST_STEP][PASSED] - name = getText(findTestObject("WEB/Homepage/DetailProduct/HP_name")): Text of object 'Object Repository/WEB/Homepage/DetailProduct/HP_name' is: 'Tensi Darah Elektrik'

2022-05-13 22:54:39 - [MESSAGE][PASSED] - Text of object 'Object Repository/WEB/Homepage/DetailProduct/HP_name' is: 'Tensi Darah Elektrik'

2022-05-13 22:54:39 - [TEST_STEP][PASSED] - click(findTestObject("WEB/Homepage/DetailProduct/button_Detail")): Object: 'Object Repository/WEB/Homepage/DetailProduct/button_Detail' is clicked on

2022-05-13 22:54:39 - [MESSAGE][PASSED] - Object: 'Object Repository/WEB/Homepage/DetailProduct/button_Detail' is clicked on

2022-05-13 22:54:39 - [TEST_STEP][PASSED] - d_name = getText(findTestObject("WEB/Homepage/DetailProduct/Detail_name")): Text of object 'Object Repository/WEB/Homepage/DetailProduct/Detail_name' is: 'Tensi Darah Elektrik'

2022-05-13 22:54:41 - [MESSAGE][PASSED] - Text of object 'Object Repository/WEB/Homepage/DetailProduct/Detail_name' is: 'Tensi Darah Elektrik'

2022-05-13 22:54:41 - [TEST_STEP][PASSED] - verifyEqual(name, d_name): Actual object 'Tensi Darah Elektrik' and expected object 'Tensi Darah Elektrik' are equal

2022-05-13 22:54:41 - [MESSAGE][PASSED] - Actual object 'Tensi Darah Elektrik' and expected object 'Tensi Darah Elektrik' are equal

2022-05-13 22:54:41 - [TEST_STEP][PASSED] - closeBrowser(): Browser is closed

2022-05-13 22:54:42 - [MESSAGE][PASSED] - Browser is closed]]></system-out>
         <system-err><![CDATA[]]></system-err>
      </testcase>
      <testcase name="Test Cases/WEB/Homepage/AddToCart" time="24.082" classname="Test Cases/WEB/Homepage/AddToCart" status="PASSED">
         <system-out><![CDATA[2022-05-13 22:54:42 - [TEST_CASE][PASSED] - Test Cases/WEB/Homepage/AddToCart: Test Cases/WEB/Homepage/AddToCart

2022-05-13 22:54:42 - [TEST_STEP][PASSED] - openBrowser(""): Browser is opened with url: ''

2022-05-13 22:54:42 - [MESSAGE][INFO] - Starting 'Chrome' driver

2022-05-13 22:54:42 - [MESSAGE][INFO] - Action delay is set to 0 milliseconds

2022-05-13 22:54:44 - [MESSAGE][PASSED] - Browser is opened with url: ''

2022-05-13 22:54:44 - [TEST_STEP][PASSED] - maximizeWindow(): Current window maximized

2022-05-13 22:54:44 - [MESSAGE][PASSED] - Current window maximized

2022-05-13 22:54:44 - [TEST_STEP][PASSED] - navigateToUrl("https://qa.alta.id/"): Navigate to 'https://qa.alta.id/' successfully

2022-05-13 22:54:46 - [MESSAGE][PASSED] - Navigate to 'https://qa.alta.id/' successfully

2022-05-13 22:54:46 - [TEST_STEP][PASSED] - callTestCase(findTestCase("WEB/Auth/Login_Success"), [:], CONTINUE_ON_FAILURE): Call Test Case 'Test Cases/WEB/Auth/Login_Success' successfully

2022-05-13 22:54:46 - [TEST_CASE][PASSED] - Test Cases/WEB/Auth/Login_Success: Test Cases/WEB/Auth/Login_Success

2022-05-13 22:54:47 - [TEST_STEP][PASSED] - click(findTestObject("WEB/Auth/Login/login_ico")): Object: 'Object Repository/WEB/Auth/Login/login_ico' is clicked on

2022-05-13 22:54:51 - [MESSAGE][PASSED] - Object: 'Object Repository/WEB/Auth/Login/login_ico' is clicked on

2022-05-13 22:54:51 - [TEST_STEP][PASSED] - setText(findTestObject("WEB/Auth/Login/email_txtbox"), "salsabila@gmail.com"): Text 'salsabila@gmail.com' is set on object 'Object Repository/WEB/Auth/Login/email_txtbox'

2022-05-13 22:54:53 - [MESSAGE][PASSED] - Text 'salsabila@gmail.com' is set on object 'Object Repository/WEB/Auth/Login/email_txtbox'

2022-05-13 22:54:53 - [TEST_STEP][PASSED] - setText(findTestObject("WEB/Auth/Login/password_txtbox"), "salsabila"): Text 'salsabila' is set on object 'Object Repository/WEB/Auth/Login/password_txtbox'

2022-05-13 22:54:54 - [MESSAGE][PASSED] - Text 'salsabila' is set on object 'Object Repository/WEB/Auth/Login/password_txtbox'

2022-05-13 22:54:54 - [TEST_STEP][PASSED] - click(findTestObject("WEB/Auth/Login/login_btn")): Object: 'Object Repository/WEB/Auth/Login/login_btn' is clicked on

2022-05-13 22:54:54 - [MESSAGE][PASSED] - Object: 'Object Repository/WEB/Auth/Login/login_btn' is clicked on

2022-05-13 22:54:54 - [TEST_STEP][PASSED] - verifyElementPresent(findTestObject("WEB/Auth/Logout/user_ico"), 2, CONTINUE_ON_FAILURE): Object 'Object Repository/WEB/Auth/Logout/user_ico' is present

2022-05-13 22:55:02 - [MESSAGE][PASSED] - Object 'Object Repository/WEB/Auth/Logout/user_ico' is present

2022-05-13 22:55:02 - [MESSAGE][PASSED] - Call Test Case 'Test Cases/WEB/Auth/Login_Success' successfully

2022-05-13 22:55:02 - [TEST_STEP][PASSED] - click(findTestObject("WEB/Homepage/AddToCart/button_Beli")): Object: 'Object Repository/WEB/Homepage/AddToCart/button_Beli' is clicked on

2022-05-13 22:55:03 - [MESSAGE][PASSED] - Object: 'Object Repository/WEB/Homepage/AddToCart/button_Beli' is clicked on

2022-05-13 22:55:03 - [TEST_STEP][PASSED] - name = getText(findTestObject("WEB/Homepage/AddToCart/div_name")): Text of object 'Object Repository/WEB/Homepage/AddToCart/div_name' is: 'Tensi Darah Elektrik'

2022-05-13 22:55:03 - [MESSAGE][PASSED] - Text of object 'Object Repository/WEB/Homepage/AddToCart/div_name' is: 'Tensi Darah Elektrik'

2022-05-13 22:55:03 - [TEST_STEP][PASSED] - click(findTestObject("WEB/Homepage/AddToCart/button_Cart")): Object: 'Object Repository/WEB/Homepage/AddToCart/button_Cart' is clicked on

2022-05-13 22:55:04 - [MESSAGE][PASSED] - Object: 'Object Repository/WEB/Homepage/AddToCart/button_Cart' is clicked on

2022-05-13 22:55:04 - [TEST_STEP][PASSED] - cName = getText(findTestObject("WEB/Homepage/AddToCart/div_cartName")): Text of object 'Object Repository/WEB/Homepage/AddToCart/div_cartName' is: 'Tensi Darah Elektrik'

2022-05-13 22:55:04 - [MESSAGE][PASSED] - Text of object 'Object Repository/WEB/Homepage/AddToCart/div_cartName' is: 'Tensi Darah Elektrik'

2022-05-13 22:55:04 - [TEST_STEP][PASSED] - verifyEqual(name, cName): Actual object 'Tensi Darah Elektrik' and expected object 'Tensi Darah Elektrik' are equal

2022-05-13 22:55:04 - [MESSAGE][PASSED] - Actual object 'Tensi Darah Elektrik' and expected object 'Tensi Darah Elektrik' are equal

2022-05-13 22:55:04 - [TEST_STEP][PASSED] - verifyElementText(findTestObject("WEB/Homepage/AddToCart/jml_product"), "1"): Actual text and expected text of test object 'Object Repository/WEB/Homepage/AddToCart/jml_product' are matched.

2022-05-13 22:55:05 - [MESSAGE][PASSED] - Actual text and expected text of test object 'Object Repository/WEB/Homepage/AddToCart/jml_product' are matched.

2022-05-13 22:55:05 - [TEST_STEP][PASSED] - closeBrowser(): Browser is closed

2022-05-13 22:55:06 - [MESSAGE][PASSED] - Browser is closed]]></system-out>
         <system-err><![CDATA[]]></system-err>
      </testcase>
      <testcase name="Test Cases/WEB/Homepage/IncreaseQuantity" time="26.365" classname="Test Cases/WEB/Homepage/IncreaseQuantity" status="PASSED">
         <system-out><![CDATA[2022-05-13 22:55:06 - [TEST_CASE][PASSED] - Test Cases/WEB/Homepage/IncreaseQuantity: Test Cases/WEB/Homepage/IncreaseQuantity

2022-05-13 22:55:06 - [TEST_STEP][PASSED] - openBrowser(""): Browser is opened with url: ''

2022-05-13 22:55:06 - [MESSAGE][INFO] - Starting 'Chrome' driver

2022-05-13 22:55:06 - [MESSAGE][INFO] - Action delay is set to 0 milliseconds

2022-05-13 22:55:08 - [MESSAGE][PASSED] - Browser is opened with url: ''

2022-05-13 22:55:08 - [TEST_STEP][PASSED] - maximizeWindow(): Current window maximized

2022-05-13 22:55:08 - [MESSAGE][PASSED] - Current window maximized

2022-05-13 22:55:08 - [TEST_STEP][PASSED] - navigateToUrl("https://qa.alta.id/"): Navigate to 'https://qa.alta.id/' successfully

2022-05-13 22:55:11 - [MESSAGE][PASSED] - Navigate to 'https://qa.alta.id/' successfully

2022-05-13 22:55:11 - [TEST_STEP][PASSED] - callTestCase(findTestCase("WEB/Auth/Login_Success"), [:], CONTINUE_ON_FAILURE): Call Test Case 'Test Cases/WEB/Auth/Login_Success' successfully

2022-05-13 22:55:11 - [TEST_CASE][PASSED] - Test Cases/WEB/Auth/Login_Success: Test Cases/WEB/Auth/Login_Success

2022-05-13 22:55:11 - [TEST_STEP][PASSED] - click(findTestObject("WEB/Auth/Login/login_ico")): Object: 'Object Repository/WEB/Auth/Login/login_ico' is clicked on

2022-05-13 22:55:16 - [MESSAGE][PASSED] - Object: 'Object Repository/WEB/Auth/Login/login_ico' is clicked on

2022-05-13 22:55:16 - [TEST_STEP][PASSED] - setText(findTestObject("WEB/Auth/Login/email_txtbox"), "salsabila@gmail.com"): Text 'salsabila@gmail.com' is set on object 'Object Repository/WEB/Auth/Login/email_txtbox'

2022-05-13 22:55:17 - [MESSAGE][PASSED] - Text 'salsabila@gmail.com' is set on object 'Object Repository/WEB/Auth/Login/email_txtbox'

2022-05-13 22:55:17 - [TEST_STEP][PASSED] - setText(findTestObject("WEB/Auth/Login/password_txtbox"), "salsabila"): Text 'salsabila' is set on object 'Object Repository/WEB/Auth/Login/password_txtbox'

2022-05-13 22:55:18 - [MESSAGE][PASSED] - Text 'salsabila' is set on object 'Object Repository/WEB/Auth/Login/password_txtbox'

2022-05-13 22:55:18 - [TEST_STEP][PASSED] - click(findTestObject("WEB/Auth/Login/login_btn")): Object: 'Object Repository/WEB/Auth/Login/login_btn' is clicked on

2022-05-13 22:55:19 - [MESSAGE][PASSED] - Object: 'Object Repository/WEB/Auth/Login/login_btn' is clicked on

2022-05-13 22:55:19 - [TEST_STEP][PASSED] - verifyElementPresent(findTestObject("WEB/Auth/Logout/user_ico"), 2, CONTINUE_ON_FAILURE): Object 'Object Repository/WEB/Auth/Logout/user_ico' is present

2022-05-13 22:55:27 - [MESSAGE][PASSED] - Object 'Object Repository/WEB/Auth/Logout/user_ico' is present

2022-05-13 22:55:27 - [MESSAGE][PASSED] - Call Test Case 'Test Cases/WEB/Auth/Login_Success' successfully

2022-05-13 22:55:27 - [TEST_STEP][PASSED] - click(findTestObject("WEB/Homepage/AddToCart/button_Beli")): Object: 'Object Repository/WEB/Homepage/AddToCart/button_Beli' is clicked on

2022-05-13 22:55:27 - [MESSAGE][PASSED] - Object: 'Object Repository/WEB/Homepage/AddToCart/button_Beli' is clicked on

2022-05-13 22:55:27 - [TEST_STEP][PASSED] - click(findTestObject("WEB/Homepage/AddToCart/button_Cart")): Object: 'Object Repository/WEB/Homepage/AddToCart/button_Cart' is clicked on

2022-05-13 22:55:28 - [MESSAGE][PASSED] - Object: 'Object Repository/WEB/Homepage/AddToCart/button_Cart' is clicked on

2022-05-13 22:55:28 - [TEST_STEP][PASSED] - jml = getText(findTestObject("WEB/Homepage/AddToCart/jml_product")): Text of object 'Object Repository/WEB/Homepage/AddToCart/jml_product' is: '1'

2022-05-13 22:55:28 - [MESSAGE][PASSED] - Text of object 'Object Repository/WEB/Homepage/AddToCart/jml_product' is: '1'

2022-05-13 22:55:28 - [TEST_STEP][PASSED] - price = Integer.parseInt(getText(findTestObject("WEB/Transactions/IncreaseQuantity/price"))): Text of object 'Object Repository/WEB/Transactions/IncreaseQuantity/price' is: '240000'

2022-05-13 22:55:29 - [MESSAGE][PASSED] - Text of object 'Object Repository/WEB/Transactions/IncreaseQuantity/price' is: '240000'

2022-05-13 22:55:29 - [TEST_STEP][PASSED] - total_awal = Integer.parseInt(getText(findTestObject("WEB/Transactions/IncreaseQuantity/total_price"))): Text of object 'Object Repository/WEB/Transactions/IncreaseQuantity/total_price' is: '240000'

2022-05-13 22:55:29 - [MESSAGE][PASSED] - Text of object 'Object Repository/WEB/Transactions/IncreaseQuantity/total_price' is: '240000'

2022-05-13 22:55:29 - [TEST_STEP][PASSED] - click(findTestObject("WEB/Transactions/IncreaseQuantity/add_quantity")): Object: 'Object Repository/WEB/Transactions/IncreaseQuantity/add_quantity' is clicked on

2022-05-13 22:55:30 - [MESSAGE][PASSED] - Object: 'Object Repository/WEB/Transactions/IncreaseQuantity/add_quantity' is clicked on

2022-05-13 22:55:30 - [TEST_STEP][PASSED] - jml_2 = getText(findTestObject("WEB/Homepage/AddToCart/jml_product")): Text of object 'Object Repository/WEB/Homepage/AddToCart/jml_product' is: '2'

2022-05-13 22:55:30 - [MESSAGE][PASSED] - Text of object 'Object Repository/WEB/Homepage/AddToCart/jml_product' is: '2'

2022-05-13 22:55:30 - [TEST_STEP][PASSED] - total_akhir = Integer.parseInt(getText(findTestObject("WEB/Transactions/IncreaseQuantity/total_price"))): Text of object 'Object Repository/WEB/Transactions/IncreaseQuantity/total_price' is: '480000'

2022-05-13 22:55:31 - [MESSAGE][PASSED] - Text of object 'Object Repository/WEB/Transactions/IncreaseQuantity/total_price' is: '480000'

2022-05-13 22:55:31 - [TEST_STEP][PASSED] - verifyEqual(jml + 1, jml_2): Actual object '50' and expected object '50' are equal

2022-05-13 22:55:31 - [MESSAGE][PASSED] - Actual object '50' and expected object '50' are equal

2022-05-13 22:55:31 - [TEST_STEP][PASSED] - verifyEqual(total_awal + price, total_akhir): Actual object '480,000' and expected object '480,000' are equal

2022-05-13 22:55:31 - [MESSAGE][PASSED] - Actual object '480,000' and expected object '480,000' are equal

2022-05-13 22:55:31 - [TEST_STEP][PASSED] - closeBrowser(): Browser is closed

2022-05-13 22:55:32 - [MESSAGE][PASSED] - Browser is closed]]></system-out>
         <system-err><![CDATA[]]></system-err>
      </testcase>
      <testcase name="Test Cases/WEB/Homepage/DecreaseQuantity" time="27.241" classname="Test Cases/WEB/Homepage/DecreaseQuantity" status="PASSED">
         <system-out><![CDATA[2022-05-13 22:55:32 - [TEST_CASE][PASSED] - Test Cases/WEB/Homepage/DecreaseQuantity: Test Cases/WEB/Homepage/DecreaseQuantity

2022-05-13 22:55:33 - [TEST_STEP][PASSED] - openBrowser(""): Browser is opened with url: ''

2022-05-13 22:55:33 - [MESSAGE][INFO] - Starting 'Chrome' driver

2022-05-13 22:55:33 - [MESSAGE][INFO] - Action delay is set to 0 milliseconds

2022-05-13 22:55:35 - [MESSAGE][PASSED] - Browser is opened with url: ''

2022-05-13 22:55:35 - [TEST_STEP][PASSED] - maximizeWindow(): Current window maximized

2022-05-13 22:55:35 - [MESSAGE][PASSED] - Current window maximized

2022-05-13 22:55:35 - [TEST_STEP][PASSED] - navigateToUrl("https://qa.alta.id/"): Navigate to 'https://qa.alta.id/' successfully

2022-05-13 22:55:37 - [MESSAGE][PASSED] - Navigate to 'https://qa.alta.id/' successfully

2022-05-13 22:55:37 - [TEST_STEP][PASSED] - callTestCase(findTestCase("WEB/Auth/Login_Success"), [:], CONTINUE_ON_FAILURE): Call Test Case 'Test Cases/WEB/Auth/Login_Success' successfully

2022-05-13 22:55:37 - [TEST_CASE][PASSED] - Test Cases/WEB/Auth/Login_Success: Test Cases/WEB/Auth/Login_Success

2022-05-13 22:55:37 - [TEST_STEP][PASSED] - click(findTestObject("WEB/Auth/Login/login_ico")): Object: 'Object Repository/WEB/Auth/Login/login_ico' is clicked on

2022-05-13 22:55:42 - [MESSAGE][PASSED] - Object: 'Object Repository/WEB/Auth/Login/login_ico' is clicked on

2022-05-13 22:55:42 - [TEST_STEP][PASSED] - setText(findTestObject("WEB/Auth/Login/email_txtbox"), "salsabila@gmail.com"): Text 'salsabila@gmail.com' is set on object 'Object Repository/WEB/Auth/Login/email_txtbox'

2022-05-13 22:55:44 - [MESSAGE][PASSED] - Text 'salsabila@gmail.com' is set on object 'Object Repository/WEB/Auth/Login/email_txtbox'

2022-05-13 22:55:44 - [TEST_STEP][PASSED] - setText(findTestObject("WEB/Auth/Login/password_txtbox"), "salsabila"): Text 'salsabila' is set on object 'Object Repository/WEB/Auth/Login/password_txtbox'

2022-05-13 22:55:45 - [MESSAGE][PASSED] - Text 'salsabila' is set on object 'Object Repository/WEB/Auth/Login/password_txtbox'

2022-05-13 22:55:45 - [TEST_STEP][PASSED] - click(findTestObject("WEB/Auth/Login/login_btn")): Object: 'Object Repository/WEB/Auth/Login/login_btn' is clicked on

2022-05-13 22:55:45 - [MESSAGE][PASSED] - Object: 'Object Repository/WEB/Auth/Login/login_btn' is clicked on

2022-05-13 22:55:45 - [TEST_STEP][PASSED] - verifyElementPresent(findTestObject("WEB/Auth/Logout/user_ico"), 2, CONTINUE_ON_FAILURE): Object 'Object Repository/WEB/Auth/Logout/user_ico' is present

2022-05-13 22:55:53 - [MESSAGE][PASSED] - Object 'Object Repository/WEB/Auth/Logout/user_ico' is present

2022-05-13 22:55:53 - [MESSAGE][PASSED] - Call Test Case 'Test Cases/WEB/Auth/Login_Success' successfully

2022-05-13 22:55:53 - [TEST_STEP][PASSED] - click(findTestObject("WEB/Homepage/AddToCart/button_Beli")): Object: 'Object Repository/WEB/Homepage/AddToCart/button_Beli' is clicked on

2022-05-13 22:55:53 - [MESSAGE][PASSED] - Object: 'Object Repository/WEB/Homepage/AddToCart/button_Beli' is clicked on

2022-05-13 22:55:53 - [TEST_STEP][PASSED] - click(findTestObject("WEB/Homepage/AddToCart/button_Cart")): Object: 'Object Repository/WEB/Homepage/AddToCart/button_Cart' is clicked on

2022-05-13 22:55:54 - [MESSAGE][PASSED] - Object: 'Object Repository/WEB/Homepage/AddToCart/button_Cart' is clicked on

2022-05-13 22:55:54 - [TEST_STEP][PASSED] - click(findTestObject("WEB/Transactions/IncreaseQuantity/add_quantity")): Object: 'Object Repository/WEB/Transactions/IncreaseQuantity/add_quantity' is clicked on

2022-05-13 22:55:55 - [MESSAGE][PASSED] - Object: 'Object Repository/WEB/Transactions/IncreaseQuantity/add_quantity' is clicked on

2022-05-13 22:55:55 - [TEST_STEP][PASSED] - jml = getText(findTestObject("WEB/Homepage/AddToCart/jml_product")): Text of object 'Object Repository/WEB/Homepage/AddToCart/jml_product' is: '2'

2022-05-13 22:55:55 - [MESSAGE][PASSED] - Text of object 'Object Repository/WEB/Homepage/AddToCart/jml_product' is: '2'

2022-05-13 22:55:55 - [TEST_STEP][PASSED] - price = Integer.parseInt(getText(findTestObject("WEB/Transactions/IncreaseQuantity/price"))): Text of object 'Object Repository/WEB/Transactions/IncreaseQuantity/price' is: '240000'

2022-05-13 22:55:56 - [MESSAGE][PASSED] - Text of object 'Object Repository/WEB/Transactions/IncreaseQuantity/price' is: '240000'

2022-05-13 22:55:56 - [TEST_STEP][PASSED] - total_awal = Integer.parseInt(getText(findTestObject("WEB/Transactions/IncreaseQuantity/total_price"))): Text of object 'Object Repository/WEB/Transactions/IncreaseQuantity/total_price' is: '480000'

2022-05-13 22:55:56 - [MESSAGE][PASSED] - Text of object 'Object Repository/WEB/Transactions/IncreaseQuantity/total_price' is: '480000'

2022-05-13 22:55:56 - [TEST_STEP][PASSED] - click(findTestObject("WEB/Transactions/IncreaseQuantity/decrease_quantity")): Object: 'Object Repository/WEB/Transactions/IncreaseQuantity/decrease_quantity' is clicked on

2022-05-13 22:55:57 - [MESSAGE][PASSED] - Object: 'Object Repository/WEB/Transactions/IncreaseQuantity/decrease_quantity' is clicked on

2022-05-13 22:55:57 - [TEST_STEP][PASSED] - jml_2 = getText(findTestObject("WEB/Homepage/AddToCart/jml_product")): Text of object 'Object Repository/WEB/Homepage/AddToCart/jml_product' is: '1'

2022-05-13 22:55:57 - [MESSAGE][PASSED] - Text of object 'Object Repository/WEB/Homepage/AddToCart/jml_product' is: '1'

2022-05-13 22:55:57 - [TEST_STEP][PASSED] - total_akhir = Integer.parseInt(getText(findTestObject("WEB/Transactions/IncreaseQuantity/total_price"))): Text of object 'Object Repository/WEB/Transactions/IncreaseQuantity/total_price' is: '240000'

2022-05-13 22:55:58 - [MESSAGE][PASSED] - Text of object 'Object Repository/WEB/Transactions/IncreaseQuantity/total_price' is: '240000'

2022-05-13 22:55:58 - [TEST_STEP][PASSED] - verifyEqual(jml - 1, jml_2): Actual object '49' and expected object '49' are equal

2022-05-13 22:55:58 - [MESSAGE][PASSED] - Actual object '49' and expected object '49' are equal

2022-05-13 22:55:58 - [TEST_STEP][PASSED] - verifyEqual(total_awal - price, total_akhir): Actual object '240,000' and expected object '240,000' are equal

2022-05-13 22:55:58 - [MESSAGE][PASSED] - Actual object '240,000' and expected object '240,000' are equal

2022-05-13 22:55:58 - [TEST_STEP][PASSED] - closeBrowser(): Browser is closed

2022-05-13 22:56:00 - [MESSAGE][PASSED] - Browser is closed]]></system-out>
         <system-err><![CDATA[]]></system-err>
      </testcase>
      <testcase name="Test Cases/WEB/Transactions/Payment" time="28.659" classname="Test Cases/WEB/Transactions/Payment" status="PASSED">
         <system-out><![CDATA[2022-05-13 22:56:00 - [TEST_CASE][PASSED] - Test Cases/WEB/Transactions/Payment: Test Cases/WEB/Transactions/Payment

2022-05-13 22:56:00 - [TEST_STEP][PASSED] - openBrowser(""): Browser is opened with url: ''

2022-05-13 22:56:00 - [MESSAGE][INFO] - Starting 'Chrome' driver

2022-05-13 22:56:00 - [MESSAGE][INFO] - Action delay is set to 0 milliseconds

2022-05-13 22:56:02 - [MESSAGE][PASSED] - Browser is opened with url: ''

2022-05-13 22:56:02 - [TEST_STEP][PASSED] - maximizeWindow(): Current window maximized

2022-05-13 22:56:02 - [MESSAGE][PASSED] - Current window maximized

2022-05-13 22:56:02 - [TEST_STEP][PASSED] - navigateToUrl("https://qa.alta.id/"): Navigate to 'https://qa.alta.id/' successfully

2022-05-13 22:56:04 - [MESSAGE][PASSED] - Navigate to 'https://qa.alta.id/' successfully

2022-05-13 22:56:04 - [TEST_STEP][PASSED] - callTestCase(findTestCase("WEB/Auth/Login_Success"), [:], CONTINUE_ON_FAILURE): Call Test Case 'Test Cases/WEB/Auth/Login_Success' successfully

2022-05-13 22:56:04 - [TEST_CASE][PASSED] - Test Cases/WEB/Auth/Login_Success: Test Cases/WEB/Auth/Login_Success

2022-05-13 22:56:04 - [TEST_STEP][PASSED] - click(findTestObject("WEB/Auth/Login/login_ico")): Object: 'Object Repository/WEB/Auth/Login/login_ico' is clicked on

2022-05-13 22:56:09 - [MESSAGE][PASSED] - Object: 'Object Repository/WEB/Auth/Login/login_ico' is clicked on

2022-05-13 22:56:09 - [TEST_STEP][PASSED] - setText(findTestObject("WEB/Auth/Login/email_txtbox"), "salsabila@gmail.com"): Text 'salsabila@gmail.com' is set on object 'Object Repository/WEB/Auth/Login/email_txtbox'

2022-05-13 22:56:11 - [MESSAGE][PASSED] - Text 'salsabila@gmail.com' is set on object 'Object Repository/WEB/Auth/Login/email_txtbox'

2022-05-13 22:56:11 - [TEST_STEP][PASSED] - setText(findTestObject("WEB/Auth/Login/password_txtbox"), "salsabila"): Text 'salsabila' is set on object 'Object Repository/WEB/Auth/Login/password_txtbox'

2022-05-13 22:56:12 - [MESSAGE][PASSED] - Text 'salsabila' is set on object 'Object Repository/WEB/Auth/Login/password_txtbox'

2022-05-13 22:56:12 - [TEST_STEP][PASSED] - click(findTestObject("WEB/Auth/Login/login_btn")): Object: 'Object Repository/WEB/Auth/Login/login_btn' is clicked on

2022-05-13 22:56:13 - [MESSAGE][PASSED] - Object: 'Object Repository/WEB/Auth/Login/login_btn' is clicked on

2022-05-13 22:56:13 - [TEST_STEP][PASSED] - verifyElementPresent(findTestObject("WEB/Auth/Logout/user_ico"), 2, CONTINUE_ON_FAILURE): Object 'Object Repository/WEB/Auth/Logout/user_ico' is present

2022-05-13 22:56:22 - [MESSAGE][PASSED] - Object 'Object Repository/WEB/Auth/Logout/user_ico' is present

2022-05-13 22:56:22 - [MESSAGE][PASSED] - Call Test Case 'Test Cases/WEB/Auth/Login_Success' successfully

2022-05-13 22:56:22 - [TEST_STEP][PASSED] - click(findTestObject("WEB/Homepage/AddToCart/button_Beli")): Object: 'Object Repository/WEB/Homepage/AddToCart/button_Beli' is clicked on

2022-05-13 22:56:22 - [MESSAGE][PASSED] - Object: 'Object Repository/WEB/Homepage/AddToCart/button_Beli' is clicked on

2022-05-13 22:56:22 - [TEST_STEP][PASSED] - click(findTestObject("WEB/Homepage/AddToCart/button_Cart")): Object: 'Object Repository/WEB/Homepage/AddToCart/button_Cart' is clicked on

2022-05-13 22:56:23 - [MESSAGE][PASSED] - Object: 'Object Repository/WEB/Homepage/AddToCart/button_Cart' is clicked on

2022-05-13 22:56:23 - [TEST_STEP][PASSED] - total = getText(findTestObject("WEB/Transactions/IncreaseQuantity/total_price")): Text of object 'Object Repository/WEB/Transactions/IncreaseQuantity/total_price' is: '240000'

2022-05-13 22:56:23 - [MESSAGE][PASSED] - Text of object 'Object Repository/WEB/Transactions/IncreaseQuantity/total_price' is: '240000'

2022-05-13 22:56:23 - [TEST_STEP][PASSED] - cName = getText(findTestObject("WEB/Homepage/AddToCart/div_cartName")): Text of object 'Object Repository/WEB/Homepage/AddToCart/div_cartName' is: 'Tensi Darah Elektrik'

2022-05-13 22:56:24 - [MESSAGE][PASSED] - Text of object 'Object Repository/WEB/Homepage/AddToCart/div_cartName' is: 'Tensi Darah Elektrik'

2022-05-13 22:56:24 - [TEST_STEP][PASSED] - click(findTestObject("WEB/Transactions/Payment/button_bayar")): Object: 'Object Repository/WEB/Transactions/Payment/button_bayar' is clicked on

2022-05-13 22:56:25 - [MESSAGE][PASSED] - Object: 'Object Repository/WEB/Transactions/Payment/button_bayar' is clicked on

2022-05-13 22:56:25 - [TEST_STEP][PASSED] - name = getText(findTestObject("WEB/Transactions/Payment/product_name")): Text of object 'Object Repository/WEB/Transactions/Payment/product_name' is: 'Tensi Darah Elektrik'

2022-05-13 22:56:26 - [MESSAGE][PASSED] - Text of object 'Object Repository/WEB/Transactions/Payment/product_name' is: 'Tensi Darah Elektrik'

2022-05-13 22:56:26 - [TEST_STEP][PASSED] - total_payment = getText(findTestObject("WEB/Transactions/Payment/product_total")): Text of object 'Object Repository/WEB/Transactions/Payment/product_total' is: '240000'

2022-05-13 22:56:27 - [MESSAGE][PASSED] - Text of object 'Object Repository/WEB/Transactions/Payment/product_total' is: '240000'

2022-05-13 22:56:27 - [TEST_STEP][PASSED] - verifyEqual(total, total_payment): Actual object '240000' and expected object '240000' are equal

2022-05-13 22:56:27 - [MESSAGE][PASSED] - Actual object '240000' and expected object '240000' are equal

2022-05-13 22:56:27 - [TEST_STEP][PASSED] - verifyEqual(cName, name): Actual object 'Tensi Darah Elektrik' and expected object 'Tensi Darah Elektrik' are equal

2022-05-13 22:56:27 - [MESSAGE][PASSED] - Actual object 'Tensi Darah Elektrik' and expected object 'Tensi Darah Elektrik' are equal

2022-05-13 22:56:27 - [TEST_STEP][PASSED] - closeBrowser(): Browser is closed

2022-05-13 22:56:28 - [MESSAGE][PASSED] - Browser is closed]]></system-out>
         <system-err><![CDATA[]]></system-err>
      </testcase>
      <testcase name="Test Cases/WEB/Homepage/GiveStarRating" time="20.367" classname="Test Cases/WEB/Homepage/GiveStarRating" status="FAILED">
         <failure type="FAILED" message="Test Cases/WEB/Homepage/GiveStarRating FAILED.
Reason:
com.kms.katalon.core.exception.StepFailedException: Actual text '(4)' and expected text '(1)' of test object 'Object Repository/WEB/Homepage/GiveRating/rating_text' are NOT matched. (Root cause: com.kms.katalon.core.exception.StepFailedException: Actual text '(4)' and expected text '(1)' of test object 'Object Repository/WEB/Homepage/GiveRating/rating_text' are NOT matched.
	at com.kms.katalon.core.webui.keyword.internal.WebUIKeywordMain.stepFailed(WebUIKeywordMain.groovy:64)
	at com.kms.katalon.core.webui.keyword.builtin.VerifyElementTextKeyword$_verifyElementText_closure1.doCall(VerifyElementTextKeyword.groovy:57)
	at com.kms.katalon.core.webui.keyword.builtin.VerifyElementTextKeyword$_verifyElementText_closure1.call(VerifyElementTextKeyword.groovy)
	at com.kms.katalon.core.webui.keyword.internal.WebUIKeywordMain.runKeyword(WebUIKeywordMain.groovy:20)
	at com.kms.katalon.core.webui.keyword.builtin.VerifyElementTextKeyword.verifyElementText(VerifyElementTextKeyword.groovy:72)
	at com.kms.katalon.core.webui.keyword.builtin.VerifyElementTextKeyword.execute(VerifyElementTextKeyword.groovy:40)
	at com.kms.katalon.core.keyword.internal.KeywordExecutor.executeKeywordForPlatform(KeywordExecutor.groovy:74)
	at com.kms.katalon.core.webui.keyword.WebUiBuiltInKeywords.verifyElementText(WebUiBuiltInKeywords.groovy:4749)
	at com.kms.katalon.core.webui.keyword.WebUiBuiltInKeywords$verifyElementText$7.call(Unknown Source)
	at GiveStarRating.run(GiveStarRating:33)
	at com.kms.katalon.core.main.ScriptEngine.run(ScriptEngine.java:194)
	at com.kms.katalon.core.main.ScriptEngine.runScriptAsRawText(ScriptEngine.java:119)
	at com.kms.katalon.core.main.TestCaseExecutor.runScript(TestCaseExecutor.java:442)
	at com.kms.katalon.core.main.TestCaseExecutor.doExecute(TestCaseExecutor.java:433)
	at com.kms.katalon.core.main.TestCaseExecutor.processExecutionPhase(TestCaseExecutor.java:412)
	at com.kms.katalon.core.main.TestCaseExecutor.accessMainPhase(TestCaseExecutor.java:404)
	at com.kms.katalon.core.main.TestCaseExecutor.execute(TestCaseExecutor.java:281)
	at com.kms.katalon.core.main.TestSuiteExecutor.accessTestCaseMainPhase(TestSuiteExecutor.java:202)
	at com.kms.katalon.core.main.TestSuiteExecutor.accessTestSuiteMainPhase(TestSuiteExecutor.java:164)
	at com.kms.katalon.core.main.TestSuiteExecutor.execute(TestSuiteExecutor.java:105)
	at com.kms.katalon.core.main.TestCaseMain.startTestSuite(TestCaseMain.java:185)
	at com.kms.katalon.core.main.TestCaseMain$startTestSuite$0.call(Unknown Source)
	at TempTestSuite1652457136180.run(TempTestSuite1652457136180.groovy:36)
)
	at com.kms.katalon.core.keyword.internal.KeywordMain.stepFailed(KeywordMain.groovy:39)
	at com.kms.katalon.core.webui.keyword.internal.WebUIKeywordMain.stepFailed(WebUIKeywordMain.groovy:64)
	at com.kms.katalon.core.webui.keyword.builtin.VerifyElementTextKeyword$_verifyElementText_closure1.doCall(VerifyElementTextKeyword.groovy:57)
	at com.kms.katalon.core.webui.keyword.builtin.VerifyElementTextKeyword$_verifyElementText_closure1.call(VerifyElementTextKeyword.groovy)
	at com.kms.katalon.core.webui.keyword.internal.WebUIKeywordMain.runKeyword(WebUIKeywordMain.groovy:20)
	at com.kms.katalon.core.webui.keyword.builtin.VerifyElementTextKeyword.verifyElementText(VerifyElementTextKeyword.groovy:72)
	at com.kms.katalon.core.webui.keyword.builtin.VerifyElementTextKeyword.execute(VerifyElementTextKeyword.groovy:40)
	at com.kms.katalon.core.keyword.internal.KeywordExecutor.executeKeywordForPlatform(KeywordExecutor.groovy:74)
	at com.kms.katalon.core.webui.keyword.WebUiBuiltInKeywords.verifyElementText(WebUiBuiltInKeywords.groovy:4749)
	at com.kms.katalon.core.webui.keyword.WebUiBuiltInKeywords$verifyElementText$7.call(Unknown Source)
	at GiveStarRating.run(GiveStarRating:33)
	at com.kms.katalon.core.main.ScriptEngine.run(ScriptEngine.java:194)
	at com.kms.katalon.core.main.ScriptEngine.runScriptAsRawText(ScriptEngine.java:119)
	at com.kms.katalon.core.main.TestCaseExecutor.runScript(TestCaseExecutor.java:442)
	at com.kms.katalon.core.main.TestCaseExecutor.doExecute(TestCaseExecutor.java:433)
	at com.kms.katalon.core.main.TestCaseExecutor.processExecutionPhase(TestCaseExecutor.java:412)
	at com.kms.katalon.core.main.TestCaseExecutor.accessMainPhase(TestCaseExecutor.java:404)
	at com.kms.katalon.core.main.TestCaseExecutor.execute(TestCaseExecutor.java:281)
	at com.kms.katalon.core.main.TestSuiteExecutor.accessTestCaseMainPhase(TestSuiteExecutor.java:202)
	at com.kms.katalon.core.main.TestSuiteExecutor.accessTestSuiteMainPhase(TestSuiteExecutor.java:164)
	at com.kms.katalon.core.main.TestSuiteExecutor.execute(TestSuiteExecutor.java:105)
	at com.kms.katalon.core.main.TestCaseMain.startTestSuite(TestCaseMain.java:185)
	at com.kms.katalon.core.main.TestCaseMain$startTestSuite$0.call(Unknown Source)
	at TempTestSuite1652457136180.run(TempTestSuite1652457136180.groovy:36)
Caused by: com.kms.katalon.core.exception.StepFailedException: Actual text '(4)' and expected text '(1)' of test object 'Object Repository/WEB/Homepage/GiveRating/rating_text' are NOT matched.
	... 23 more
"/>
         <system-out><![CDATA[2022-05-13 22:56:28 - [TEST_CASE][FAILED] - Test Cases/WEB/Homepage/GiveStarRating: Test Cases/WEB/Homepage/GiveStarRating FAILED.
Reason:
com.kms.katalon.core.exception.StepFailedException: Actual text '(4)' and expected text '(1)' of test object 'Object Repository/WEB/Homepage/GiveRating/rating_text' are NOT matched. (Root cause: com.kms.katalon.core.exception.StepFailedException: Actual text '(4)' and expected text '(1)' of test object 'Object Repository/WEB/Homepage/GiveRating/rating_text' are NOT matched.
	at com.kms.katalon.core.webui.keyword.internal.WebUIKeywordMain.stepFailed(WebUIKeywordMain.groovy:64)
	at com.kms.katalon.core.webui.keyword.builtin.VerifyElementTextKeyword$_verifyElementText_closure1.doCall(VerifyElementTextKeyword.groovy:57)
	at com.kms.katalon.core.webui.keyword.builtin.VerifyElementTextKeyword$_verifyElementText_closure1.call(VerifyElementTextKeyword.groovy)
	at com.kms.katalon.core.webui.keyword.internal.WebUIKeywordMain.runKeyword(WebUIKeywordMain.groovy:20)
	at com.kms.katalon.core.webui.keyword.builtin.VerifyElementTextKeyword.verifyElementText(VerifyElementTextKeyword.groovy:72)
	at com.kms.katalon.core.webui.keyword.builtin.VerifyElementTextKeyword.execute(VerifyElementTextKeyword.groovy:40)
	at com.kms.katalon.core.keyword.internal.KeywordExecutor.executeKeywordForPlatform(KeywordExecutor.groovy:74)
	at com.kms.katalon.core.webui.keyword.WebUiBuiltInKeywords.verifyElementText(WebUiBuiltInKeywords.groovy:4749)
	at com.kms.katalon.core.webui.keyword.WebUiBuiltInKeywords$verifyElementText$7.call(Unknown Source)
	at GiveStarRating.run(GiveStarRating:33)
	at com.kms.katalon.core.main.ScriptEngine.run(ScriptEngine.java:194)
	at com.kms.katalon.core.main.ScriptEngine.runScriptAsRawText(ScriptEngine.java:119)
	at com.kms.katalon.core.main.TestCaseExecutor.runScript(TestCaseExecutor.java:442)
	at com.kms.katalon.core.main.TestCaseExecutor.doExecute(TestCaseExecutor.java:433)
	at com.kms.katalon.core.main.TestCaseExecutor.processExecutionPhase(TestCaseExecutor.java:412)
	at com.kms.katalon.core.main.TestCaseExecutor.accessMainPhase(TestCaseExecutor.java:404)
	at com.kms.katalon.core.main.TestCaseExecutor.execute(TestCaseExecutor.java:281)
	at com.kms.katalon.core.main.TestSuiteExecutor.accessTestCaseMainPhase(TestSuiteExecutor.java:202)
	at com.kms.katalon.core.main.TestSuiteExecutor.accessTestSuiteMainPhase(TestSuiteExecutor.java:164)
	at com.kms.katalon.core.main.TestSuiteExecutor.execute(TestSuiteExecutor.java:105)
	at com.kms.katalon.core.main.TestCaseMain.startTestSuite(TestCaseMain.java:185)
	at com.kms.katalon.core.main.TestCaseMain$startTestSuite$0.call(Unknown Source)
	at TempTestSuite1652457136180.run(TempTestSuite1652457136180.groovy:36)
)
	at com.kms.katalon.core.keyword.internal.KeywordMain.stepFailed(KeywordMain.groovy:39)
	at com.kms.katalon.core.webui.keyword.internal.WebUIKeywordMain.stepFailed(WebUIKeywordMain.groovy:64)
	at com.kms.katalon.core.webui.keyword.builtin.VerifyElementTextKeyword$_verifyElementText_closure1.doCall(VerifyElementTextKeyword.groovy:57)
	at com.kms.katalon.core.webui.keyword.builtin.VerifyElementTextKeyword$_verifyElementText_closure1.call(VerifyElementTextKeyword.groovy)
	at com.kms.katalon.core.webui.keyword.internal.WebUIKeywordMain.runKeyword(WebUIKeywordMain.groovy:20)
	at com.kms.katalon.core.webui.keyword.builtin.VerifyElementTextKeyword.verifyElementText(VerifyElementTextKeyword.groovy:72)
	at com.kms.katalon.core.webui.keyword.builtin.VerifyElementTextKeyword.execute(VerifyElementTextKeyword.groovy:40)
	at com.kms.katalon.core.keyword.internal.KeywordExecutor.executeKeywordForPlatform(KeywordExecutor.groovy:74)
	at com.kms.katalon.core.webui.keyword.WebUiBuiltInKeywords.verifyElementText(WebUiBuiltInKeywords.groovy:4749)
	at com.kms.katalon.core.webui.keyword.WebUiBuiltInKeywords$verifyElementText$7.call(Unknown Source)
	at GiveStarRating.run(GiveStarRating:33)
	at com.kms.katalon.core.main.ScriptEngine.run(ScriptEngine.java:194)
	at com.kms.katalon.core.main.ScriptEngine.runScriptAsRawText(ScriptEngine.java:119)
	at com.kms.katalon.core.main.TestCaseExecutor.runScript(TestCaseExecutor.java:442)
	at com.kms.katalon.core.main.TestCaseExecutor.doExecute(TestCaseExecutor.java:433)
	at com.kms.katalon.core.main.TestCaseExecutor.processExecutionPhase(TestCaseExecutor.java:412)
	at com.kms.katalon.core.main.TestCaseExecutor.accessMainPhase(TestCaseExecutor.java:404)
	at com.kms.katalon.core.main.TestCaseExecutor.execute(TestCaseExecutor.java:281)
	at com.kms.katalon.core.main.TestSuiteExecutor.accessTestCaseMainPhase(TestSuiteExecutor.java:202)
	at com.kms.katalon.core.main.TestSuiteExecutor.accessTestSuiteMainPhase(TestSuiteExecutor.java:164)
	at com.kms.katalon.core.main.TestSuiteExecutor.execute(TestSuiteExecutor.java:105)
	at com.kms.katalon.core.main.TestCaseMain.startTestSuite(TestCaseMain.java:185)
	at com.kms.katalon.core.main.TestCaseMain$startTestSuite$0.call(Unknown Source)
	at TempTestSuite1652457136180.run(TempTestSuite1652457136180.groovy:36)
Caused by: com.kms.katalon.core.exception.StepFailedException: Actual text '(4)' and expected text '(1)' of test object 'Object Repository/WEB/Homepage/GiveRating/rating_text' are NOT matched.
	... 23 more


2022-05-13 22:56:29 - [TEST_STEP][PASSED] - openBrowser(""): Browser is opened with url: ''

2022-05-13 22:56:29 - [MESSAGE][INFO] - Starting 'Chrome' driver

2022-05-13 22:56:29 - [MESSAGE][INFO] - Action delay is set to 0 milliseconds

2022-05-13 22:56:30 - [MESSAGE][PASSED] - Browser is opened with url: ''

2022-05-13 22:56:30 - [TEST_STEP][PASSED] - maximizeWindow(): Current window maximized

2022-05-13 22:56:31 - [MESSAGE][PASSED] - Current window maximized

2022-05-13 22:56:31 - [TEST_STEP][PASSED] - navigateToUrl("https://qa.alta.id/"): Navigate to 'https://qa.alta.id/' successfully

2022-05-13 22:56:33 - [MESSAGE][PASSED] - Navigate to 'https://qa.alta.id/' successfully

2022-05-13 22:56:33 - [TEST_STEP][PASSED] - click(findTestObject("WEB/Homepage/SelectCategory/button_detail")): Object: 'Object Repository/WEB/Homepage/SelectCategory/button_detail' is clicked on

2022-05-13 22:56:38 - [MESSAGE][PASSED] - Object: 'Object Repository/WEB/Homepage/SelectCategory/button_detail' is clicked on

2022-05-13 22:56:38 - [TEST_STEP][FAILED] - for ([i = 1, i <= 5, (i++)]): null

2022-05-13 22:56:38 - [TEST_STEP][PASSED] - click(findTestObject("WEB/Homepage/GiveRating/rating_" + i)): Object: 'Object Repository/WEB/Homepage/GiveRating/rating_1' is clicked on

2022-05-13 22:56:40 - [MESSAGE][PASSED] - Object: 'Object Repository/WEB/Homepage/GiveRating/rating_1' is clicked on

2022-05-13 22:56:40 - [TEST_STEP][PASSED] - rate = "(" + i + ")": null

2022-05-13 22:56:40 - [TEST_STEP][FAILED] - verifyElementText(findTestObject("WEB/Homepage/GiveRating/rating_text"), rate): Actual text '(4)' and expected text '(1)' of test object 'Object Repository/WEB/Homepage/GiveRating/rating_text' are NOT matched. (Root cause: com.kms.katalon.core.exception.StepFailedException: Actual text '(4)' and expected text '(1)' of test object 'Object Repository/WEB/Homepage/GiveRating/rating_text' are NOT matched.
	at com.kms.katalon.core.webui.keyword.internal.WebUIKeywordMain.stepFailed(WebUIKeywordMain.groovy:64)
	at com.kms.katalon.core.webui.keyword.builtin.VerifyElementTextKeyword$_verifyElementText_closure1.doCall(VerifyElementTextKeyword.groovy:57)
	at com.kms.katalon.core.webui.keyword.builtin.VerifyElementTextKeyword$_verifyElementText_closure1.call(VerifyElementTextKeyword.groovy)
	at com.kms.katalon.core.webui.keyword.internal.WebUIKeywordMain.runKeyword(WebUIKeywordMain.groovy:20)
	at com.kms.katalon.core.webui.keyword.builtin.VerifyElementTextKeyword.verifyElementText(VerifyElementTextKeyword.groovy:72)
	at com.kms.katalon.core.webui.keyword.builtin.VerifyElementTextKeyword.execute(VerifyElementTextKeyword.groovy:40)
	at com.kms.katalon.core.keyword.internal.KeywordExecutor.executeKeywordForPlatform(KeywordExecutor.groovy:74)
	at com.kms.katalon.core.webui.keyword.WebUiBuiltInKeywords.verifyElementText(WebUiBuiltInKeywords.groovy:4749)
	at com.kms.katalon.core.webui.keyword.WebUiBuiltInKeywords$verifyElementText$7.call(Unknown Source)
	at GiveStarRating.run(GiveStarRating:33)
	at com.kms.katalon.core.main.ScriptEngine.run(ScriptEngine.java:194)
	at com.kms.katalon.core.main.ScriptEngine.runScriptAsRawText(ScriptEngine.java:119)
	at com.kms.katalon.core.main.TestCaseExecutor.runScript(TestCaseExecutor.java:442)
	at com.kms.katalon.core.main.TestCaseExecutor.doExecute(TestCaseExecutor.java:433)
	at com.kms.katalon.core.main.TestCaseExecutor.processExecutionPhase(TestCaseExecutor.java:412)
	at com.kms.katalon.core.main.TestCaseExecutor.accessMainPhase(TestCaseExecutor.java:404)
	at com.kms.katalon.core.main.TestCaseExecutor.execute(TestCaseExecutor.java:281)
	at com.kms.katalon.core.main.TestSuiteExecutor.accessTestCaseMainPhase(TestSuiteExecutor.java:202)
	at com.kms.katalon.core.main.TestSuiteExecutor.accessTestSuiteMainPhase(TestSuiteExecutor.java:164)
	at com.kms.katalon.core.main.TestSuiteExecutor.execute(TestSuiteExecutor.java:105)
	at com.kms.katalon.core.main.TestCaseMain.startTestSuite(TestCaseMain.java:185)
	at com.kms.katalon.core.main.TestCaseMain$startTestSuite$0.call(Unknown Source)
	at TempTestSuite1652457136180.run(TempTestSuite1652457136180.groovy:36)
)

2022-05-13 22:56:41 - [MESSAGE][FAILED] - Actual text '(4)' and expected text '(1)' of test object 'Object Repository/WEB/Homepage/GiveRating/rating_text' are NOT matched. (Root cause: com.kms.katalon.core.exception.StepFailedException: Actual text '(4)' and expected text '(1)' of test object 'Object Repository/WEB/Homepage/GiveRating/rating_text' are NOT matched.
	at com.kms.katalon.core.webui.keyword.internal.WebUIKeywordMain.stepFailed(WebUIKeywordMain.groovy:64)
	at com.kms.katalon.core.webui.keyword.builtin.VerifyElementTextKeyword$_verifyElementText_closure1.doCall(VerifyElementTextKeyword.groovy:57)
	at com.kms.katalon.core.webui.keyword.builtin.VerifyElementTextKeyword$_verifyElementText_closure1.call(VerifyElementTextKeyword.groovy)
	at com.kms.katalon.core.webui.keyword.internal.WebUIKeywordMain.runKeyword(WebUIKeywordMain.groovy:20)
	at com.kms.katalon.core.webui.keyword.builtin.VerifyElementTextKeyword.verifyElementText(VerifyElementTextKeyword.groovy:72)
	at com.kms.katalon.core.webui.keyword.builtin.VerifyElementTextKeyword.execute(VerifyElementTextKeyword.groovy:40)
	at com.kms.katalon.core.keyword.internal.KeywordExecutor.executeKeywordForPlatform(KeywordExecutor.groovy:74)
	at com.kms.katalon.core.webui.keyword.WebUiBuiltInKeywords.verifyElementText(WebUiBuiltInKeywords.groovy:4749)
	at com.kms.katalon.core.webui.keyword.WebUiBuiltInKeywords$verifyElementText$7.call(Unknown Source)
	at GiveStarRating.run(GiveStarRating:33)
	at com.kms.katalon.core.main.ScriptEngine.run(ScriptEngine.java:194)
	at com.kms.katalon.core.main.ScriptEngine.runScriptAsRawText(ScriptEngine.java:119)
	at com.kms.katalon.core.main.TestCaseExecutor.runScript(TestCaseExecutor.java:442)
	at com.kms.katalon.core.main.TestCaseExecutor.doExecute(TestCaseExecutor.java:433)
	at com.kms.katalon.core.main.TestCaseExecutor.processExecutionPhase(TestCaseExecutor.java:412)
	at com.kms.katalon.core.main.TestCaseExecutor.accessMainPhase(TestCaseExecutor.java:404)
	at com.kms.katalon.core.main.TestCaseExecutor.execute(TestCaseExecutor.java:281)
	at com.kms.katalon.core.main.TestSuiteExecutor.accessTestCaseMainPhase(TestSuiteExecutor.java:202)
	at com.kms.katalon.core.main.TestSuiteExecutor.accessTestSuiteMainPhase(TestSuiteExecutor.java:164)
	at com.kms.katalon.core.main.TestSuiteExecutor.execute(TestSuiteExecutor.java:105)
	at com.kms.katalon.core.main.TestCaseMain.startTestSuite(TestCaseMain.java:185)
	at com.kms.katalon.core.main.TestCaseMain$startTestSuite$0.call(Unknown Source)
	at TempTestSuite1652457136180.run(TempTestSuite1652457136180.groovy:36)
)
[[ATTACHMENT|F:\\1. UNNES\\6. Semester 6\\2 - MSIB\\final-project-qe-alta4\\final-project-qe-alta\\Reports\\20220513_225216\\WEB\\WEB\\20220513_225216\\1652457400989.png]]

2022-05-13 22:56:41 - [TEST_STEP][PASSED] - click(findTestObject("WEB/Homepage/GiveRating/rating_" + i)): Object: 'Object Repository/WEB/Homepage/GiveRating/rating_2' is clicked on

2022-05-13 22:56:41 - [MESSAGE][PASSED] - Object: 'Object Repository/WEB/Homepage/GiveRating/rating_2' is clicked on

2022-05-13 22:56:41 - [TEST_STEP][PASSED] - rate = "(" + i + ")": null

2022-05-13 22:56:41 - [TEST_STEP][FAILED] - verifyElementText(findTestObject("WEB/Homepage/GiveRating/rating_text"), rate): Actual text '(4)' and expected text '(2)' of test object 'Object Repository/WEB/Homepage/GiveRating/rating_text' are NOT matched. (Root cause: com.kms.katalon.core.exception.StepFailedException: Actual text '(4)' and expected text '(2)' of test object 'Object Repository/WEB/Homepage/GiveRating/rating_text' are NOT matched.
	at com.kms.katalon.core.webui.keyword.internal.WebUIKeywordMain.stepFailed(WebUIKeywordMain.groovy:64)
	at com.kms.katalon.core.webui.keyword.builtin.VerifyElementTextKeyword$_verifyElementText_closure1.doCall(VerifyElementTextKeyword.groovy:57)
	at com.kms.katalon.core.webui.keyword.builtin.VerifyElementTextKeyword$_verifyElementText_closure1.call(VerifyElementTextKeyword.groovy)
	at com.kms.katalon.core.webui.keyword.internal.WebUIKeywordMain.runKeyword(WebUIKeywordMain.groovy:20)
	at com.kms.katalon.core.webui.keyword.builtin.VerifyElementTextKeyword.verifyElementText(VerifyElementTextKeyword.groovy:72)
	at com.kms.katalon.core.webui.keyword.builtin.VerifyElementTextKeyword.execute(VerifyElementTextKeyword.groovy:40)
	at com.kms.katalon.core.keyword.internal.KeywordExecutor.executeKeywordForPlatform(KeywordExecutor.groovy:74)
	at com.kms.katalon.core.webui.keyword.WebUiBuiltInKeywords.verifyElementText(WebUiBuiltInKeywords.groovy:4749)
	at com.kms.katalon.core.webui.keyword.WebUiBuiltInKeywords$verifyElementText$7.call(Unknown Source)
	at GiveStarRating.run(GiveStarRating:33)
	at com.kms.katalon.core.main.ScriptEngine.run(ScriptEngine.java:194)
	at com.kms.katalon.core.main.ScriptEngine.runScriptAsRawText(ScriptEngine.java:119)
	at com.kms.katalon.core.main.TestCaseExecutor.runScript(TestCaseExecutor.java:442)
	at com.kms.katalon.core.main.TestCaseExecutor.doExecute(TestCaseExecutor.java:433)
	at com.kms.katalon.core.main.TestCaseExecutor.processExecutionPhase(TestCaseExecutor.java:412)
	at com.kms.katalon.core.main.TestCaseExecutor.accessMainPhase(TestCaseExecutor.java:404)
	at com.kms.katalon.core.main.TestCaseExecutor.execute(TestCaseExecutor.java:281)
	at com.kms.katalon.core.main.TestSuiteExecutor.accessTestCaseMainPhase(TestSuiteExecutor.java:202)
	at com.kms.katalon.core.main.TestSuiteExecutor.accessTestSuiteMainPhase(TestSuiteExecutor.java:164)
	at com.kms.katalon.core.main.TestSuiteExecutor.execute(TestSuiteExecutor.java:105)
	at com.kms.katalon.core.main.TestCaseMain.startTestSuite(TestCaseMain.java:185)
	at com.kms.katalon.core.main.TestCaseMain$startTestSuite$0.call(Unknown Source)
	at TempTestSuite1652457136180.run(TempTestSuite1652457136180.groovy:36)
)

2022-05-13 22:56:42 - [MESSAGE][FAILED] - Actual text '(4)' and expected text '(2)' of test object 'Object Repository/WEB/Homepage/GiveRating/rating_text' are NOT matched. (Root cause: com.kms.katalon.core.exception.StepFailedException: Actual text '(4)' and expected text '(2)' of test object 'Object Repository/WEB/Homepage/GiveRating/rating_text' are NOT matched.
	at com.kms.katalon.core.webui.keyword.internal.WebUIKeywordMain.stepFailed(WebUIKeywordMain.groovy:64)
	at com.kms.katalon.core.webui.keyword.builtin.VerifyElementTextKeyword$_verifyElementText_closure1.doCall(VerifyElementTextKeyword.groovy:57)
	at com.kms.katalon.core.webui.keyword.builtin.VerifyElementTextKeyword$_verifyElementText_closure1.call(VerifyElementTextKeyword.groovy)
	at com.kms.katalon.core.webui.keyword.internal.WebUIKeywordMain.runKeyword(WebUIKeywordMain.groovy:20)
	at com.kms.katalon.core.webui.keyword.builtin.VerifyElementTextKeyword.verifyElementText(VerifyElementTextKeyword.groovy:72)
	at com.kms.katalon.core.webui.keyword.builtin.VerifyElementTextKeyword.execute(VerifyElementTextKeyword.groovy:40)
	at com.kms.katalon.core.keyword.internal.KeywordExecutor.executeKeywordForPlatform(KeywordExecutor.groovy:74)
	at com.kms.katalon.core.webui.keyword.WebUiBuiltInKeywords.verifyElementText(WebUiBuiltInKeywords.groovy:4749)
	at com.kms.katalon.core.webui.keyword.WebUiBuiltInKeywords$verifyElementText$7.call(Unknown Source)
	at GiveStarRating.run(GiveStarRating:33)
	at com.kms.katalon.core.main.ScriptEngine.run(ScriptEngine.java:194)
	at com.kms.katalon.core.main.ScriptEngine.runScriptAsRawText(ScriptEngine.java:119)
	at com.kms.katalon.core.main.TestCaseExecutor.runScript(TestCaseExecutor.java:442)
	at com.kms.katalon.core.main.TestCaseExecutor.doExecute(TestCaseExecutor.java:433)
	at com.kms.katalon.core.main.TestCaseExecutor.processExecutionPhase(TestCaseExecutor.java:412)
	at com.kms.katalon.core.main.TestCaseExecutor.accessMainPhase(TestCaseExecutor.java:404)
	at com.kms.katalon.core.main.TestCaseExecutor.execute(TestCaseExecutor.java:281)
	at com.kms.katalon.core.main.TestSuiteExecutor.accessTestCaseMainPhase(TestSuiteExecutor.java:202)
	at com.kms.katalon.core.main.TestSuiteExecutor.accessTestSuiteMainPhase(TestSuiteExecutor.java:164)
	at com.kms.katalon.core.main.TestSuiteExecutor.execute(TestSuiteExecutor.java:105)
	at com.kms.katalon.core.main.TestCaseMain.startTestSuite(TestCaseMain.java:185)
	at com.kms.katalon.core.main.TestCaseMain$startTestSuite$0.call(Unknown Source)
	at TempTestSuite1652457136180.run(TempTestSuite1652457136180.groovy:36)
)
[[ATTACHMENT|F:\\1. UNNES\\6. Semester 6\\2 - MSIB\\final-project-qe-alta4\\final-project-qe-alta\\Reports\\20220513_225216\\WEB\\WEB\\20220513_225216\\1652457402682.png]]

2022-05-13 22:56:42 - [TEST_STEP][PASSED] - click(findTestObject("WEB/Homepage/GiveRating/rating_" + i)): Object: 'Object Repository/WEB/Homepage/GiveRating/rating_3' is clicked on

2022-05-13 22:56:43 - [MESSAGE][PASSED] - Object: 'Object Repository/WEB/Homepage/GiveRating/rating_3' is clicked on

2022-05-13 22:56:43 - [TEST_STEP][PASSED] - rate = "(" + i + ")": null

2022-05-13 22:56:43 - [TEST_STEP][FAILED] - verifyElementText(findTestObject("WEB/Homepage/GiveRating/rating_text"), rate): Actual text '(4)' and expected text '(3)' of test object 'Object Repository/WEB/Homepage/GiveRating/rating_text' are NOT matched. (Root cause: com.kms.katalon.core.exception.StepFailedException: Actual text '(4)' and expected text '(3)' of test object 'Object Repository/WEB/Homepage/GiveRating/rating_text' are NOT matched.
	at com.kms.katalon.core.webui.keyword.internal.WebUIKeywordMain.stepFailed(WebUIKeywordMain.groovy:64)
	at com.kms.katalon.core.webui.keyword.builtin.VerifyElementTextKeyword$_verifyElementText_closure1.doCall(VerifyElementTextKeyword.groovy:57)
	at com.kms.katalon.core.webui.keyword.builtin.VerifyElementTextKeyword$_verifyElementText_closure1.call(VerifyElementTextKeyword.groovy)
	at com.kms.katalon.core.webui.keyword.internal.WebUIKeywordMain.runKeyword(WebUIKeywordMain.groovy:20)
	at com.kms.katalon.core.webui.keyword.builtin.VerifyElementTextKeyword.verifyElementText(VerifyElementTextKeyword.groovy:72)
	at com.kms.katalon.core.webui.keyword.builtin.VerifyElementTextKeyword.execute(VerifyElementTextKeyword.groovy:40)
	at com.kms.katalon.core.keyword.internal.KeywordExecutor.executeKeywordForPlatform(KeywordExecutor.groovy:74)
	at com.kms.katalon.core.webui.keyword.WebUiBuiltInKeywords.verifyElementText(WebUiBuiltInKeywords.groovy:4749)
	at com.kms.katalon.core.webui.keyword.WebUiBuiltInKeywords$verifyElementText$7.call(Unknown Source)
	at GiveStarRating.run(GiveStarRating:33)
	at com.kms.katalon.core.main.ScriptEngine.run(ScriptEngine.java:194)
	at com.kms.katalon.core.main.ScriptEngine.runScriptAsRawText(ScriptEngine.java:119)
	at com.kms.katalon.core.main.TestCaseExecutor.runScript(TestCaseExecutor.java:442)
	at com.kms.katalon.core.main.TestCaseExecutor.doExecute(TestCaseExecutor.java:433)
	at com.kms.katalon.core.main.TestCaseExecutor.processExecutionPhase(TestCaseExecutor.java:412)
	at com.kms.katalon.core.main.TestCaseExecutor.accessMainPhase(TestCaseExecutor.java:404)
	at com.kms.katalon.core.main.TestCaseExecutor.execute(TestCaseExecutor.java:281)
	at com.kms.katalon.core.main.TestSuiteExecutor.accessTestCaseMainPhase(TestSuiteExecutor.java:202)
	at com.kms.katalon.core.main.TestSuiteExecutor.accessTestSuiteMainPhase(TestSuiteExecutor.java:164)
	at com.kms.katalon.core.main.TestSuiteExecutor.execute(TestSuiteExecutor.java:105)
	at com.kms.katalon.core.main.TestCaseMain.startTestSuite(TestCaseMain.java:185)
	at com.kms.katalon.core.main.TestCaseMain$startTestSuite$0.call(Unknown Source)
	at TempTestSuite1652457136180.run(TempTestSuite1652457136180.groovy:36)
)

2022-05-13 22:56:44 - [MESSAGE][FAILED] - Actual text '(4)' and expected text '(3)' of test object 'Object Repository/WEB/Homepage/GiveRating/rating_text' are NOT matched. (Root cause: com.kms.katalon.core.exception.StepFailedException: Actual text '(4)' and expected text '(3)' of test object 'Object Repository/WEB/Homepage/GiveRating/rating_text' are NOT matched.
	at com.kms.katalon.core.webui.keyword.internal.WebUIKeywordMain.stepFailed(WebUIKeywordMain.groovy:64)
	at com.kms.katalon.core.webui.keyword.builtin.VerifyElementTextKeyword$_verifyElementText_closure1.doCall(VerifyElementTextKeyword.groovy:57)
	at com.kms.katalon.core.webui.keyword.builtin.VerifyElementTextKeyword$_verifyElementText_closure1.call(VerifyElementTextKeyword.groovy)
	at com.kms.katalon.core.webui.keyword.internal.WebUIKeywordMain.runKeyword(WebUIKeywordMain.groovy:20)
	at com.kms.katalon.core.webui.keyword.builtin.VerifyElementTextKeyword.verifyElementText(VerifyElementTextKeyword.groovy:72)
	at com.kms.katalon.core.webui.keyword.builtin.VerifyElementTextKeyword.execute(VerifyElementTextKeyword.groovy:40)
	at com.kms.katalon.core.keyword.internal.KeywordExecutor.executeKeywordForPlatform(KeywordExecutor.groovy:74)
	at com.kms.katalon.core.webui.keyword.WebUiBuiltInKeywords.verifyElementText(WebUiBuiltInKeywords.groovy:4749)
	at com.kms.katalon.core.webui.keyword.WebUiBuiltInKeywords$verifyElementText$7.call(Unknown Source)
	at GiveStarRating.run(GiveStarRating:33)
	at com.kms.katalon.core.main.ScriptEngine.run(ScriptEngine.java:194)
	at com.kms.katalon.core.main.ScriptEngine.runScriptAsRawText(ScriptEngine.java:119)
	at com.kms.katalon.core.main.TestCaseExecutor.runScript(TestCaseExecutor.java:442)
	at com.kms.katalon.core.main.TestCaseExecutor.doExecute(TestCaseExecutor.java:433)
	at com.kms.katalon.core.main.TestCaseExecutor.processExecutionPhase(TestCaseExecutor.java:412)
	at com.kms.katalon.core.main.TestCaseExecutor.accessMainPhase(TestCaseExecutor.java:404)
	at com.kms.katalon.core.main.TestCaseExecutor.execute(TestCaseExecutor.java:281)
	at com.kms.katalon.core.main.TestSuiteExecutor.accessTestCaseMainPhase(TestSuiteExecutor.java:202)
	at com.kms.katalon.core.main.TestSuiteExecutor.accessTestSuiteMainPhase(TestSuiteExecutor.java:164)
	at com.kms.katalon.core.main.TestSuiteExecutor.execute(TestSuiteExecutor.java:105)
	at com.kms.katalon.core.main.TestCaseMain.startTestSuite(TestCaseMain.java:185)
	at com.kms.katalon.core.main.TestCaseMain$startTestSuite$0.call(Unknown Source)
	at TempTestSuite1652457136180.run(TempTestSuite1652457136180.groovy:36)
)
[[ATTACHMENT|F:\\1. UNNES\\6. Semester 6\\2 - MSIB\\final-project-qe-alta4\\final-project-qe-alta\\Reports\\20220513_225216\\WEB\\WEB\\20220513_225216\\1652457404287.png]]

2022-05-13 22:56:44 - [TEST_STEP][PASSED] - click(findTestObject("WEB/Homepage/GiveRating/rating_" + i)): Object: 'Object Repository/WEB/Homepage/GiveRating/rating_4' is clicked on

2022-05-13 22:56:45 - [MESSAGE][PASSED] - Object: 'Object Repository/WEB/Homepage/GiveRating/rating_4' is clicked on

2022-05-13 22:56:45 - [TEST_STEP][PASSED] - rate = "(" + i + ")": null

2022-05-13 22:56:45 - [TEST_STEP][PASSED] - verifyElementText(findTestObject("WEB/Homepage/GiveRating/rating_text"), rate): Actual text and expected text of test object 'Object Repository/WEB/Homepage/GiveRating/rating_text' are matched.

2022-05-13 22:56:46 - [MESSAGE][PASSED] - Actual text and expected text of test object 'Object Repository/WEB/Homepage/GiveRating/rating_text' are matched.

2022-05-13 22:56:46 - [TEST_STEP][PASSED] - click(findTestObject("WEB/Homepage/GiveRating/rating_" + i)): Object: 'Object Repository/WEB/Homepage/GiveRating/rating_5' is clicked on

2022-05-13 22:56:46 - [MESSAGE][PASSED] - Object: 'Object Repository/WEB/Homepage/GiveRating/rating_5' is clicked on

2022-05-13 22:56:46 - [TEST_STEP][PASSED] - rate = "(" + i + ")": null

2022-05-13 22:56:46 - [TEST_STEP][FAILED] - verifyElementText(findTestObject("WEB/Homepage/GiveRating/rating_text"), rate): Actual text '(4)' and expected text '(5)' of test object 'Object Repository/WEB/Homepage/GiveRating/rating_text' are NOT matched. (Root cause: com.kms.katalon.core.exception.StepFailedException: Actual text '(4)' and expected text '(5)' of test object 'Object Repository/WEB/Homepage/GiveRating/rating_text' are NOT matched.
	at com.kms.katalon.core.webui.keyword.internal.WebUIKeywordMain.stepFailed(WebUIKeywordMain.groovy:64)
	at com.kms.katalon.core.webui.keyword.builtin.VerifyElementTextKeyword$_verifyElementText_closure1.doCall(VerifyElementTextKeyword.groovy:57)
	at com.kms.katalon.core.webui.keyword.builtin.VerifyElementTextKeyword$_verifyElementText_closure1.call(VerifyElementTextKeyword.groovy)
	at com.kms.katalon.core.webui.keyword.internal.WebUIKeywordMain.runKeyword(WebUIKeywordMain.groovy:20)
	at com.kms.katalon.core.webui.keyword.builtin.VerifyElementTextKeyword.verifyElementText(VerifyElementTextKeyword.groovy:72)
	at com.kms.katalon.core.webui.keyword.builtin.VerifyElementTextKeyword.execute(VerifyElementTextKeyword.groovy:40)
	at com.kms.katalon.core.keyword.internal.KeywordExecutor.executeKeywordForPlatform(KeywordExecutor.groovy:74)
	at com.kms.katalon.core.webui.keyword.WebUiBuiltInKeywords.verifyElementText(WebUiBuiltInKeywords.groovy:4749)
	at com.kms.katalon.core.webui.keyword.WebUiBuiltInKeywords$verifyElementText$7.call(Unknown Source)
	at GiveStarRating.run(GiveStarRating:33)
	at com.kms.katalon.core.main.ScriptEngine.run(ScriptEngine.java:194)
	at com.kms.katalon.core.main.ScriptEngine.runScriptAsRawText(ScriptEngine.java:119)
	at com.kms.katalon.core.main.TestCaseExecutor.runScript(TestCaseExecutor.java:442)
	at com.kms.katalon.core.main.TestCaseExecutor.doExecute(TestCaseExecutor.java:433)
	at com.kms.katalon.core.main.TestCaseExecutor.processExecutionPhase(TestCaseExecutor.java:412)
	at com.kms.katalon.core.main.TestCaseExecutor.accessMainPhase(TestCaseExecutor.java:404)
	at com.kms.katalon.core.main.TestCaseExecutor.execute(TestCaseExecutor.java:281)
	at com.kms.katalon.core.main.TestSuiteExecutor.accessTestCaseMainPhase(TestSuiteExecutor.java:202)
	at com.kms.katalon.core.main.TestSuiteExecutor.accessTestSuiteMainPhase(TestSuiteExecutor.java:164)
	at com.kms.katalon.core.main.TestSuiteExecutor.execute(TestSuiteExecutor.java:105)
	at com.kms.katalon.core.main.TestCaseMain.startTestSuite(TestCaseMain.java:185)
	at com.kms.katalon.core.main.TestCaseMain$startTestSuite$0.call(Unknown Source)
	at TempTestSuite1652457136180.run(TempTestSuite1652457136180.groovy:36)
)

2022-05-13 22:56:47 - [MESSAGE][FAILED] - Actual text '(4)' and expected text '(5)' of test object 'Object Repository/WEB/Homepage/GiveRating/rating_text' are NOT matched. (Root cause: com.kms.katalon.core.exception.StepFailedException: Actual text '(4)' and expected text '(5)' of test object 'Object Repository/WEB/Homepage/GiveRating/rating_text' are NOT matched.
	at com.kms.katalon.core.webui.keyword.internal.WebUIKeywordMain.stepFailed(WebUIKeywordMain.groovy:64)
	at com.kms.katalon.core.webui.keyword.builtin.VerifyElementTextKeyword$_verifyElementText_closure1.doCall(VerifyElementTextKeyword.groovy:57)
	at com.kms.katalon.core.webui.keyword.builtin.VerifyElementTextKeyword$_verifyElementText_closure1.call(VerifyElementTextKeyword.groovy)
	at com.kms.katalon.core.webui.keyword.internal.WebUIKeywordMain.runKeyword(WebUIKeywordMain.groovy:20)
	at com.kms.katalon.core.webui.keyword.builtin.VerifyElementTextKeyword.verifyElementText(VerifyElementTextKeyword.groovy:72)
	at com.kms.katalon.core.webui.keyword.builtin.VerifyElementTextKeyword.execute(VerifyElementTextKeyword.groovy:40)
	at com.kms.katalon.core.keyword.internal.KeywordExecutor.executeKeywordForPlatform(KeywordExecutor.groovy:74)
	at com.kms.katalon.core.webui.keyword.WebUiBuiltInKeywords.verifyElementText(WebUiBuiltInKeywords.groovy:4749)
	at com.kms.katalon.core.webui.keyword.WebUiBuiltInKeywords$verifyElementText$7.call(Unknown Source)
	at GiveStarRating.run(GiveStarRating:33)
	at com.kms.katalon.core.main.ScriptEngine.run(ScriptEngine.java:194)
	at com.kms.katalon.core.main.ScriptEngine.runScriptAsRawText(ScriptEngine.java:119)
	at com.kms.katalon.core.main.TestCaseExecutor.runScript(TestCaseExecutor.java:442)
	at com.kms.katalon.core.main.TestCaseExecutor.doExecute(TestCaseExecutor.java:433)
	at com.kms.katalon.core.main.TestCaseExecutor.processExecutionPhase(TestCaseExecutor.java:412)
	at com.kms.katalon.core.main.TestCaseExecutor.accessMainPhase(TestCaseExecutor.java:404)
	at com.kms.katalon.core.main.TestCaseExecutor.execute(TestCaseExecutor.java:281)
	at com.kms.katalon.core.main.TestSuiteExecutor.accessTestCaseMainPhase(TestSuiteExecutor.java:202)
	at com.kms.katalon.core.main.TestSuiteExecutor.accessTestSuiteMainPhase(TestSuiteExecutor.java:164)
	at com.kms.katalon.core.main.TestSuiteExecutor.execute(TestSuiteExecutor.java:105)
	at com.kms.katalon.core.main.TestCaseMain.startTestSuite(TestCaseMain.java:185)
	at com.kms.katalon.core.main.TestCaseMain$startTestSuite$0.call(Unknown Source)
	at TempTestSuite1652457136180.run(TempTestSuite1652457136180.groovy:36)
)
[[ATTACHMENT|F:\\1. UNNES\\6. Semester 6\\2 - MSIB\\final-project-qe-alta4\\final-project-qe-alta\\Reports\\20220513_225216\\WEB\\WEB\\20220513_225216\\1652457407468.png]]

2022-05-13 22:56:47 - [TEST_STEP][PASSED] - closeBrowser(): Browser is closed

2022-05-13 22:56:49 - [MESSAGE][PASSED] - Browser is closed]]></system-out>
         <system-err><![CDATA[2022-05-13 22:56:28 - [TEST_CASE][FAILED] - Test Cases/WEB/Homepage/GiveStarRating: Test Cases/WEB/Homepage/GiveStarRating FAILED.
Reason:
com.kms.katalon.core.exception.StepFailedException: Actual text '(4)' and expected text '(1)' of test object 'Object Repository/WEB/Homepage/GiveRating/rating_text' are NOT matched. (Root cause: com.kms.katalon.core.exception.StepFailedException: Actual text '(4)' and expected text '(1)' of test object 'Object Repository/WEB/Homepage/GiveRating/rating_text' are NOT matched.
	at com.kms.katalon.core.webui.keyword.internal.WebUIKeywordMain.stepFailed(WebUIKeywordMain.groovy:64)
	at com.kms.katalon.core.webui.keyword.builtin.VerifyElementTextKeyword$_verifyElementText_closure1.doCall(VerifyElementTextKeyword.groovy:57)
	at com.kms.katalon.core.webui.keyword.builtin.VerifyElementTextKeyword$_verifyElementText_closure1.call(VerifyElementTextKeyword.groovy)
	at com.kms.katalon.core.webui.keyword.internal.WebUIKeywordMain.runKeyword(WebUIKeywordMain.groovy:20)
	at com.kms.katalon.core.webui.keyword.builtin.VerifyElementTextKeyword.verifyElementText(VerifyElementTextKeyword.groovy:72)
	at com.kms.katalon.core.webui.keyword.builtin.VerifyElementTextKeyword.execute(VerifyElementTextKeyword.groovy:40)
	at com.kms.katalon.core.keyword.internal.KeywordExecutor.executeKeywordForPlatform(KeywordExecutor.groovy:74)
	at com.kms.katalon.core.webui.keyword.WebUiBuiltInKeywords.verifyElementText(WebUiBuiltInKeywords.groovy:4749)
	at com.kms.katalon.core.webui.keyword.WebUiBuiltInKeywords$verifyElementText$7.call(Unknown Source)
	at GiveStarRating.run(GiveStarRating:33)
	at com.kms.katalon.core.main.ScriptEngine.run(ScriptEngine.java:194)
	at com.kms.katalon.core.main.ScriptEngine.runScriptAsRawText(ScriptEngine.java:119)
	at com.kms.katalon.core.main.TestCaseExecutor.runScript(TestCaseExecutor.java:442)
	at com.kms.katalon.core.main.TestCaseExecutor.doExecute(TestCaseExecutor.java:433)
	at com.kms.katalon.core.main.TestCaseExecutor.processExecutionPhase(TestCaseExecutor.java:412)
	at com.kms.katalon.core.main.TestCaseExecutor.accessMainPhase(TestCaseExecutor.java:404)
	at com.kms.katalon.core.main.TestCaseExecutor.execute(TestCaseExecutor.java:281)
	at com.kms.katalon.core.main.TestSuiteExecutor.accessTestCaseMainPhase(TestSuiteExecutor.java:202)
	at com.kms.katalon.core.main.TestSuiteExecutor.accessTestSuiteMainPhase(TestSuiteExecutor.java:164)
	at com.kms.katalon.core.main.TestSuiteExecutor.execute(TestSuiteExecutor.java:105)
	at com.kms.katalon.core.main.TestCaseMain.startTestSuite(TestCaseMain.java:185)
	at com.kms.katalon.core.main.TestCaseMain$startTestSuite$0.call(Unknown Source)
	at TempTestSuite1652457136180.run(TempTestSuite1652457136180.groovy:36)
)
	at com.kms.katalon.core.keyword.internal.KeywordMain.stepFailed(KeywordMain.groovy:39)
	at com.kms.katalon.core.webui.keyword.internal.WebUIKeywordMain.stepFailed(WebUIKeywordMain.groovy:64)
	at com.kms.katalon.core.webui.keyword.builtin.VerifyElementTextKeyword$_verifyElementText_closure1.doCall(VerifyElementTextKeyword.groovy:57)
	at com.kms.katalon.core.webui.keyword.builtin.VerifyElementTextKeyword$_verifyElementText_closure1.call(VerifyElementTextKeyword.groovy)
	at com.kms.katalon.core.webui.keyword.internal.WebUIKeywordMain.runKeyword(WebUIKeywordMain.groovy:20)
	at com.kms.katalon.core.webui.keyword.builtin.VerifyElementTextKeyword.verifyElementText(VerifyElementTextKeyword.groovy:72)
	at com.kms.katalon.core.webui.keyword.builtin.VerifyElementTextKeyword.execute(VerifyElementTextKeyword.groovy:40)
	at com.kms.katalon.core.keyword.internal.KeywordExecutor.executeKeywordForPlatform(KeywordExecutor.groovy:74)
	at com.kms.katalon.core.webui.keyword.WebUiBuiltInKeywords.verifyElementText(WebUiBuiltInKeywords.groovy:4749)
	at com.kms.katalon.core.webui.keyword.WebUiBuiltInKeywords$verifyElementText$7.call(Unknown Source)
	at GiveStarRating.run(GiveStarRating:33)
	at com.kms.katalon.core.main.ScriptEngine.run(ScriptEngine.java:194)
	at com.kms.katalon.core.main.ScriptEngine.runScriptAsRawText(ScriptEngine.java:119)
	at com.kms.katalon.core.main.TestCaseExecutor.runScript(TestCaseExecutor.java:442)
	at com.kms.katalon.core.main.TestCaseExecutor.doExecute(TestCaseExecutor.java:433)
	at com.kms.katalon.core.main.TestCaseExecutor.processExecutionPhase(TestCaseExecutor.java:412)
	at com.kms.katalon.core.main.TestCaseExecutor.accessMainPhase(TestCaseExecutor.java:404)
	at com.kms.katalon.core.main.TestCaseExecutor.execute(TestCaseExecutor.java:281)
	at com.kms.katalon.core.main.TestSuiteExecutor.accessTestCaseMainPhase(TestSuiteExecutor.java:202)
	at com.kms.katalon.core.main.TestSuiteExecutor.accessTestSuiteMainPhase(TestSuiteExecutor.java:164)
	at com.kms.katalon.core.main.TestSuiteExecutor.execute(TestSuiteExecutor.java:105)
	at com.kms.katalon.core.main.TestCaseMain.startTestSuite(TestCaseMain.java:185)
	at com.kms.katalon.core.main.TestCaseMain$startTestSuite$0.call(Unknown Source)
	at TempTestSuite1652457136180.run(TempTestSuite1652457136180.groovy:36)
Caused by: com.kms.katalon.core.exception.StepFailedException: Actual text '(4)' and expected text '(1)' of test object 'Object Repository/WEB/Homepage/GiveRating/rating_text' are NOT matched.
	... 23 more]]></system-err>
      </testcase>
      <testcase name="Test Cases/WEB/Transactions/ViewBy15Rows" time="25.697" classname="Test Cases/WEB/Transactions/ViewBy15Rows" status="PASSED">
         <system-out><![CDATA[2022-05-13 22:56:49 - [TEST_CASE][PASSED] - Test Cases/WEB/Transactions/ViewBy15Rows: Test Cases/WEB/Transactions/ViewBy15Rows

2022-05-13 22:56:49 - [TEST_STEP][PASSED] - openBrowser(""): Browser is opened with url: ''

2022-05-13 22:56:49 - [MESSAGE][INFO] - Starting 'Chrome' driver

2022-05-13 22:56:49 - [MESSAGE][INFO] - Action delay is set to 0 milliseconds

2022-05-13 22:56:51 - [MESSAGE][PASSED] - Browser is opened with url: ''

2022-05-13 22:56:51 - [TEST_STEP][PASSED] - maximizeWindow(): Current window maximized

2022-05-13 22:56:51 - [MESSAGE][PASSED] - Current window maximized

2022-05-13 22:56:51 - [TEST_STEP][PASSED] - navigateToUrl("https://qa.alta.id/"): Navigate to 'https://qa.alta.id/' successfully

2022-05-13 22:56:53 - [MESSAGE][PASSED] - Navigate to 'https://qa.alta.id/' successfully

2022-05-13 22:56:53 - [TEST_STEP][PASSED] - callTestCase(findTestCase("WEB/Auth/Login_Success"), [:], CONTINUE_ON_FAILURE): Call Test Case 'Test Cases/WEB/Auth/Login_Success' successfully

2022-05-13 22:56:53 - [TEST_CASE][PASSED] - Test Cases/WEB/Auth/Login_Success: Test Cases/WEB/Auth/Login_Success

2022-05-13 22:56:53 - [TEST_STEP][PASSED] - click(findTestObject("WEB/Auth/Login/login_ico")): Object: 'Object Repository/WEB/Auth/Login/login_ico' is clicked on

2022-05-13 22:56:58 - [MESSAGE][PASSED] - Object: 'Object Repository/WEB/Auth/Login/login_ico' is clicked on

2022-05-13 22:56:58 - [TEST_STEP][PASSED] - setText(findTestObject("WEB/Auth/Login/email_txtbox"), "salsabila@gmail.com"): Text 'salsabila@gmail.com' is set on object 'Object Repository/WEB/Auth/Login/email_txtbox'

2022-05-13 22:56:59 - [MESSAGE][PASSED] - Text 'salsabila@gmail.com' is set on object 'Object Repository/WEB/Auth/Login/email_txtbox'

2022-05-13 22:56:59 - [TEST_STEP][PASSED] - setText(findTestObject("WEB/Auth/Login/password_txtbox"), "salsabila"): Text 'salsabila' is set on object 'Object Repository/WEB/Auth/Login/password_txtbox'

2022-05-13 22:57:00 - [MESSAGE][PASSED] - Text 'salsabila' is set on object 'Object Repository/WEB/Auth/Login/password_txtbox'

2022-05-13 22:57:00 - [TEST_STEP][PASSED] - click(findTestObject("WEB/Auth/Login/login_btn")): Object: 'Object Repository/WEB/Auth/Login/login_btn' is clicked on

2022-05-13 22:57:01 - [MESSAGE][PASSED] - Object: 'Object Repository/WEB/Auth/Login/login_btn' is clicked on

2022-05-13 22:57:01 - [TEST_STEP][PASSED] - verifyElementPresent(findTestObject("WEB/Auth/Logout/user_ico"), 2, CONTINUE_ON_FAILURE): Object 'Object Repository/WEB/Auth/Logout/user_ico' is present

2022-05-13 22:57:08 - [MESSAGE][PASSED] - Object 'Object Repository/WEB/Auth/Logout/user_ico' is present

2022-05-13 22:57:08 - [MESSAGE][PASSED] - Call Test Case 'Test Cases/WEB/Auth/Login_Success' successfully

2022-05-13 22:57:08 - [TEST_STEP][PASSED] - click(findTestObject("WEB/Auth/Logout/user_ico")): Object: 'Object Repository/WEB/Auth/Logout/user_ico' is clicked on

2022-05-13 22:57:09 - [MESSAGE][PASSED] - Object: 'Object Repository/WEB/Auth/Logout/user_ico' is clicked on

2022-05-13 22:57:09 - [TEST_STEP][PASSED] - click(findTestObject("WEB/Transactions/Payment/transaction_ico")): Object: 'Object Repository/WEB/Transactions/Payment/transaction_ico' is clicked on

2022-05-13 22:57:10 - [MESSAGE][PASSED] - Object: 'Object Repository/WEB/Transactions/Payment/transaction_ico' is clicked on

2022-05-13 22:57:10 - [TEST_STEP][PASSED] - click(findTestObject("WEB/Transactions/ViewByRows/select_ico")): Object: 'Object Repository/WEB/Transactions/ViewByRows/select_ico' is clicked on

2022-05-13 22:57:11 - [MESSAGE][PASSED] - Object: 'Object Repository/WEB/Transactions/ViewByRows/select_ico' is clicked on

2022-05-13 22:57:11 - [TEST_STEP][PASSED] - click(findTestObject("WEB/Transactions/ViewByRows/select_15rows")): Object: 'Object Repository/WEB/Transactions/ViewByRows/select_15rows' is clicked on

2022-05-13 22:57:12 - [MESSAGE][PASSED] - Object: 'Object Repository/WEB/Transactions/ViewByRows/select_15rows' is clicked on

2022-05-13 22:57:12 - [TEST_STEP][PASSED] - verifyElementNotPresent(findTestObject("WEB/Transactions/ViewByRows/16th_row"), 0): Web element with id: 'Object Repository/WEB/Transactions/ViewByRows/16th_row' located by 'By.xpath: /html/body/div[1]/div[1]/main/div/div/div/div/div[1]/table/tbody/tr[16]' is not present after '30' second(s)

2022-05-13 22:57:12 - [MESSAGE][WARNING] - Timeout '0' is invalid. Using default page load timeout: '30'

2022-05-13 22:57:13 - [MESSAGE][PASSED] - Web element with id: 'Object Repository/WEB/Transactions/ViewByRows/16th_row' located by 'By.xpath: /html/body/div[1]/div[1]/main/div/div/div/div/div[1]/table/tbody/tr[16]' is not present after '30' second(s)

2022-05-13 22:57:13 - [TEST_STEP][PASSED] - closeBrowser(): Browser is closed

2022-05-13 22:57:14 - [MESSAGE][PASSED] - Browser is closed]]></system-out>
         <system-err><![CDATA[]]></system-err>
      </testcase>
      <testcase name="Test Cases/WEB/Transactions/ViewBy10Rows" time="25.67" classname="Test Cases/WEB/Transactions/ViewBy10Rows" status="PASSED">
         <system-out><![CDATA[2022-05-13 22:57:14 - [TEST_CASE][PASSED] - Test Cases/WEB/Transactions/ViewBy10Rows: Test Cases/WEB/Transactions/ViewBy10Rows

2022-05-13 22:57:15 - [TEST_STEP][PASSED] - openBrowser(""): Browser is opened with url: ''

2022-05-13 22:57:15 - [MESSAGE][INFO] - Starting 'Chrome' driver

2022-05-13 22:57:15 - [MESSAGE][INFO] - Action delay is set to 0 milliseconds

2022-05-13 22:57:16 - [MESSAGE][PASSED] - Browser is opened with url: ''

2022-05-13 22:57:16 - [TEST_STEP][PASSED] - maximizeWindow(): Current window maximized

2022-05-13 22:57:17 - [MESSAGE][PASSED] - Current window maximized

2022-05-13 22:57:17 - [TEST_STEP][PASSED] - navigateToUrl("https://qa.alta.id/"): Navigate to 'https://qa.alta.id/' successfully

2022-05-13 22:57:19 - [MESSAGE][PASSED] - Navigate to 'https://qa.alta.id/' successfully

2022-05-13 22:57:19 - [TEST_STEP][PASSED] - callTestCase(findTestCase("WEB/Auth/Login_Success"), [:], CONTINUE_ON_FAILURE): Call Test Case 'Test Cases/WEB/Auth/Login_Success' successfully

2022-05-13 22:57:19 - [TEST_CASE][PASSED] - Test Cases/WEB/Auth/Login_Success: Test Cases/WEB/Auth/Login_Success

2022-05-13 22:57:19 - [TEST_STEP][PASSED] - click(findTestObject("WEB/Auth/Login/login_ico")): Object: 'Object Repository/WEB/Auth/Login/login_ico' is clicked on

2022-05-13 22:57:24 - [MESSAGE][PASSED] - Object: 'Object Repository/WEB/Auth/Login/login_ico' is clicked on

2022-05-13 22:57:24 - [TEST_STEP][PASSED] - setText(findTestObject("WEB/Auth/Login/email_txtbox"), "salsabila@gmail.com"): Text 'salsabila@gmail.com' is set on object 'Object Repository/WEB/Auth/Login/email_txtbox'

2022-05-13 22:57:26 - [MESSAGE][PASSED] - Text 'salsabila@gmail.com' is set on object 'Object Repository/WEB/Auth/Login/email_txtbox'

2022-05-13 22:57:26 - [TEST_STEP][PASSED] - setText(findTestObject("WEB/Auth/Login/password_txtbox"), "salsabila"): Text 'salsabila' is set on object 'Object Repository/WEB/Auth/Login/password_txtbox'

2022-05-13 22:57:27 - [MESSAGE][PASSED] - Text 'salsabila' is set on object 'Object Repository/WEB/Auth/Login/password_txtbox'

2022-05-13 22:57:27 - [TEST_STEP][PASSED] - click(findTestObject("WEB/Auth/Login/login_btn")): Object: 'Object Repository/WEB/Auth/Login/login_btn' is clicked on

2022-05-13 22:57:27 - [MESSAGE][PASSED] - Object: 'Object Repository/WEB/Auth/Login/login_btn' is clicked on

2022-05-13 22:57:27 - [TEST_STEP][PASSED] - verifyElementPresent(findTestObject("WEB/Auth/Logout/user_ico"), 2, CONTINUE_ON_FAILURE): Object 'Object Repository/WEB/Auth/Logout/user_ico' is present

2022-05-13 22:57:35 - [MESSAGE][PASSED] - Object 'Object Repository/WEB/Auth/Logout/user_ico' is present

2022-05-13 22:57:35 - [MESSAGE][PASSED] - Call Test Case 'Test Cases/WEB/Auth/Login_Success' successfully

2022-05-13 22:57:35 - [TEST_STEP][PASSED] - click(findTestObject("WEB/Auth/Logout/user_ico")): Object: 'Object Repository/WEB/Auth/Logout/user_ico' is clicked on

2022-05-13 22:57:36 - [MESSAGE][PASSED] - Object: 'Object Repository/WEB/Auth/Logout/user_ico' is clicked on

2022-05-13 22:57:36 - [TEST_STEP][PASSED] - click(findTestObject("WEB/Transactions/Payment/transaction_ico")): Object: 'Object Repository/WEB/Transactions/Payment/transaction_ico' is clicked on

2022-05-13 22:57:36 - [MESSAGE][PASSED] - Object: 'Object Repository/WEB/Transactions/Payment/transaction_ico' is clicked on

2022-05-13 22:57:36 - [TEST_STEP][PASSED] - click(findTestObject("WEB/Transactions/ViewByRows/select_ico")): Object: 'Object Repository/WEB/Transactions/ViewByRows/select_ico' is clicked on

2022-05-13 22:57:38 - [MESSAGE][PASSED] - Object: 'Object Repository/WEB/Transactions/ViewByRows/select_ico' is clicked on

2022-05-13 22:57:38 - [TEST_STEP][PASSED] - click(findTestObject("WEB/Transactions/ViewByRows/select_10rows")): Object: 'Object Repository/WEB/Transactions/ViewByRows/select_10rows' is clicked on

2022-05-13 22:57:38 - [MESSAGE][PASSED] - Object: 'Object Repository/WEB/Transactions/ViewByRows/select_10rows' is clicked on

2022-05-13 22:57:38 - [TEST_STEP][PASSED] - verifyElementNotPresent(findTestObject("WEB/Transactions/ViewByRows/11st_row"), 0): Web element with id: 'Object Repository/WEB/Transactions/ViewByRows/11st_row' located by 'By.xpath: /html/body/div[1]/div[1]/main/div/div/div/div/div[1]/table/tbody/tr[11]' is not present after '30' second(s)

2022-05-13 22:57:38 - [MESSAGE][WARNING] - Timeout '0' is invalid. Using default page load timeout: '30'

2022-05-13 22:57:39 - [MESSAGE][PASSED] - Web element with id: 'Object Repository/WEB/Transactions/ViewByRows/11st_row' located by 'By.xpath: /html/body/div[1]/div[1]/main/div/div/div/div/div[1]/table/tbody/tr[11]' is not present after '30' second(s)

2022-05-13 22:57:39 - [TEST_STEP][PASSED] - closeBrowser(): Browser is closed

2022-05-13 22:57:40 - [MESSAGE][PASSED] - Browser is closed]]></system-out>
         <system-err><![CDATA[]]></system-err>
      </testcase>
      <testcase name="Test Cases/WEB/Transactions/ViewBy5Rows" time="25.21" classname="Test Cases/WEB/Transactions/ViewBy5Rows" status="PASSED">
         <system-out><![CDATA[2022-05-13 22:57:40 - [TEST_CASE][PASSED] - Test Cases/WEB/Transactions/ViewBy5Rows: Test Cases/WEB/Transactions/ViewBy5Rows

2022-05-13 22:57:40 - [TEST_STEP][PASSED] - openBrowser(""): Browser is opened with url: ''

2022-05-13 22:57:40 - [MESSAGE][INFO] - Starting 'Chrome' driver

2022-05-13 22:57:40 - [MESSAGE][INFO] - Action delay is set to 0 milliseconds

2022-05-13 22:57:42 - [MESSAGE][PASSED] - Browser is opened with url: ''

2022-05-13 22:57:42 - [TEST_STEP][PASSED] - maximizeWindow(): Current window maximized

2022-05-13 22:57:43 - [MESSAGE][PASSED] - Current window maximized

2022-05-13 22:57:43 - [TEST_STEP][PASSED] - navigateToUrl("https://qa.alta.id/"): Navigate to 'https://qa.alta.id/' successfully

2022-05-13 22:57:45 - [MESSAGE][PASSED] - Navigate to 'https://qa.alta.id/' successfully

2022-05-13 22:57:45 - [TEST_STEP][PASSED] - callTestCase(findTestCase("WEB/Auth/Login_Success"), [:], CONTINUE_ON_FAILURE): Call Test Case 'Test Cases/WEB/Auth/Login_Success' successfully

2022-05-13 22:57:45 - [TEST_CASE][PASSED] - Test Cases/WEB/Auth/Login_Success: Test Cases/WEB/Auth/Login_Success

2022-05-13 22:57:45 - [TEST_STEP][PASSED] - click(findTestObject("WEB/Auth/Login/login_ico")): Object: 'Object Repository/WEB/Auth/Login/login_ico' is clicked on

2022-05-13 22:57:50 - [MESSAGE][PASSED] - Object: 'Object Repository/WEB/Auth/Login/login_ico' is clicked on

2022-05-13 22:57:50 - [TEST_STEP][PASSED] - setText(findTestObject("WEB/Auth/Login/email_txtbox"), "salsabila@gmail.com"): Text 'salsabila@gmail.com' is set on object 'Object Repository/WEB/Auth/Login/email_txtbox'

2022-05-13 22:57:51 - [MESSAGE][PASSED] - Text 'salsabila@gmail.com' is set on object 'Object Repository/WEB/Auth/Login/email_txtbox'

2022-05-13 22:57:51 - [TEST_STEP][PASSED] - setText(findTestObject("WEB/Auth/Login/password_txtbox"), "salsabila"): Text 'salsabila' is set on object 'Object Repository/WEB/Auth/Login/password_txtbox'

2022-05-13 22:57:52 - [MESSAGE][PASSED] - Text 'salsabila' is set on object 'Object Repository/WEB/Auth/Login/password_txtbox'

2022-05-13 22:57:52 - [TEST_STEP][PASSED] - click(findTestObject("WEB/Auth/Login/login_btn")): Object: 'Object Repository/WEB/Auth/Login/login_btn' is clicked on

2022-05-13 22:57:53 - [MESSAGE][PASSED] - Object: 'Object Repository/WEB/Auth/Login/login_btn' is clicked on

2022-05-13 22:57:53 - [TEST_STEP][PASSED] - verifyElementPresent(findTestObject("WEB/Auth/Logout/user_ico"), 2, CONTINUE_ON_FAILURE): Object 'Object Repository/WEB/Auth/Logout/user_ico' is present

2022-05-13 22:58:00 - [MESSAGE][PASSED] - Object 'Object Repository/WEB/Auth/Logout/user_ico' is present

2022-05-13 22:58:00 - [MESSAGE][PASSED] - Call Test Case 'Test Cases/WEB/Auth/Login_Success' successfully

2022-05-13 22:58:00 - [TEST_STEP][PASSED] - click(findTestObject("WEB/Auth/Logout/user_ico")): Object: 'Object Repository/WEB/Auth/Logout/user_ico' is clicked on

2022-05-13 22:58:01 - [MESSAGE][PASSED] - Object: 'Object Repository/WEB/Auth/Logout/user_ico' is clicked on

2022-05-13 22:58:01 - [TEST_STEP][PASSED] - click(findTestObject("WEB/Transactions/Payment/transaction_ico")): Object: 'Object Repository/WEB/Transactions/Payment/transaction_ico' is clicked on

2022-05-13 22:58:01 - [MESSAGE][PASSED] - Object: 'Object Repository/WEB/Transactions/Payment/transaction_ico' is clicked on

2022-05-13 22:58:01 - [TEST_STEP][PASSED] - click(findTestObject("WEB/Transactions/ViewByRows/select_ico")): Object: 'Object Repository/WEB/Transactions/ViewByRows/select_ico' is clicked on

2022-05-13 22:58:03 - [MESSAGE][PASSED] - Object: 'Object Repository/WEB/Transactions/ViewByRows/select_ico' is clicked on

2022-05-13 22:58:03 - [TEST_STEP][PASSED] - click(findTestObject("WEB/Transactions/ViewByRows/select_5rows")): Object: 'Object Repository/WEB/Transactions/ViewByRows/select_5rows' is clicked on

2022-05-13 22:58:04 - [MESSAGE][PASSED] - Object: 'Object Repository/WEB/Transactions/ViewByRows/select_5rows' is clicked on

2022-05-13 22:58:04 - [TEST_STEP][PASSED] - verifyElementNotPresent(findTestObject("WEB/Transactions/ViewByRows/6th_row"), 0): Web element with id: 'Object Repository/WEB/Transactions/ViewByRows/6th_row' located by 'By.xpath: /html/body/div[1]/div[1]/main/div/div/div/div/div[1]/table/tbody/tr[6]' is not present after '30' second(s)

2022-05-13 22:58:04 - [MESSAGE][WARNING] - Timeout '0' is invalid. Using default page load timeout: '30'

2022-05-13 22:58:04 - [MESSAGE][PASSED] - Web element with id: 'Object Repository/WEB/Transactions/ViewByRows/6th_row' located by 'By.xpath: /html/body/div[1]/div[1]/main/div/div/div/div/div[1]/table/tbody/tr[6]' is not present after '30' second(s)

2022-05-13 22:58:04 - [TEST_STEP][PASSED] - closeBrowser(): Browser is closed

2022-05-13 22:58:05 - [MESSAGE][PASSED] - Browser is closed]]></system-out>
         <system-err><![CDATA[]]></system-err>
      </testcase>
      <testcase name="Test Cases/WEB/Transactions/ViewByAllRows" time="25.487" classname="Test Cases/WEB/Transactions/ViewByAllRows" status="PASSED">
         <system-out><![CDATA[2022-05-13 22:58:05 - [TEST_CASE][PASSED] - Test Cases/WEB/Transactions/ViewByAllRows: Test Cases/WEB/Transactions/ViewByAllRows

2022-05-13 22:58:06 - [TEST_STEP][PASSED] - openBrowser(""): Browser is opened with url: ''

2022-05-13 22:58:06 - [MESSAGE][INFO] - Starting 'Chrome' driver

2022-05-13 22:58:06 - [MESSAGE][INFO] - Action delay is set to 0 milliseconds

2022-05-13 22:58:07 - [MESSAGE][PASSED] - Browser is opened with url: ''

2022-05-13 22:58:07 - [TEST_STEP][PASSED] - maximizeWindow(): Current window maximized

2022-05-13 22:58:07 - [MESSAGE][PASSED] - Current window maximized

2022-05-13 22:58:07 - [TEST_STEP][PASSED] - navigateToUrl("https://qa.alta.id/"): Navigate to 'https://qa.alta.id/' successfully

2022-05-13 22:58:09 - [MESSAGE][PASSED] - Navigate to 'https://qa.alta.id/' successfully

2022-05-13 22:58:09 - [TEST_STEP][PASSED] - callTestCase(findTestCase("WEB/Auth/Login_Success"), [:], CONTINUE_ON_FAILURE): Call Test Case 'Test Cases/WEB/Auth/Login_Success' successfully

2022-05-13 22:58:10 - [TEST_CASE][PASSED] - Test Cases/WEB/Auth/Login_Success: Test Cases/WEB/Auth/Login_Success

2022-05-13 22:58:10 - [TEST_STEP][PASSED] - click(findTestObject("WEB/Auth/Login/login_ico")): Object: 'Object Repository/WEB/Auth/Login/login_ico' is clicked on

2022-05-13 22:58:15 - [MESSAGE][PASSED] - Object: 'Object Repository/WEB/Auth/Login/login_ico' is clicked on

2022-05-13 22:58:15 - [TEST_STEP][PASSED] - setText(findTestObject("WEB/Auth/Login/email_txtbox"), "salsabila@gmail.com"): Text 'salsabila@gmail.com' is set on object 'Object Repository/WEB/Auth/Login/email_txtbox'

2022-05-13 22:58:17 - [MESSAGE][PASSED] - Text 'salsabila@gmail.com' is set on object 'Object Repository/WEB/Auth/Login/email_txtbox'

2022-05-13 22:58:17 - [TEST_STEP][PASSED] - setText(findTestObject("WEB/Auth/Login/password_txtbox"), "salsabila"): Text 'salsabila' is set on object 'Object Repository/WEB/Auth/Login/password_txtbox'

2022-05-13 22:58:18 - [MESSAGE][PASSED] - Text 'salsabila' is set on object 'Object Repository/WEB/Auth/Login/password_txtbox'

2022-05-13 22:58:18 - [TEST_STEP][PASSED] - click(findTestObject("WEB/Auth/Login/login_btn")): Object: 'Object Repository/WEB/Auth/Login/login_btn' is clicked on

2022-05-13 22:58:18 - [MESSAGE][PASSED] - Object: 'Object Repository/WEB/Auth/Login/login_btn' is clicked on

2022-05-13 22:58:18 - [TEST_STEP][PASSED] - verifyElementPresent(findTestObject("WEB/Auth/Logout/user_ico"), 2, CONTINUE_ON_FAILURE): Object 'Object Repository/WEB/Auth/Logout/user_ico' is present

2022-05-13 22:58:26 - [MESSAGE][PASSED] - Object 'Object Repository/WEB/Auth/Logout/user_ico' is present

2022-05-13 22:58:26 - [MESSAGE][PASSED] - Call Test Case 'Test Cases/WEB/Auth/Login_Success' successfully

2022-05-13 22:58:26 - [TEST_STEP][PASSED] - click(findTestObject("WEB/Auth/Logout/user_ico")): Object: 'Object Repository/WEB/Auth/Logout/user_ico' is clicked on

2022-05-13 22:58:26 - [MESSAGE][PASSED] - Object: 'Object Repository/WEB/Auth/Logout/user_ico' is clicked on

2022-05-13 22:58:26 - [TEST_STEP][PASSED] - click(findTestObject("WEB/Transactions/Payment/transaction_ico")): Object: 'Object Repository/WEB/Transactions/Payment/transaction_ico' is clicked on

2022-05-13 22:58:27 - [MESSAGE][PASSED] - Object: 'Object Repository/WEB/Transactions/Payment/transaction_ico' is clicked on

2022-05-13 22:58:27 - [TEST_STEP][PASSED] - click(findTestObject("WEB/Transactions/ViewByRows/select_ico")): Object: 'Object Repository/WEB/Transactions/ViewByRows/select_ico' is clicked on

2022-05-13 22:58:29 - [MESSAGE][PASSED] - Object: 'Object Repository/WEB/Transactions/ViewByRows/select_ico' is clicked on

2022-05-13 22:58:29 - [TEST_STEP][PASSED] - click(findTestObject("WEB/Transactions/ViewByRows/select_allrows")): Object: 'Object Repository/WEB/Transactions/ViewByRows/select_allrows' is clicked on

2022-05-13 22:58:29 - [MESSAGE][PASSED] - Object: 'Object Repository/WEB/Transactions/ViewByRows/select_allrows' is clicked on

2022-05-13 22:58:29 - [TEST_STEP][PASSED] - closeBrowser(): Browser is closed

2022-05-13 22:58:31 - [MESSAGE][PASSED] - Browser is closed]]></system-out>
         <system-err><![CDATA[]]></system-err>
      </testcase>
      <testcase name="Test Cases/WEB/Auth/Logout" time="49.875" classname="Test Cases/WEB/Auth/Logout" status="PASSED">
         <system-out><![CDATA[2022-05-13 22:58:31 - [TEST_CASE][PASSED] - Test Cases/WEB/Auth/Logout: Test Cases/WEB/Auth/Logout

2022-05-13 22:58:31 - [TEST_STEP][PASSED] - openBrowser(""): Browser is opened with url: ''

2022-05-13 22:58:31 - [MESSAGE][INFO] - Starting 'Chrome' driver

2022-05-13 22:58:31 - [MESSAGE][INFO] - Action delay is set to 0 milliseconds

2022-05-13 22:58:34 - [MESSAGE][PASSED] - Browser is opened with url: ''

2022-05-13 22:58:34 - [TEST_STEP][PASSED] - maximizeWindow(): Current window maximized

2022-05-13 22:58:34 - [MESSAGE][PASSED] - Current window maximized

2022-05-13 22:58:34 - [TEST_STEP][PASSED] - navigateToUrl("https://qa.alta.id/"): Navigate to 'https://qa.alta.id/' successfully

2022-05-13 22:58:36 - [MESSAGE][PASSED] - Navigate to 'https://qa.alta.id/' successfully

2022-05-13 22:58:36 - [TEST_STEP][PASSED] - click(findTestObject("WEB/Auth/Logout/user_ico")): Object: 'Object Repository/WEB/Auth/Logout/user_ico' is clicked on

2022-05-13 22:58:44 - [MESSAGE][PASSED] - Object: 'Object Repository/WEB/Auth/Logout/user_ico' is clicked on

2022-05-13 22:58:44 - [TEST_STEP][PASSED] - click(findTestObject("WEB/Auth/Logout/logout_ico")): Object: 'Object Repository/WEB/Auth/Logout/logout_ico' is clicked on

2022-05-13 22:59:16 - [MESSAGE][INFO] - Unable to find the element located by 'By.xpath: /html/body/div[1]/div[2]/div/div[2]'. Please recheck the objects properties to make sure the desired element is located. 

2022-05-13 22:59:16 - [MESSAGE][WARNING] - [SELF-HEALING] Failed to find element with id 'Object Repository/WEB/Auth/Logout/logout_ico'. Try using Self-healing.

2022-05-13 22:59:18 - [MESSAGE][WARNING] - [SELF-HEALING] The current locator of test object 'Object Repository/WEB/Auth/Logout/logout_ico' was broken. Propose an alternative one: '//div[@id='app']/div/header/div/button[2]/span'.

2022-05-13 22:59:18 - [MESSAGE][PASSED] - Object: 'Object Repository/WEB/Auth/Logout/logout_ico' is clicked on

2022-05-13 22:59:18 - [TEST_STEP][PASSED] - verifyElementPresent(findTestObject("WEB/Auth/Login/login_ico"), 0): Object 'Object Repository/WEB/Auth/Login/login_ico' is present

2022-05-13 22:59:18 - [MESSAGE][WARNING] - Timeout '0' is invalid. Using default page load timeout: '30'

2022-05-13 22:59:20 - [MESSAGE][PASSED] - Object 'Object Repository/WEB/Auth/Login/login_ico' is present

2022-05-13 22:59:20 - [TEST_STEP][PASSED] - closeBrowser(): Browser is closed

2022-05-13 22:59:20 - [MESSAGE][PASSED] - Browser is closed]]></system-out>
         <system-err><![CDATA[]]></system-err>
      </testcase>
      <system-out><![CDATA[2022-05-13 22:52:21 - [TEST_SUITE][FAILED] - WEB: Test Cases/WEB/Auth/Register FAILED.
Reason:
com.kms.katalon.core.exception.StepFailedException: com.kms.katalon.core.webui.exception.WebElementNotFoundException: Web element with id: 'Object Repository/WEB/Auth/Login/login_btn' located by '//*[@id="app"]/div/main/div/div/div/div[2]/form/div[3]/button' not found (Root cause: com.kms.katalon.core.exception.StepFailedException: com.kms.katalon.core.webui.exception.WebElementNotFoundException: Web element with id: 'Object Repository/WEB/Auth/Login/login_btn' located by '//*[@id="app"]/div/main/div/div/div/div[2]/form/div[3]/button' not found
	at com.kms.katalon.core.webui.keyword.internal.WebUIKeywordMain.stepFailed(WebUIKeywordMain.groovy:64)
	at com.kms.katalon.core.webui.keyword.builtin.VerifyElementPresentKeyword$_verifyElementPresent_closure1.doCall(VerifyElementPresentKeyword.groovy:85)
	at com.kms.katalon.core.webui.keyword.builtin.VerifyElementPresentKeyword$_verifyElementPresent_closure1.call(VerifyElementPresentKeyword.groovy)
	at com.kms.katalon.core.webui.keyword.internal.WebUIKeywordMain.runKeyword(WebUIKeywordMain.groovy:20)
	at com.kms.katalon.core.webui.keyword.builtin.VerifyElementPresentKeyword.verifyElementPresent(VerifyElementPresentKeyword.groovy:92)
	at com.kms.katalon.core.webui.keyword.builtin.VerifyElementPresentKeyword.execute(VerifyElementPresentKeyword.groovy:68)
	at com.kms.katalon.core.keyword.internal.KeywordExecutor.executeKeywordForPlatform(KeywordExecutor.groovy:74)
	at com.kms.katalon.core.webui.keyword.WebUiBuiltInKeywords.verifyElementPresent(WebUiBuiltInKeywords.groovy:1448)
	at com.kms.katalon.core.webui.keyword.WebUiBuiltInKeywords$verifyElementPresent$3.call(Unknown Source)
	at Register.run(Register:51)
	at com.kms.katalon.core.main.ScriptEngine.run(ScriptEngine.java:194)
	at com.kms.katalon.core.main.ScriptEngine.runScriptAsRawText(ScriptEngine.java:119)
	at com.kms.katalon.core.main.TestCaseExecutor.runScript(TestCaseExecutor.java:442)
	at com.kms.katalon.core.main.TestCaseExecutor.doExecute(TestCaseExecutor.java:433)
	at com.kms.katalon.core.main.TestCaseExecutor.processExecutionPhase(TestCaseExecutor.java:412)
	at com.kms.katalon.core.main.TestCaseExecutor.accessMainPhase(TestCaseExecutor.java:404)
	at com.kms.katalon.core.main.TestCaseExecutor.execute(TestCaseExecutor.java:281)
	at com.kms.katalon.core.main.TestSuiteExecutor.accessTestCaseMainPhase(TestSuiteExecutor.java:202)
	at com.kms.katalon.core.main.TestSuiteExecutor.accessTestSuiteMainPhase(TestSuiteExecutor.java:164)
	at com.kms.katalon.core.main.TestSuiteExecutor.execute(TestSuiteExecutor.java:105)
	at com.kms.katalon.core.main.TestCaseMain.startTestSuite(TestCaseMain.java:185)
	at com.kms.katalon.core.main.TestCaseMain$startTestSuite$0.call(Unknown Source)
	at TempTestSuite1652457136180.run(TempTestSuite1652457136180.groovy:36)
)
	at com.kms.katalon.core.keyword.internal.KeywordMain.stepFailed(KeywordMain.groovy:39)
	at com.kms.katalon.core.webui.keyword.internal.WebUIKeywordMain.stepFailed(WebUIKeywordMain.groovy:64)
	at com.kms.katalon.core.webui.keyword.builtin.VerifyElementPresentKeyword$_verifyElementPresent_closure1.doCall(VerifyElementPresentKeyword.groovy:85)
	at com.kms.katalon.core.webui.keyword.builtin.VerifyElementPresentKeyword$_verifyElementPresent_closure1.call(VerifyElementPresentKeyword.groovy)
	at com.kms.katalon.core.webui.keyword.internal.WebUIKeywordMain.runKeyword(WebUIKeywordMain.groovy:20)
	at com.kms.katalon.core.webui.keyword.builtin.VerifyElementPresentKeyword.verifyElementPresent(VerifyElementPresentKeyword.groovy:92)
	at com.kms.katalon.core.webui.keyword.builtin.VerifyElementPresentKeyword.execute(VerifyElementPresentKeyword.groovy:68)
	at com.kms.katalon.core.keyword.internal.KeywordExecutor.executeKeywordForPlatform(KeywordExecutor.groovy:74)
	at com.kms.katalon.core.webui.keyword.WebUiBuiltInKeywords.verifyElementPresent(WebUiBuiltInKeywords.groovy:1448)
	at com.kms.katalon.core.webui.keyword.WebUiBuiltInKeywords$verifyElementPresent$3.call(Unknown Source)
	at Register.run(Register:51)
	at com.kms.katalon.core.main.ScriptEngine.run(ScriptEngine.java:194)
	at com.kms.katalon.core.main.ScriptEngine.runScriptAsRawText(ScriptEngine.java:119)
	at com.kms.katalon.core.main.TestCaseExecutor.runScript(TestCaseExecutor.java:442)
	at com.kms.katalon.core.main.TestCaseExecutor.doExecute(TestCaseExecutor.java:433)
	at com.kms.katalon.core.main.TestCaseExecutor.processExecutionPhase(TestCaseExecutor.java:412)
	at com.kms.katalon.core.main.TestCaseExecutor.accessMainPhase(TestCaseExecutor.java:404)
	at com.kms.katalon.core.main.TestCaseExecutor.execute(TestCaseExecutor.java:281)
	at com.kms.katalon.core.main.TestSuiteExecutor.accessTestCaseMainPhase(TestSuiteExecutor.java:202)
	at com.kms.katalon.core.main.TestSuiteExecutor.accessTestSuiteMainPhase(TestSuiteExecutor.java:164)
	at com.kms.katalon.core.main.TestSuiteExecutor.execute(TestSuiteExecutor.java:105)
	at com.kms.katalon.core.main.TestCaseMain.startTestSuite(TestCaseMain.java:185)
	at com.kms.katalon.core.main.TestCaseMain$startTestSuite$0.call(Unknown Source)
	at TempTestSuite1652457136180.run(TempTestSuite1652457136180.groovy:36)
Caused by: com.kms.katalon.core.exception.StepFailedException: com.kms.katalon.core.webui.exception.WebElementNotFoundException: Web element with id: 'Object Repository/WEB/Auth/Login/login_btn' located by '//*[@id="app"]/div/main/div/div/div/div[2]/form/div[3]/button' not found
	... 23 more]]></system-out>
      <system-err><![CDATA[2022-05-13 22:52:21 - [TEST_SUITE][FAILED] - WEB: Test Cases/WEB/Auth/Register FAILED.
Reason:
com.kms.katalon.core.exception.StepFailedException: com.kms.katalon.core.webui.exception.WebElementNotFoundException: Web element with id: 'Object Repository/WEB/Auth/Login/login_btn' located by '//*[@id="app"]/div/main/div/div/div/div[2]/form/div[3]/button' not found (Root cause: com.kms.katalon.core.exception.StepFailedException: com.kms.katalon.core.webui.exception.WebElementNotFoundException: Web element with id: 'Object Repository/WEB/Auth/Login/login_btn' located by '//*[@id="app"]/div/main/div/div/div/div[2]/form/div[3]/button' not found
	at com.kms.katalon.core.webui.keyword.internal.WebUIKeywordMain.stepFailed(WebUIKeywordMain.groovy:64)
	at com.kms.katalon.core.webui.keyword.builtin.VerifyElementPresentKeyword$_verifyElementPresent_closure1.doCall(VerifyElementPresentKeyword.groovy:85)
	at com.kms.katalon.core.webui.keyword.builtin.VerifyElementPresentKeyword$_verifyElementPresent_closure1.call(VerifyElementPresentKeyword.groovy)
	at com.kms.katalon.core.webui.keyword.internal.WebUIKeywordMain.runKeyword(WebUIKeywordMain.groovy:20)
	at com.kms.katalon.core.webui.keyword.builtin.VerifyElementPresentKeyword.verifyElementPresent(VerifyElementPresentKeyword.groovy:92)
	at com.kms.katalon.core.webui.keyword.builtin.VerifyElementPresentKeyword.execute(VerifyElementPresentKeyword.groovy:68)
	at com.kms.katalon.core.keyword.internal.KeywordExecutor.executeKeywordForPlatform(KeywordExecutor.groovy:74)
	at com.kms.katalon.core.webui.keyword.WebUiBuiltInKeywords.verifyElementPresent(WebUiBuiltInKeywords.groovy:1448)
	at com.kms.katalon.core.webui.keyword.WebUiBuiltInKeywords$verifyElementPresent$3.call(Unknown Source)
	at Register.run(Register:51)
	at com.kms.katalon.core.main.ScriptEngine.run(ScriptEngine.java:194)
	at com.kms.katalon.core.main.ScriptEngine.runScriptAsRawText(ScriptEngine.java:119)
	at com.kms.katalon.core.main.TestCaseExecutor.runScript(TestCaseExecutor.java:442)
	at com.kms.katalon.core.main.TestCaseExecutor.doExecute(TestCaseExecutor.java:433)
	at com.kms.katalon.core.main.TestCaseExecutor.processExecutionPhase(TestCaseExecutor.java:412)
	at com.kms.katalon.core.main.TestCaseExecutor.accessMainPhase(TestCaseExecutor.java:404)
	at com.kms.katalon.core.main.TestCaseExecutor.execute(TestCaseExecutor.java:281)
	at com.kms.katalon.core.main.TestSuiteExecutor.accessTestCaseMainPhase(TestSuiteExecutor.java:202)
	at com.kms.katalon.core.main.TestSuiteExecutor.accessTestSuiteMainPhase(TestSuiteExecutor.java:164)
	at com.kms.katalon.core.main.TestSuiteExecutor.execute(TestSuiteExecutor.java:105)
	at com.kms.katalon.core.main.TestCaseMain.startTestSuite(TestCaseMain.java:185)
	at com.kms.katalon.core.main.TestCaseMain$startTestSuite$0.call(Unknown Source)
	at TempTestSuite1652457136180.run(TempTestSuite1652457136180.groovy:36)
)
	at com.kms.katalon.core.keyword.internal.KeywordMain.stepFailed(KeywordMain.groovy:39)
	at com.kms.katalon.core.webui.keyword.internal.WebUIKeywordMain.stepFailed(WebUIKeywordMain.groovy:64)
	at com.kms.katalon.core.webui.keyword.builtin.VerifyElementPresentKeyword$_verifyElementPresent_closure1.doCall(VerifyElementPresentKeyword.groovy:85)
	at com.kms.katalon.core.webui.keyword.builtin.VerifyElementPresentKeyword$_verifyElementPresent_closure1.call(VerifyElementPresentKeyword.groovy)
	at com.kms.katalon.core.webui.keyword.internal.WebUIKeywordMain.runKeyword(WebUIKeywordMain.groovy:20)
	at com.kms.katalon.core.webui.keyword.builtin.VerifyElementPresentKeyword.verifyElementPresent(VerifyElementPresentKeyword.groovy:92)
	at com.kms.katalon.core.webui.keyword.builtin.VerifyElementPresentKeyword.execute(VerifyElementPresentKeyword.groovy:68)
	at com.kms.katalon.core.keyword.internal.KeywordExecutor.executeKeywordForPlatform(KeywordExecutor.groovy:74)
	at com.kms.katalon.core.webui.keyword.WebUiBuiltInKeywords.verifyElementPresent(WebUiBuiltInKeywords.groovy:1448)
	at com.kms.katalon.core.webui.keyword.WebUiBuiltInKeywords$verifyElementPresent$3.call(Unknown Source)
	at Register.run(Register:51)
	at com.kms.katalon.core.main.ScriptEngine.run(ScriptEngine.java:194)
	at com.kms.katalon.core.main.ScriptEngine.runScriptAsRawText(ScriptEngine.java:119)
	at com.kms.katalon.core.main.TestCaseExecutor.runScript(TestCaseExecutor.java:442)
	at com.kms.katalon.core.main.TestCaseExecutor.doExecute(TestCaseExecutor.java:433)
	at com.kms.katalon.core.main.TestCaseExecutor.processExecutionPhase(TestCaseExecutor.java:412)
	at com.kms.katalon.core.main.TestCaseExecutor.accessMainPhase(TestCaseExecutor.java:404)
	at com.kms.katalon.core.main.TestCaseExecutor.execute(TestCaseExecutor.java:281)
	at com.kms.katalon.core.main.TestSuiteExecutor.accessTestCaseMainPhase(TestSuiteExecutor.java:202)
	at com.kms.katalon.core.main.TestSuiteExecutor.accessTestSuiteMainPhase(TestSuiteExecutor.java:164)
	at com.kms.katalon.core.main.TestSuiteExecutor.execute(TestSuiteExecutor.java:105)
	at com.kms.katalon.core.main.TestCaseMain.startTestSuite(TestCaseMain.java:185)
	at com.kms.katalon.core.main.TestCaseMain$startTestSuite$0.call(Unknown Source)
	at TempTestSuite1652457136180.run(TempTestSuite1652457136180.groovy:36)
Caused by: com.kms.katalon.core.exception.StepFailedException: com.kms.katalon.core.webui.exception.WebElementNotFoundException: Web element with id: 'Object Repository/WEB/Auth/Login/login_btn' located by '//*[@id="app"]/div/main/div/div/div/div[2]/form/div[3]/button' not found
	... 23 more]]></system-err>
   </testsuite>
</testsuites>
