<?xml version="1.0" encoding="UTF-8"?>
<testsuites name="REST_API_Collection" time="73.575" tests="42" failures="2" errors="0">
   <testsuite name="01_Categories" tests="5" failures="0" errors="0" time="6.57" skipped="0" timestamp="2022-05-10 23:41:02" hostname="salsa - SALSABILA" id="Test Suites/REST_API/01_Categories">
      <properties>
         <property name="deviceName" value=""/>
         <property name="devicePlatform" value=""/>
         <property name="logFolder" value="F:\\1. UNNES\\6. Semester 6\\2 - MSIB\\final-project-qe-alta4\\final-project-qe-alta\\Reports\\20220510_234046\\REST_API\\01_Categories\\20220510_234047"/>
         <property name="logFiles" value="F:\\1. UNNES\\6. Semester 6\\2 - MSIB\\final-project-qe-alta4\\final-project-qe-alta\\Reports\\20220510_234046\\REST_API\\01_Categories\\20220510_234047\\execution0.log"/>
         <property name="attachments" value=""/>
         <property name="hostName" value="salsa - SALSABILA"/>
         <property name="hostAddress" value="192.168.106.173"/>
         <property name="os" value="Windows 10 64bit"/>
         <property name="katalonVersion" value="8.2.5.208"/>
      </properties>
      <testcase name="Test Cases/REST_API/01_Categories/TC01_GetAllCategories" time="2.883" classname="Test Cases/REST_API/01_Categories/TC01_GetAllCategories" status="PASSED">
         <system-out><![CDATA[2022-05-10 23:41:03 - [TEST_CASE][PASSED] - Test Cases/REST_API/01_Categories/TC01_GetAllCategories: Test Cases/REST_API/01_Categories/TC01_GetAllCategories

2022-05-10 23:41:03 - [TEST_STEP][PASSED] - Response = sendRequest(findTestObject("REST_API/01_Categories/GetAllCategories")): Send request successfully

2022-05-10 23:41:05 - [MESSAGE][INFO] - HAR: F:\1. UNNES\6. Semester 6\2 - MSIB\final-project-qe-alta4\final-project-qe-alta\Reports\20220510_234046\REST_API\01_Categories\20220510_234047\requests\main\0.har

2022-05-10 23:41:05 - [MESSAGE][PASSED] - Send request successfully

2022-05-10 23:41:05 - [TEST_STEP][PASSED] - verifyResponseStatusCode(Response, 200): Verify response status code successfully

2022-05-10 23:41:05 - [MESSAGE][PASSED] - Verify response status code successfully

2022-05-10 23:41:05 - [TEST_STEP][PASSED] - verifyElementPropertyValue(Response, "data[0].ID", 1): Verify element property value successfully

2022-05-10 23:41:06 - [MESSAGE][PASSED] - Verify element property value successfully]]></system-out>
         <system-err><![CDATA[]]></system-err>
      </testcase>
      <testcase name="Test Cases/REST_API/01_Categories/TC02_CreateCategory" time="0.899" classname="Test Cases/REST_API/01_Categories/TC02_CreateCategory" status="PASSED">
         <system-out><![CDATA[2022-05-10 23:41:06 - [TEST_CASE][PASSED] - Test Cases/REST_API/01_Categories/TC02_CreateCategory: Test Cases/REST_API/01_Categories/TC02_CreateCategory

2022-05-10 23:41:06 - [TEST_STEP][PASSED] - Response = sendRequest(findTestObject("REST_API/01_Categories/CreateCategory")): Send request successfully

2022-05-10 23:41:06 - [MESSAGE][INFO] - HAR: F:\1. UNNES\6. Semester 6\2 - MSIB\final-project-qe-alta4\final-project-qe-alta\Reports\20220510_234046\REST_API\01_Categories\20220510_234047\requests\main\1.har

2022-05-10 23:41:06 - [MESSAGE][PASSED] - Send request successfully

2022-05-10 23:41:06 - [TEST_STEP][PASSED] - verifyResponseStatusCode(Response, 200): Verify response status code successfully

2022-05-10 23:41:06 - [MESSAGE][PASSED] - Verify response status code successfully

2022-05-10 23:41:06 - [TEST_STEP][PASSED] - verifyElementPropertyValue(Response, "data.Name", "health"): Verify element property value successfully

2022-05-10 23:41:07 - [MESSAGE][PASSED] - Verify element property value successfully]]></system-out>
         <system-err><![CDATA[]]></system-err>
      </testcase>
      <testcase name="Test Cases/REST_API/01_Categories/TC03_CreateCategoryInvalidName" time="0.789" classname="Test Cases/REST_API/01_Categories/TC03_CreateCategoryInvalidName" status="PASSED">
         <system-out><![CDATA[2022-05-10 23:41:07 - [TEST_CASE][PASSED] - Test Cases/REST_API/01_Categories/TC03_CreateCategoryInvalidName: Test Cases/REST_API/01_Categories/TC03_CreateCategoryInvalidName

2022-05-10 23:41:07 - [TEST_STEP][PASSED] - Response = sendRequest(findTestObject("REST_API/01_Categories/CreateCategory_InvalidName")): Send request successfully

2022-05-10 23:41:07 - [MESSAGE][INFO] - HAR: F:\1. UNNES\6. Semester 6\2 - MSIB\final-project-qe-alta4\final-project-qe-alta\Reports\20220510_234046\REST_API\01_Categories\20220510_234047\requests\main\2.har

2022-05-10 23:41:07 - [MESSAGE][PASSED] - Send request successfully

2022-05-10 23:41:07 - [TEST_STEP][PASSED] - verifyResponseStatusCode(Response, 400): Verify response status code successfully

2022-05-10 23:41:07 - [MESSAGE][PASSED] - Verify response status code successfully

2022-05-10 23:41:07 - [TEST_STEP][PASSED] - verifyElementPropertyValue(Response, "error", "invalid character 'h' looking for beginning of value"): Verify element property value successfully

2022-05-10 23:41:07 - [MESSAGE][PASSED] - Verify element property value successfully]]></system-out>
         <system-err><![CDATA[]]></system-err>
      </testcase>
      <testcase name="Test Cases/REST_API/01_Categories/TC04_CreateCategoryEmptyName" time="0.767" classname="Test Cases/REST_API/01_Categories/TC04_CreateCategoryEmptyName" status="PASSED">
         <system-out><![CDATA[2022-05-10 23:41:07 - [TEST_CASE][PASSED] - Test Cases/REST_API/01_Categories/TC04_CreateCategoryEmptyName: Test Cases/REST_API/01_Categories/TC04_CreateCategoryEmptyName

2022-05-10 23:41:08 - [TEST_STEP][PASSED] - Response = sendRequest(findTestObject("REST_API/01_Categories/CreateCategory_EmptyName")): Send request successfully

2022-05-10 23:41:08 - [MESSAGE][INFO] - HAR: F:\1. UNNES\6. Semester 6\2 - MSIB\final-project-qe-alta4\final-project-qe-alta\Reports\20220510_234046\REST_API\01_Categories\20220510_234047\requests\main\3.har

2022-05-10 23:41:08 - [MESSAGE][PASSED] - Send request successfully

2022-05-10 23:41:08 - [TEST_STEP][PASSED] - verifyResponseStatusCode(Response, 500): Verify response status code successfully

2022-05-10 23:41:08 - [MESSAGE][PASSED] - Verify response status code successfully

2022-05-10 23:41:08 - [TEST_STEP][PASSED] - verifyElementPropertyValue(Response, "error", "ERROR: new row for relation "categories" violates check constraint "categories_name_check" (SQLSTATE 23514)"): Verify element property value successfully

2022-05-10 23:41:08 - [MESSAGE][PASSED] - Verify element property value successfully]]></system-out>
         <system-err><![CDATA[]]></system-err>
      </testcase>
      <testcase name="Test Cases/REST_API/01_Categories/TC05_CreateCategory_EmptyData" time="0.765" classname="Test Cases/REST_API/01_Categories/TC05_CreateCategory_EmptyData" status="PASSED">
         <system-out><![CDATA[2022-05-10 23:41:08 - [TEST_CASE][PASSED] - Test Cases/REST_API/01_Categories/TC05_CreateCategory_EmptyData: Test Cases/REST_API/01_Categories/TC05_CreateCategory_EmptyData

2022-05-10 23:41:08 - [TEST_STEP][PASSED] - Response = sendRequest(findTestObject("REST_API/01_Categories/CreateCategory_EmptyData")): Send request successfully

2022-05-10 23:41:09 - [MESSAGE][INFO] - HAR: F:\1. UNNES\6. Semester 6\2 - MSIB\final-project-qe-alta4\final-project-qe-alta\Reports\20220510_234046\REST_API\01_Categories\20220510_234047\requests\main\4.har

2022-05-10 23:41:09 - [MESSAGE][PASSED] - Send request successfully

2022-05-10 23:41:09 - [TEST_STEP][PASSED] - verifyResponseStatusCode(Response, 400): Verify response status code successfully

2022-05-10 23:41:09 - [MESSAGE][PASSED] - Verify response status code successfully

2022-05-10 23:41:09 - [TEST_STEP][PASSED] - verifyElementPropertyValue(Response, "error", "EOF"): Verify element property value successfully

2022-05-10 23:41:09 - [MESSAGE][PASSED] - Verify element property value successfully]]></system-out>
         <system-err><![CDATA[]]></system-err>
      </testcase>
      <system-out><![CDATA[2022-05-10 23:41:02 - [TEST_SUITE][PASSED] - 01_Categories: Test Cases/REST_API/01_Categories/TC05_CreateCategory_EmptyData]]></system-out>
      <system-err><![CDATA[]]></system-err>
   </testsuite>
   <testsuite name="02_Products" tests="7" failures="0" errors="0" time="7.72" skipped="0" timestamp="2022-05-10 23:41:13" hostname="salsa - SALSABILA" id="Test Suites/REST_API/02_Products">
      <properties>
         <property name="deviceName" value=""/>
         <property name="devicePlatform" value=""/>
         <property name="logFolder" value="F:\\1. UNNES\\6. Semester 6\\2 - MSIB\\final-project-qe-alta4\\final-project-qe-alta\\Reports\\20220510_234046\\REST_API\\02_Products\\20220510_234049"/>
         <property name="logFiles" value="F:\\1. UNNES\\6. Semester 6\\2 - MSIB\\final-project-qe-alta4\\final-project-qe-alta\\Reports\\20220510_234046\\REST_API\\02_Products\\20220510_234049\\execution0.log"/>
         <property name="attachments" value=""/>
         <property name="hostName" value="salsa - SALSABILA"/>
         <property name="hostAddress" value="192.168.106.173"/>
         <property name="os" value="Windows 10 64bit"/>
         <property name="katalonVersion" value="8.2.5.208"/>
      </properties>
      <testcase name="Test Cases/REST_API/02_Products/TC01_GetAllProduct" time="2.9" classname="Test Cases/REST_API/02_Products/TC01_GetAllProduct" status="PASSED">
         <system-out><![CDATA[2022-05-10 23:41:14 - [TEST_CASE][PASSED] - Test Cases/REST_API/02_Products/TC01_GetAllProduct: Test Cases/REST_API/02_Products/TC01_GetAllProduct

2022-05-10 23:41:14 - [TEST_STEP][PASSED] - Response = sendRequest(findTestObject("REST_API/02_Products/GetAllProduct")): Send request successfully

2022-05-10 23:41:16 - [MESSAGE][INFO] - HAR: F:\1. UNNES\6. Semester 6\2 - MSIB\final-project-qe-alta4\final-project-qe-alta\Reports\20220510_234046\REST_API\02_Products\20220510_234049\requests\main\0.har

2022-05-10 23:41:17 - [MESSAGE][PASSED] - Send request successfully

2022-05-10 23:41:17 - [TEST_STEP][PASSED] - verifyResponseStatusCode(Response, 200): Verify response status code successfully

2022-05-10 23:41:17 - [MESSAGE][PASSED] - Verify response status code successfully

2022-05-10 23:41:17 - [TEST_STEP][PASSED] - verifyElementPropertyValue(Response, "data[0].ID", 368): Verify element property value successfully

2022-05-10 23:41:17 - [MESSAGE][PASSED] - Verify element property value successfully]]></system-out>
         <system-err><![CDATA[]]></system-err>
      </testcase>
      <testcase name="Test Cases/REST_API/02_Products/TC02_GetProductById" time="0.783" classname="Test Cases/REST_API/02_Products/TC02_GetProductById" status="PASSED">
         <system-out><![CDATA[2022-05-10 23:41:17 - [TEST_CASE][PASSED] - Test Cases/REST_API/02_Products/TC02_GetProductById: Test Cases/REST_API/02_Products/TC02_GetProductById

2022-05-10 23:41:17 - [TEST_STEP][PASSED] - Response = sendRequest(findTestObject("REST_API/02_Products/GetProductById")): Send request successfully

2022-05-10 23:41:17 - [MESSAGE][INFO] - HAR: F:\1. UNNES\6. Semester 6\2 - MSIB\final-project-qe-alta4\final-project-qe-alta\Reports\20220510_234046\REST_API\02_Products\20220510_234049\requests\main\1.har

2022-05-10 23:41:17 - [MESSAGE][PASSED] - Send request successfully

2022-05-10 23:41:17 - [TEST_STEP][PASSED] - verifyResponseStatusCode(Response, 200): Verify response status code successfully

2022-05-10 23:41:17 - [MESSAGE][PASSED] - Verify response status code successfully

2022-05-10 23:41:17 - [TEST_STEP][PASSED] - verifyElementPropertyValue(Response, "data.ID", 478): Verify element property value successfully

2022-05-10 23:41:17 - [MESSAGE][PASSED] - Verify element property value successfully]]></system-out>
         <system-err><![CDATA[]]></system-err>
      </testcase>
      <testcase name="Test Cases/REST_API/02_Products/TC03_GetProductByInvalidId" time="0.817" classname="Test Cases/REST_API/02_Products/TC03_GetProductByInvalidId" status="PASSED">
         <system-out><![CDATA[2022-05-10 23:41:17 - [TEST_CASE][PASSED] - Test Cases/REST_API/02_Products/TC03_GetProductByInvalidId: Test Cases/REST_API/02_Products/TC03_GetProductByInvalidId

2022-05-10 23:41:18 - [TEST_STEP][PASSED] - Response = sendRequest(findTestObject("REST_API/02_Products/GetProductById_InvalidID")): Send request successfully

2022-05-10 23:41:18 - [MESSAGE][INFO] - HAR: F:\1. UNNES\6. Semester 6\2 - MSIB\final-project-qe-alta4\final-project-qe-alta\Reports\20220510_234046\REST_API\02_Products\20220510_234049\requests\main\2.har

2022-05-10 23:41:18 - [MESSAGE][PASSED] - Send request successfully

2022-05-10 23:41:18 - [TEST_STEP][PASSED] - verifyResponseStatusCode(Response, 404): Verify response status code successfully

2022-05-10 23:41:18 - [MESSAGE][PASSED] - Verify response status code successfully

2022-05-10 23:41:18 - [TEST_STEP][PASSED] - verifyElementPropertyValue(Response, "error", "record not found"): Verify element property value successfully

2022-05-10 23:41:18 - [MESSAGE][PASSED] - Verify element property value successfully]]></system-out>
         <system-err><![CDATA[]]></system-err>
      </testcase>
      <testcase name="Test Cases/REST_API/02_Products/TC04_CreateProduct" time="0.7" classname="Test Cases/REST_API/02_Products/TC04_CreateProduct" status="PASSED">
         <system-out><![CDATA[2022-05-10 23:41:18 - [TEST_CASE][PASSED] - Test Cases/REST_API/02_Products/TC04_CreateProduct: Test Cases/REST_API/02_Products/TC04_CreateProduct

2022-05-10 23:41:19 - [TEST_STEP][PASSED] - Response = sendRequest(findTestObject("REST_API/02_Products/CreateProduct")): Send request successfully

2022-05-10 23:41:19 - [MESSAGE][INFO] - HAR: F:\1. UNNES\6. Semester 6\2 - MSIB\final-project-qe-alta4\final-project-qe-alta\Reports\20220510_234046\REST_API\02_Products\20220510_234049\requests\main\3.har

2022-05-10 23:41:19 - [MESSAGE][PASSED] - Send request successfully

2022-05-10 23:41:19 - [TEST_STEP][PASSED] - verifyResponseStatusCode(Response, 200): Verify response status code successfully

2022-05-10 23:41:19 - [MESSAGE][PASSED] - Verify response status code successfully

2022-05-10 23:41:19 - [TEST_STEP][PASSED] - verifyElementPropertyValue(Response, "data.Name", "Tensi Darah Elektrik"): Verify element property value successfully

2022-05-10 23:41:19 - [MESSAGE][PASSED] - Verify element property value successfully]]></system-out>
         <system-err><![CDATA[]]></system-err>
      </testcase>
      <testcase name="Test Cases/REST_API/02_Products/TC05_CreateProductDecimalPrice" time="0.672" classname="Test Cases/REST_API/02_Products/TC05_CreateProductDecimalPrice" status="PASSED">
         <system-out><![CDATA[2022-05-10 23:41:19 - [TEST_CASE][PASSED] - Test Cases/REST_API/02_Products/TC05_CreateProductDecimalPrice: Test Cases/REST_API/02_Products/TC05_CreateProductDecimalPrice

2022-05-10 23:41:19 - [TEST_STEP][PASSED] - Response = sendRequest(findTestObject("REST_API/02_Products/CreateProduct_DecimalPrice")): Send request successfully

2022-05-10 23:41:20 - [MESSAGE][INFO] - HAR: F:\1. UNNES\6. Semester 6\2 - MSIB\final-project-qe-alta4\final-project-qe-alta\Reports\20220510_234046\REST_API\02_Products\20220510_234049\requests\main\4.har

2022-05-10 23:41:20 - [MESSAGE][PASSED] - Send request successfully

2022-05-10 23:41:20 - [TEST_STEP][PASSED] - verifyResponseStatusCode(Response, 400): Verify response status code successfully

2022-05-10 23:41:20 - [MESSAGE][PASSED] - Verify response status code successfully

2022-05-10 23:41:20 - [TEST_STEP][PASSED] - verifyElementPropertyValue(Response, "error", "json: cannot unmarshal number 2400.00 into Go struct field ProductCreate.price of type uint"): Verify element property value successfully

2022-05-10 23:41:20 - [MESSAGE][PASSED] - Verify element property value successfully]]></system-out>
         <system-err><![CDATA[]]></system-err>
      </testcase>
      <testcase name="Test Cases/REST_API/02_Products/TC06_CreateProductEmptyName" time="0.741" classname="Test Cases/REST_API/02_Products/TC06_CreateProductEmptyName" status="PASSED">
         <system-out><![CDATA[2022-05-10 23:41:20 - [TEST_CASE][PASSED] - Test Cases/REST_API/02_Products/TC06_CreateProductEmptyName: Test Cases/REST_API/02_Products/TC06_CreateProductEmptyName

2022-05-10 23:41:20 - [TEST_STEP][PASSED] - Response = sendRequest(findTestObject("REST_API/02_Products/CreateProduct_EmptyName")): Send request successfully

2022-05-10 23:41:20 - [MESSAGE][INFO] - HAR: F:\1. UNNES\6. Semester 6\2 - MSIB\final-project-qe-alta4\final-project-qe-alta\Reports\20220510_234046\REST_API\02_Products\20220510_234049\requests\main\5.har

2022-05-10 23:41:20 - [MESSAGE][PASSED] - Send request successfully

2022-05-10 23:41:20 - [TEST_STEP][PASSED] - verifyResponseStatusCode(Response, 500): Verify response status code successfully

2022-05-10 23:41:20 - [MESSAGE][PASSED] - Verify response status code successfully

2022-05-10 23:41:20 - [TEST_STEP][PASSED] - verifyElementPropertyValue(Response, "error", "ERROR: new row for relation "products" violates check constraint "products_name_check" (SQLSTATE 23514)"): Verify element property value successfully

2022-05-10 23:41:20 - [MESSAGE][PASSED] - Verify element property value successfully]]></system-out>
         <system-err><![CDATA[]]></system-err>
      </testcase>
      <testcase name="Test Cases/REST_API/02_Products/TC07_CreateProductInvalidCategory" time="0.66" classname="Test Cases/REST_API/02_Products/TC07_CreateProductInvalidCategory" status="PASSED">
         <system-out><![CDATA[2022-05-10 23:41:20 - [TEST_CASE][PASSED] - Test Cases/REST_API/02_Products/TC07_CreateProductInvalidCategory: Test Cases/REST_API/02_Products/TC07_CreateProductInvalidCategory

2022-05-10 23:41:21 - [TEST_STEP][PASSED] - Response = sendRequest(findTestObject("REST_API/02_Products/CreateProduct_InvalidCategory")): Send request successfully

2022-05-10 23:41:21 - [MESSAGE][INFO] - HAR: F:\1. UNNES\6. Semester 6\2 - MSIB\final-project-qe-alta4\final-project-qe-alta\Reports\20220510_234046\REST_API\02_Products\20220510_234049\requests\main\6.har

2022-05-10 23:41:21 - [MESSAGE][PASSED] - Send request successfully

2022-05-10 23:41:21 - [TEST_STEP][PASSED] - verifyResponseStatusCode(Response, 400): Verify response status code successfully

2022-05-10 23:41:21 - [MESSAGE][PASSED] - Verify response status code successfully

2022-05-10 23:41:21 - [TEST_STEP][PASSED] - verifyElementPropertyValue(Response, "error", "json: cannot unmarshal string into Go struct field ProductCreate.categories of type uint"): Verify element property value successfully

2022-05-10 23:41:21 - [MESSAGE][PASSED] - Verify element property value successfully]]></system-out>
         <system-err><![CDATA[]]></system-err>
      </testcase>
      <system-out><![CDATA[2022-05-10 23:41:13 - [TEST_SUITE][PASSED] - 02_Products: Test Cases/REST_API/02_Products/TC07_CreateProductInvalidCategory]]></system-out>
      <system-err><![CDATA[]]></system-err>
   </testsuite>
   <testsuite name="03_Auth" tests="10" failures="1" errors="0" time="10.149" skipped="0" timestamp="2022-05-10 23:41:26" hostname="salsa - SALSABILA" id="Test Suites/REST_API/03_Auth">
      <properties>
         <property name="deviceName" value=""/>
         <property name="devicePlatform" value=""/>
         <property name="logFolder" value="F:\\1. UNNES\\6. Semester 6\\2 - MSIB\\final-project-qe-alta4\\final-project-qe-alta\\Reports\\20220510_234046\\REST_API\\03_Auth\\20220510_234051"/>
         <property name="logFiles" value="F:\\1. UNNES\\6. Semester 6\\2 - MSIB\\final-project-qe-alta4\\final-project-qe-alta\\Reports\\20220510_234046\\REST_API\\03_Auth\\20220510_234051\\execution0.log"/>
         <property name="attachments" value=""/>
         <property name="hostName" value="salsa - SALSABILA"/>
         <property name="hostAddress" value="192.168.106.173"/>
         <property name="os" value="Windows 10 64bit"/>
         <property name="katalonVersion" value="8.2.5.208"/>
      </properties>
      <testcase name="Test Cases/REST_API/03_Auth/TC01_Register" time="2.68" classname="Test Cases/REST_API/03_Auth/TC01_Register" status="FAILED">
         <failure type="FAILED" message="Test Cases/REST_API/03_Auth/TC01_Register FAILED.
Reason:
com.kms.katalon.core.exception.StepFailedException: Expected status code is '200' but actual status code is '400'
	at com.kms.katalon.core.keyword.internal.KeywordMain.stepFailed(KeywordMain.groovy:39)
	at com.kms.katalon.core.webservice.keyword.builtin.VerifyResponseStatusCodeKeyword.verifyStatusCode(VerifyResponseStatusCodeKeyword.groovy:52)
	at com.kms.katalon.core.webservice.keyword.builtin.VerifyResponseStatusCodeKeyword.access$1(VerifyResponseStatusCodeKeyword.groovy)
	at com.kms.katalon.core.webservice.keyword.builtin.VerifyResponseStatusCodeKeyword$_verifyResponseStatusCode_closure1.doCall(VerifyResponseStatusCodeKeyword.groovy:42)
	at com.kms.katalon.core.webservice.keyword.builtin.VerifyResponseStatusCodeKeyword$_verifyResponseStatusCode_closure1.call(VerifyResponseStatusCodeKeyword.groovy)
	at com.kms.katalon.core.keyword.internal.KeywordMain.runKeyword(KeywordMain.groovy:74)
	at com.kms.katalon.core.webservice.keyword.builtin.VerifyResponseStatusCodeKeyword.verifyResponseStatusCode(VerifyResponseStatusCodeKeyword.groovy:37)
	at com.kms.katalon.core.webservice.keyword.builtin.VerifyResponseStatusCodeKeyword.execute(VerifyResponseStatusCodeKeyword.groovy:32)
	at com.kms.katalon.core.keyword.internal.KeywordExecutor.executeKeywordForPlatform(KeywordExecutor.groovy:74)
	at com.kms.katalon.core.webservice.keyword.WSBuiltInKeywords.verifyResponseStatusCode(WSBuiltInKeywords.groovy:344)
	at com.kms.katalon.core.webservice.keyword.WSBuiltInKeywords$verifyResponseStatusCode$0.call(Unknown Source)
	at TC01_Register.run(TC01_Register:22)
	at com.kms.katalon.core.main.ScriptEngine.run(ScriptEngine.java:194)
	at com.kms.katalon.core.main.ScriptEngine.runScriptAsRawText(ScriptEngine.java:119)
	at com.kms.katalon.core.main.TestCaseExecutor.runScript(TestCaseExecutor.java:442)
	at com.kms.katalon.core.main.TestCaseExecutor.doExecute(TestCaseExecutor.java:433)
	at com.kms.katalon.core.main.TestCaseExecutor.processExecutionPhase(TestCaseExecutor.java:412)
	at com.kms.katalon.core.main.TestCaseExecutor.accessMainPhase(TestCaseExecutor.java:404)
	at com.kms.katalon.core.main.TestCaseExecutor.execute(TestCaseExecutor.java:281)
	at com.kms.katalon.core.main.TestSuiteExecutor.accessTestCaseMainPhase(TestSuiteExecutor.java:202)
	at com.kms.katalon.core.main.TestSuiteExecutor.accessTestSuiteMainPhase(TestSuiteExecutor.java:164)
	at com.kms.katalon.core.main.TestSuiteExecutor.execute(TestSuiteExecutor.java:105)
	at com.kms.katalon.core.main.TestCaseMain.startTestSuite(TestCaseMain.java:185)
	at com.kms.katalon.core.main.TestCaseMain$startTestSuite$0.call(Unknown Source)
	at TempTestSuite1652200851689.run(TempTestSuite1652200851689.groovy:36)
"/>
         <system-out><![CDATA[2022-05-10 23:41:26 - [TEST_CASE][FAILED] - Test Cases/REST_API/03_Auth/TC01_Register: Test Cases/REST_API/03_Auth/TC01_Register FAILED.
Reason:
com.kms.katalon.core.exception.StepFailedException: Expected status code is '200' but actual status code is '400'
	at com.kms.katalon.core.keyword.internal.KeywordMain.stepFailed(KeywordMain.groovy:39)
	at com.kms.katalon.core.webservice.keyword.builtin.VerifyResponseStatusCodeKeyword.verifyStatusCode(VerifyResponseStatusCodeKeyword.groovy:52)
	at com.kms.katalon.core.webservice.keyword.builtin.VerifyResponseStatusCodeKeyword.access$1(VerifyResponseStatusCodeKeyword.groovy)
	at com.kms.katalon.core.webservice.keyword.builtin.VerifyResponseStatusCodeKeyword$_verifyResponseStatusCode_closure1.doCall(VerifyResponseStatusCodeKeyword.groovy:42)
	at com.kms.katalon.core.webservice.keyword.builtin.VerifyResponseStatusCodeKeyword$_verifyResponseStatusCode_closure1.call(VerifyResponseStatusCodeKeyword.groovy)
	at com.kms.katalon.core.keyword.internal.KeywordMain.runKeyword(KeywordMain.groovy:74)
	at com.kms.katalon.core.webservice.keyword.builtin.VerifyResponseStatusCodeKeyword.verifyResponseStatusCode(VerifyResponseStatusCodeKeyword.groovy:37)
	at com.kms.katalon.core.webservice.keyword.builtin.VerifyResponseStatusCodeKeyword.execute(VerifyResponseStatusCodeKeyword.groovy:32)
	at com.kms.katalon.core.keyword.internal.KeywordExecutor.executeKeywordForPlatform(KeywordExecutor.groovy:74)
	at com.kms.katalon.core.webservice.keyword.WSBuiltInKeywords.verifyResponseStatusCode(WSBuiltInKeywords.groovy:344)
	at com.kms.katalon.core.webservice.keyword.WSBuiltInKeywords$verifyResponseStatusCode$0.call(Unknown Source)
	at TC01_Register.run(TC01_Register:22)
	at com.kms.katalon.core.main.ScriptEngine.run(ScriptEngine.java:194)
	at com.kms.katalon.core.main.ScriptEngine.runScriptAsRawText(ScriptEngine.java:119)
	at com.kms.katalon.core.main.TestCaseExecutor.runScript(TestCaseExecutor.java:442)
	at com.kms.katalon.core.main.TestCaseExecutor.doExecute(TestCaseExecutor.java:433)
	at com.kms.katalon.core.main.TestCaseExecutor.processExecutionPhase(TestCaseExecutor.java:412)
	at com.kms.katalon.core.main.TestCaseExecutor.accessMainPhase(TestCaseExecutor.java:404)
	at com.kms.katalon.core.main.TestCaseExecutor.execute(TestCaseExecutor.java:281)
	at com.kms.katalon.core.main.TestSuiteExecutor.accessTestCaseMainPhase(TestSuiteExecutor.java:202)
	at com.kms.katalon.core.main.TestSuiteExecutor.accessTestSuiteMainPhase(TestSuiteExecutor.java:164)
	at com.kms.katalon.core.main.TestSuiteExecutor.execute(TestSuiteExecutor.java:105)
	at com.kms.katalon.core.main.TestCaseMain.startTestSuite(TestCaseMain.java:185)
	at com.kms.katalon.core.main.TestCaseMain$startTestSuite$0.call(Unknown Source)
	at TempTestSuite1652200851689.run(TempTestSuite1652200851689.groovy:36)


2022-05-10 23:41:27 - [TEST_STEP][PASSED] - Response = sendRequest(findTestObject("REST_API/03_Auth/Register")): Send request successfully

2022-05-10 23:41:29 - [MESSAGE][INFO] - HAR: F:\1. UNNES\6. Semester 6\2 - MSIB\final-project-qe-alta4\final-project-qe-alta\Reports\20220510_234046\REST_API\03_Auth\20220510_234051\requests\main\0.har

2022-05-10 23:41:29 - [MESSAGE][PASSED] - Send request successfully

2022-05-10 23:41:29 - [TEST_STEP][FAILED] - verifyResponseStatusCode(Response, 200): Expected status code is '200' but actual status code is '400'

2022-05-10 23:41:29 - [MESSAGE][FAILED] - Expected status code is '200' but actual status code is '400'

2022-05-10 23:41:29 - [TEST_STEP][FAILED] - verifyElementPropertyValue(Response, "data.Fullname", "Alex Under"): Unable to verify element property value (Root cause: java.lang.NullPointerException: Cannot get property 'Fullname' on null object
	at Script1.run(Script1.groovy:1)
	at com.kms.katalon.core.webservice.helper.WebServiceCommonHelper.parseAndGetPropertyValueForJson(WebServiceCommonHelper.java:213)
	at com.kms.katalon.core.webservice.keyword.builtin.VerifyElementPropertyValueKeyword$_verifyElementPropertyValue_closure1.doCall(VerifyElementPropertyValueKeyword.groovy:52)
	at com.kms.katalon.core.webservice.keyword.builtin.VerifyElementPropertyValueKeyword$_verifyElementPropertyValue_closure1.call(VerifyElementPropertyValueKeyword.groovy)
	at com.kms.katalon.core.keyword.internal.KeywordMain.runKeyword(KeywordMain.groovy:74)
	at com.kms.katalon.core.webservice.keyword.builtin.VerifyElementPropertyValueKeyword.verifyElementPropertyValue(VerifyElementPropertyValueKeyword.groovy:48)
	at com.kms.katalon.core.webservice.keyword.builtin.VerifyElementPropertyValueKeyword.execute(VerifyElementPropertyValueKeyword.groovy:43)
	at com.kms.katalon.core.keyword.internal.KeywordExecutor.executeKeywordForPlatform(KeywordExecutor.groovy:74)
	at com.kms.katalon.core.webservice.keyword.WSBuiltInKeywords.verifyElementPropertyValue(WSBuiltInKeywords.groovy:189)
	at com.kms.katalon.core.webservice.keyword.WSBuiltInKeywords$verifyElementPropertyValue$1.call(Unknown Source)
	at TC01_Register.run(TC01_Register:24)
	at com.kms.katalon.core.main.ScriptEngine.run(ScriptEngine.java:194)
	at com.kms.katalon.core.main.ScriptEngine.runScriptAsRawText(ScriptEngine.java:119)
	at com.kms.katalon.core.main.TestCaseExecutor.runScript(TestCaseExecutor.java:442)
	at com.kms.katalon.core.main.TestCaseExecutor.doExecute(TestCaseExecutor.java:433)
	at com.kms.katalon.core.main.TestCaseExecutor.processExecutionPhase(TestCaseExecutor.java:412)
	at com.kms.katalon.core.main.TestCaseExecutor.accessMainPhase(TestCaseExecutor.java:404)
	at com.kms.katalon.core.main.TestCaseExecutor.execute(TestCaseExecutor.java:281)
	at com.kms.katalon.core.main.TestSuiteExecutor.accessTestCaseMainPhase(TestSuiteExecutor.java:202)
	at com.kms.katalon.core.main.TestSuiteExecutor.accessTestSuiteMainPhase(TestSuiteExecutor.java:164)
	at com.kms.katalon.core.main.TestSuiteExecutor.execute(TestSuiteExecutor.java:105)
	at com.kms.katalon.core.main.TestCaseMain.startTestSuite(TestCaseMain.java:185)
	at com.kms.katalon.core.main.TestCaseMain$startTestSuite$0.call(Unknown Source)
	at TempTestSuite1652200851689.run(TempTestSuite1652200851689.groovy:36)
)

2022-05-10 23:41:29 - [MESSAGE][FAILED] - Unable to verify element property value (Root cause: java.lang.NullPointerException: Cannot get property 'Fullname' on null object
	at Script1.run(Script1.groovy:1)
	at com.kms.katalon.core.webservice.helper.WebServiceCommonHelper.parseAndGetPropertyValueForJson(WebServiceCommonHelper.java:213)
	at com.kms.katalon.core.webservice.keyword.builtin.VerifyElementPropertyValueKeyword$_verifyElementPropertyValue_closure1.doCall(VerifyElementPropertyValueKeyword.groovy:52)
	at com.kms.katalon.core.webservice.keyword.builtin.VerifyElementPropertyValueKeyword$_verifyElementPropertyValue_closure1.call(VerifyElementPropertyValueKeyword.groovy)
	at com.kms.katalon.core.keyword.internal.KeywordMain.runKeyword(KeywordMain.groovy:74)
	at com.kms.katalon.core.webservice.keyword.builtin.VerifyElementPropertyValueKeyword.verifyElementPropertyValue(VerifyElementPropertyValueKeyword.groovy:48)
	at com.kms.katalon.core.webservice.keyword.builtin.VerifyElementPropertyValueKeyword.execute(VerifyElementPropertyValueKeyword.groovy:43)
	at com.kms.katalon.core.keyword.internal.KeywordExecutor.executeKeywordForPlatform(KeywordExecutor.groovy:74)
	at com.kms.katalon.core.webservice.keyword.WSBuiltInKeywords.verifyElementPropertyValue(WSBuiltInKeywords.groovy:189)
	at com.kms.katalon.core.webservice.keyword.WSBuiltInKeywords$verifyElementPropertyValue$1.call(Unknown Source)
	at TC01_Register.run(TC01_Register:24)
	at com.kms.katalon.core.main.ScriptEngine.run(ScriptEngine.java:194)
	at com.kms.katalon.core.main.ScriptEngine.runScriptAsRawText(ScriptEngine.java:119)
	at com.kms.katalon.core.main.TestCaseExecutor.runScript(TestCaseExecutor.java:442)
	at com.kms.katalon.core.main.TestCaseExecutor.doExecute(TestCaseExecutor.java:433)
	at com.kms.katalon.core.main.TestCaseExecutor.processExecutionPhase(TestCaseExecutor.java:412)
	at com.kms.katalon.core.main.TestCaseExecutor.accessMainPhase(TestCaseExecutor.java:404)
	at com.kms.katalon.core.main.TestCaseExecutor.execute(TestCaseExecutor.java:281)
	at com.kms.katalon.core.main.TestSuiteExecutor.accessTestCaseMainPhase(TestSuiteExecutor.java:202)
	at com.kms.katalon.core.main.TestSuiteExecutor.accessTestSuiteMainPhase(TestSuiteExecutor.java:164)
	at com.kms.katalon.core.main.TestSuiteExecutor.execute(TestSuiteExecutor.java:105)
	at com.kms.katalon.core.main.TestCaseMain.startTestSuite(TestCaseMain.java:185)
	at com.kms.katalon.core.main.TestCaseMain$startTestSuite$0.call(Unknown Source)
	at TempTestSuite1652200851689.run(TempTestSuite1652200851689.groovy:36)
)]]></system-out>
         <system-err><![CDATA[2022-05-10 23:41:26 - [TEST_CASE][FAILED] - Test Cases/REST_API/03_Auth/TC01_Register: Test Cases/REST_API/03_Auth/TC01_Register FAILED.
Reason:
com.kms.katalon.core.exception.StepFailedException: Expected status code is '200' but actual status code is '400'
	at com.kms.katalon.core.keyword.internal.KeywordMain.stepFailed(KeywordMain.groovy:39)
	at com.kms.katalon.core.webservice.keyword.builtin.VerifyResponseStatusCodeKeyword.verifyStatusCode(VerifyResponseStatusCodeKeyword.groovy:52)
	at com.kms.katalon.core.webservice.keyword.builtin.VerifyResponseStatusCodeKeyword.access$1(VerifyResponseStatusCodeKeyword.groovy)
	at com.kms.katalon.core.webservice.keyword.builtin.VerifyResponseStatusCodeKeyword$_verifyResponseStatusCode_closure1.doCall(VerifyResponseStatusCodeKeyword.groovy:42)
	at com.kms.katalon.core.webservice.keyword.builtin.VerifyResponseStatusCodeKeyword$_verifyResponseStatusCode_closure1.call(VerifyResponseStatusCodeKeyword.groovy)
	at com.kms.katalon.core.keyword.internal.KeywordMain.runKeyword(KeywordMain.groovy:74)
	at com.kms.katalon.core.webservice.keyword.builtin.VerifyResponseStatusCodeKeyword.verifyResponseStatusCode(VerifyResponseStatusCodeKeyword.groovy:37)
	at com.kms.katalon.core.webservice.keyword.builtin.VerifyResponseStatusCodeKeyword.execute(VerifyResponseStatusCodeKeyword.groovy:32)
	at com.kms.katalon.core.keyword.internal.KeywordExecutor.executeKeywordForPlatform(KeywordExecutor.groovy:74)
	at com.kms.katalon.core.webservice.keyword.WSBuiltInKeywords.verifyResponseStatusCode(WSBuiltInKeywords.groovy:344)
	at com.kms.katalon.core.webservice.keyword.WSBuiltInKeywords$verifyResponseStatusCode$0.call(Unknown Source)
	at TC01_Register.run(TC01_Register:22)
	at com.kms.katalon.core.main.ScriptEngine.run(ScriptEngine.java:194)
	at com.kms.katalon.core.main.ScriptEngine.runScriptAsRawText(ScriptEngine.java:119)
	at com.kms.katalon.core.main.TestCaseExecutor.runScript(TestCaseExecutor.java:442)
	at com.kms.katalon.core.main.TestCaseExecutor.doExecute(TestCaseExecutor.java:433)
	at com.kms.katalon.core.main.TestCaseExecutor.processExecutionPhase(TestCaseExecutor.java:412)
	at com.kms.katalon.core.main.TestCaseExecutor.accessMainPhase(TestCaseExecutor.java:404)
	at com.kms.katalon.core.main.TestCaseExecutor.execute(TestCaseExecutor.java:281)
	at com.kms.katalon.core.main.TestSuiteExecutor.accessTestCaseMainPhase(TestSuiteExecutor.java:202)
	at com.kms.katalon.core.main.TestSuiteExecutor.accessTestSuiteMainPhase(TestSuiteExecutor.java:164)
	at com.kms.katalon.core.main.TestSuiteExecutor.execute(TestSuiteExecutor.java:105)
	at com.kms.katalon.core.main.TestCaseMain.startTestSuite(TestCaseMain.java:185)
	at com.kms.katalon.core.main.TestCaseMain$startTestSuite$0.call(Unknown Source)
	at TempTestSuite1652200851689.run(TempTestSuite1652200851689.groovy:36)]]></system-err>
      </testcase>
      <testcase name="Test Cases/REST_API/03_Auth/TC02_RegisterEmptyEmail" time="0.979" classname="Test Cases/REST_API/03_Auth/TC02_RegisterEmptyEmail" status="PASSED">
         <system-out><![CDATA[2022-05-10 23:41:29 - [TEST_CASE][PASSED] - Test Cases/REST_API/03_Auth/TC02_RegisterEmptyEmail: Test Cases/REST_API/03_Auth/TC02_RegisterEmptyEmail

2022-05-10 23:41:30 - [TEST_STEP][PASSED] - Response = sendRequest(findTestObject("REST_API/03_Auth/Register_EmptyEmail")): Send request successfully

2022-05-10 23:41:30 - [MESSAGE][INFO] - HAR: F:\1. UNNES\6. Semester 6\2 - MSIB\final-project-qe-alta4\final-project-qe-alta\Reports\20220510_234046\REST_API\03_Auth\20220510_234051\requests\main\1.har

2022-05-10 23:41:30 - [MESSAGE][PASSED] - Send request successfully

2022-05-10 23:41:30 - [TEST_STEP][PASSED] - verifyResponseStatusCode(Response, 400): Verify response status code successfully

2022-05-10 23:41:30 - [MESSAGE][PASSED] - Verify response status code successfully

2022-05-10 23:41:30 - [TEST_STEP][PASSED] - verifyElementPropertyValue(Response, "error", "email is required"): Verify element property value successfully

2022-05-10 23:41:30 - [MESSAGE][PASSED] - Verify element property value successfully]]></system-out>
         <system-err><![CDATA[]]></system-err>
      </testcase>
      <testcase name="Test Cases/REST_API/03_Auth/TC03_RegisterEmptyName" time="0.757" classname="Test Cases/REST_API/03_Auth/TC03_RegisterEmptyName" status="PASSED">
         <system-out><![CDATA[2022-05-10 23:41:30 - [TEST_CASE][PASSED] - Test Cases/REST_API/03_Auth/TC03_RegisterEmptyName: Test Cases/REST_API/03_Auth/TC03_RegisterEmptyName

2022-05-10 23:41:30 - [TEST_STEP][PASSED] - Response = sendRequest(findTestObject("REST_API/03_Auth/Register_EmptyName")): Send request successfully

2022-05-10 23:41:31 - [MESSAGE][INFO] - HAR: F:\1. UNNES\6. Semester 6\2 - MSIB\final-project-qe-alta4\final-project-qe-alta\Reports\20220510_234046\REST_API\03_Auth\20220510_234051\requests\main\2.har

2022-05-10 23:41:31 - [MESSAGE][PASSED] - Send request successfully

2022-05-10 23:41:31 - [TEST_STEP][PASSED] - verifyResponseStatusCode(Response, 400): Verify response status code successfully

2022-05-10 23:41:31 - [MESSAGE][PASSED] - Verify response status code successfully

2022-05-10 23:41:31 - [TEST_STEP][PASSED] - verifyElementPropertyValue(Response, "error", "fullname is required"): Verify element property value successfully

2022-05-10 23:41:31 - [MESSAGE][PASSED] - Verify element property value successfully]]></system-out>
         <system-err><![CDATA[]]></system-err>
      </testcase>
      <testcase name="Test Cases/REST_API/03_Auth/TC04_RegisterEmptyPassword" time="0.73" classname="Test Cases/REST_API/03_Auth/TC04_RegisterEmptyPassword" status="PASSED">
         <system-out><![CDATA[2022-05-10 23:41:31 - [TEST_CASE][PASSED] - Test Cases/REST_API/03_Auth/TC04_RegisterEmptyPassword: Test Cases/REST_API/03_Auth/TC04_RegisterEmptyPassword

2022-05-10 23:41:31 - [TEST_STEP][PASSED] - Response = sendRequest(findTestObject("REST_API/03_Auth/Register_EmptyPassword")): Send request successfully

2022-05-10 23:41:32 - [MESSAGE][INFO] - HAR: F:\1. UNNES\6. Semester 6\2 - MSIB\final-project-qe-alta4\final-project-qe-alta\Reports\20220510_234046\REST_API\03_Auth\20220510_234051\requests\main\3.har

2022-05-10 23:41:32 - [MESSAGE][PASSED] - Send request successfully

2022-05-10 23:41:32 - [TEST_STEP][PASSED] - verifyResponseStatusCode(Response, 400): Verify response status code successfully

2022-05-10 23:41:32 - [MESSAGE][PASSED] - Verify response status code successfully

2022-05-10 23:41:32 - [TEST_STEP][PASSED] - verifyElementPropertyValue(Response, "error", "password is required"): Verify element property value successfully

2022-05-10 23:41:32 - [MESSAGE][PASSED] - Verify element property value successfully]]></system-out>
         <system-err><![CDATA[]]></system-err>
      </testcase>
      <testcase name="Test Cases/REST_API/03_Auth/TC05_RegisterWithRegisteredEmail" time="0.692" classname="Test Cases/REST_API/03_Auth/TC05_RegisterWithRegisteredEmail" status="PASSED">
         <system-out><![CDATA[2022-05-10 23:41:32 - [TEST_CASE][PASSED] - Test Cases/REST_API/03_Auth/TC05_RegisterWithRegisteredEmail: Test Cases/REST_API/03_Auth/TC05_RegisterWithRegisteredEmail

2022-05-10 23:41:32 - [TEST_STEP][PASSED] - Response = sendRequest(findTestObject("REST_API/03_Auth/Register_RegisteredEmail")): Send request successfully

2022-05-10 23:41:32 - [MESSAGE][INFO] - HAR: F:\1. UNNES\6. Semester 6\2 - MSIB\final-project-qe-alta4\final-project-qe-alta\Reports\20220510_234046\REST_API\03_Auth\20220510_234051\requests\main\4.har

2022-05-10 23:41:32 - [MESSAGE][PASSED] - Send request successfully

2022-05-10 23:41:32 - [TEST_STEP][PASSED] - verifyResponseStatusCode(Response, 400): Verify response status code successfully

2022-05-10 23:41:32 - [MESSAGE][PASSED] - Verify response status code successfully

2022-05-10 23:41:32 - [TEST_STEP][PASSED] - verifyElementPropertyValue(Response, "error", "ERROR: duplicate key value violates unique constraint "users_email_key" (SQLSTATE 23505)"): Verify element property value successfully

2022-05-10 23:41:32 - [MESSAGE][PASSED] - Verify element property value successfully]]></system-out>
         <system-err><![CDATA[]]></system-err>
      </testcase>
      <testcase name="Test Cases/REST_API/03_Auth/TC06_Login" time="0.811" classname="Test Cases/REST_API/03_Auth/TC06_Login" status="PASSED">
         <system-out><![CDATA[2022-05-10 23:41:32 - [TEST_CASE][PASSED] - Test Cases/REST_API/03_Auth/TC06_Login: Test Cases/REST_API/03_Auth/TC06_Login

2022-05-10 23:41:33 - [TEST_STEP][PASSED] - Response = sendRequest(findTestObject("REST_API/03_Auth/Login")): Send request successfully

2022-05-10 23:41:33 - [MESSAGE][INFO] - HAR: F:\1. UNNES\6. Semester 6\2 - MSIB\final-project-qe-alta4\final-project-qe-alta\Reports\20220510_234046\REST_API\03_Auth\20220510_234051\requests\main\5.har

2022-05-10 23:41:33 - [MESSAGE][PASSED] - Send request successfully

2022-05-10 23:41:33 - [TEST_STEP][PASSED] - verifyResponseStatusCode(Response, 200): Verify response status code successfully

2022-05-10 23:41:33 - [MESSAGE][PASSED] - Verify response status code successfully

2022-05-10 23:41:33 - [TEST_STEP][PASSED] - verifyElementPropertyValue(Response, "data", "eyJhbGciOiJIUzI1NiIsInR5cCI6IkpXVCJ9.eyJGdWxsbmFtZSI6IiAiLCJFbWFpbCI6InNhbHNhYmlsYUBnbWFpbC5jb20ifQ.bFDWh__G0S0QFNpiprotKPnDgDwgZS6ZOiS8Z7108AQ"): Verify element property value successfully

2022-05-10 23:41:33 - [MESSAGE][PASSED] - Verify element property value successfully]]></system-out>
         <system-err><![CDATA[]]></system-err>
      </testcase>
      <testcase name="Test Cases/REST_API/03_Auth/TC07_LoginEmptyEmail" time="0.664" classname="Test Cases/REST_API/03_Auth/TC07_LoginEmptyEmail" status="PASSED">
         <system-out><![CDATA[2022-05-10 23:41:33 - [TEST_CASE][PASSED] - Test Cases/REST_API/03_Auth/TC07_LoginEmptyEmail: Test Cases/REST_API/03_Auth/TC07_LoginEmptyEmail

2022-05-10 23:41:34 - [TEST_STEP][PASSED] - Response = sendRequest(findTestObject("REST_API/03_Auth/Login_EmptyEmail")): Send request successfully

2022-05-10 23:41:34 - [MESSAGE][INFO] - HAR: F:\1. UNNES\6. Semester 6\2 - MSIB\final-project-qe-alta4\final-project-qe-alta\Reports\20220510_234046\REST_API\03_Auth\20220510_234051\requests\main\6.har

2022-05-10 23:41:34 - [MESSAGE][PASSED] - Send request successfully

2022-05-10 23:41:34 - [TEST_STEP][PASSED] - verifyResponseStatusCode(Response, 400): Verify response status code successfully

2022-05-10 23:41:34 - [MESSAGE][PASSED] - Verify response status code successfully

2022-05-10 23:41:34 - [TEST_STEP][PASSED] - verifyElementPropertyValue(Response, "error", "email is required"): Verify element property value successfully

2022-05-10 23:41:34 - [MESSAGE][PASSED] - Verify element property value successfully]]></system-out>
         <system-err><![CDATA[]]></system-err>
      </testcase>
      <testcase name="Test Cases/REST_API/03_Auth/TC08_LoginEmptyPassword" time="0.8" classname="Test Cases/REST_API/03_Auth/TC08_LoginEmptyPassword" status="PASSED">
         <system-out><![CDATA[2022-05-10 23:41:34 - [TEST_CASE][PASSED] - Test Cases/REST_API/03_Auth/TC08_LoginEmptyPassword: Test Cases/REST_API/03_Auth/TC08_LoginEmptyPassword

2022-05-10 23:41:34 - [TEST_STEP][PASSED] - Response = sendRequest(findTestObject("REST_API/03_Auth/Login_EmptyPassword")): Send request successfully

2022-05-10 23:41:35 - [MESSAGE][INFO] - HAR: F:\1. UNNES\6. Semester 6\2 - MSIB\final-project-qe-alta4\final-project-qe-alta\Reports\20220510_234046\REST_API\03_Auth\20220510_234051\requests\main\7.har

2022-05-10 23:41:35 - [MESSAGE][PASSED] - Send request successfully

2022-05-10 23:41:35 - [TEST_STEP][PASSED] - verifyResponseStatusCode(Response, 400): Verify response status code successfully

2022-05-10 23:41:35 - [MESSAGE][PASSED] - Verify response status code successfully

2022-05-10 23:41:35 - [TEST_STEP][PASSED] - verifyElementPropertyValue(Response, "error", "password is required"): Verify element property value successfully

2022-05-10 23:41:35 - [MESSAGE][PASSED] - Verify element property value successfully]]></system-out>
         <system-err><![CDATA[]]></system-err>
      </testcase>
      <testcase name="Test Cases/REST_API/03_Auth/TC09_LoginInvalidEmail" time="0.814" classname="Test Cases/REST_API/03_Auth/TC09_LoginInvalidEmail" status="PASSED">
         <system-out><![CDATA[2022-05-10 23:41:35 - [TEST_CASE][PASSED] - Test Cases/REST_API/03_Auth/TC09_LoginInvalidEmail: Test Cases/REST_API/03_Auth/TC09_LoginInvalidEmail

2022-05-10 23:41:35 - [TEST_STEP][PASSED] - Response = sendRequest(findTestObject("REST_API/03_Auth/Login_InvalidEmail")): Send request successfully

2022-05-10 23:41:35 - [MESSAGE][INFO] - HAR: F:\1. UNNES\6. Semester 6\2 - MSIB\final-project-qe-alta4\final-project-qe-alta\Reports\20220510_234046\REST_API\03_Auth\20220510_234051\requests\main\8.har

2022-05-10 23:41:35 - [MESSAGE][PASSED] - Send request successfully

2022-05-10 23:41:35 - [TEST_STEP][PASSED] - verifyResponseStatusCode(Response, 400): Verify response status code successfully

2022-05-10 23:41:35 - [MESSAGE][PASSED] - Verify response status code successfully

2022-05-10 23:41:35 - [TEST_STEP][PASSED] - verifyElementPropertyValue(Response, "error", "record not found"): Verify element property value successfully

2022-05-10 23:41:35 - [MESSAGE][PASSED] - Verify element property value successfully]]></system-out>
         <system-err><![CDATA[]]></system-err>
      </testcase>
      <testcase name="Test Cases/REST_API/03_Auth/TC10_LoginInvalidPassword" time="0.691" classname="Test Cases/REST_API/03_Auth/TC10_LoginInvalidPassword" status="PASSED">
         <system-out><![CDATA[2022-05-10 23:41:35 - [TEST_CASE][PASSED] - Test Cases/REST_API/03_Auth/TC10_LoginInvalidPassword: Test Cases/REST_API/03_Auth/TC10_LoginInvalidPassword

2022-05-10 23:41:36 - [TEST_STEP][PASSED] - Response = sendRequest(findTestObject("REST_API/03_Auth/Login_InvalidPassword")): Send request successfully

2022-05-10 23:41:36 - [MESSAGE][INFO] - HAR: F:\1. UNNES\6. Semester 6\2 - MSIB\final-project-qe-alta4\final-project-qe-alta\Reports\20220510_234046\REST_API\03_Auth\20220510_234051\requests\main\9.har

2022-05-10 23:41:36 - [MESSAGE][PASSED] - Send request successfully

2022-05-10 23:41:36 - [TEST_STEP][PASSED] - verifyResponseStatusCode(Response, 400): Verify response status code successfully

2022-05-10 23:41:36 - [MESSAGE][PASSED] - Verify response status code successfully

2022-05-10 23:41:36 - [TEST_STEP][PASSED] - verifyElementPropertyValue(Response, "error", "email or password is invalid"): Verify element property value successfully

2022-05-10 23:41:36 - [MESSAGE][PASSED] - Verify element property value successfully]]></system-out>
         <system-err><![CDATA[]]></system-err>
      </testcase>
      <system-out><![CDATA[2022-05-10 23:41:26 - [TEST_SUITE][FAILED] - 03_Auth: Test Cases/REST_API/03_Auth/TC01_Register FAILED.
Reason:
com.kms.katalon.core.exception.StepFailedException: Expected status code is '200' but actual status code is '400'
	at com.kms.katalon.core.keyword.internal.KeywordMain.stepFailed(KeywordMain.groovy:39)
	at com.kms.katalon.core.webservice.keyword.builtin.VerifyResponseStatusCodeKeyword.verifyStatusCode(VerifyResponseStatusCodeKeyword.groovy:52)
	at com.kms.katalon.core.webservice.keyword.builtin.VerifyResponseStatusCodeKeyword.access$1(VerifyResponseStatusCodeKeyword.groovy)
	at com.kms.katalon.core.webservice.keyword.builtin.VerifyResponseStatusCodeKeyword$_verifyResponseStatusCode_closure1.doCall(VerifyResponseStatusCodeKeyword.groovy:42)
	at com.kms.katalon.core.webservice.keyword.builtin.VerifyResponseStatusCodeKeyword$_verifyResponseStatusCode_closure1.call(VerifyResponseStatusCodeKeyword.groovy)
	at com.kms.katalon.core.keyword.internal.KeywordMain.runKeyword(KeywordMain.groovy:74)
	at com.kms.katalon.core.webservice.keyword.builtin.VerifyResponseStatusCodeKeyword.verifyResponseStatusCode(VerifyResponseStatusCodeKeyword.groovy:37)
	at com.kms.katalon.core.webservice.keyword.builtin.VerifyResponseStatusCodeKeyword.execute(VerifyResponseStatusCodeKeyword.groovy:32)
	at com.kms.katalon.core.keyword.internal.KeywordExecutor.executeKeywordForPlatform(KeywordExecutor.groovy:74)
	at com.kms.katalon.core.webservice.keyword.WSBuiltInKeywords.verifyResponseStatusCode(WSBuiltInKeywords.groovy:344)
	at com.kms.katalon.core.webservice.keyword.WSBuiltInKeywords$verifyResponseStatusCode$0.call(Unknown Source)
	at TC01_Register.run(TC01_Register:22)
	at com.kms.katalon.core.main.ScriptEngine.run(ScriptEngine.java:194)
	at com.kms.katalon.core.main.ScriptEngine.runScriptAsRawText(ScriptEngine.java:119)
	at com.kms.katalon.core.main.TestCaseExecutor.runScript(TestCaseExecutor.java:442)
	at com.kms.katalon.core.main.TestCaseExecutor.doExecute(TestCaseExecutor.java:433)
	at com.kms.katalon.core.main.TestCaseExecutor.processExecutionPhase(TestCaseExecutor.java:412)
	at com.kms.katalon.core.main.TestCaseExecutor.accessMainPhase(TestCaseExecutor.java:404)
	at com.kms.katalon.core.main.TestCaseExecutor.execute(TestCaseExecutor.java:281)
	at com.kms.katalon.core.main.TestSuiteExecutor.accessTestCaseMainPhase(TestSuiteExecutor.java:202)
	at com.kms.katalon.core.main.TestSuiteExecutor.accessTestSuiteMainPhase(TestSuiteExecutor.java:164)
	at com.kms.katalon.core.main.TestSuiteExecutor.execute(TestSuiteExecutor.java:105)
	at com.kms.katalon.core.main.TestCaseMain.startTestSuite(TestCaseMain.java:185)
	at com.kms.katalon.core.main.TestCaseMain$startTestSuite$0.call(Unknown Source)
	at TempTestSuite1652200851689.run(TempTestSuite1652200851689.groovy:36)]]></system-out>
      <system-err><![CDATA[2022-05-10 23:41:26 - [TEST_SUITE][FAILED] - 03_Auth: Test Cases/REST_API/03_Auth/TC01_Register FAILED.
Reason:
com.kms.katalon.core.exception.StepFailedException: Expected status code is '200' but actual status code is '400'
	at com.kms.katalon.core.keyword.internal.KeywordMain.stepFailed(KeywordMain.groovy:39)
	at com.kms.katalon.core.webservice.keyword.builtin.VerifyResponseStatusCodeKeyword.verifyStatusCode(VerifyResponseStatusCodeKeyword.groovy:52)
	at com.kms.katalon.core.webservice.keyword.builtin.VerifyResponseStatusCodeKeyword.access$1(VerifyResponseStatusCodeKeyword.groovy)
	at com.kms.katalon.core.webservice.keyword.builtin.VerifyResponseStatusCodeKeyword$_verifyResponseStatusCode_closure1.doCall(VerifyResponseStatusCodeKeyword.groovy:42)
	at com.kms.katalon.core.webservice.keyword.builtin.VerifyResponseStatusCodeKeyword$_verifyResponseStatusCode_closure1.call(VerifyResponseStatusCodeKeyword.groovy)
	at com.kms.katalon.core.keyword.internal.KeywordMain.runKeyword(KeywordMain.groovy:74)
	at com.kms.katalon.core.webservice.keyword.builtin.VerifyResponseStatusCodeKeyword.verifyResponseStatusCode(VerifyResponseStatusCodeKeyword.groovy:37)
	at com.kms.katalon.core.webservice.keyword.builtin.VerifyResponseStatusCodeKeyword.execute(VerifyResponseStatusCodeKeyword.groovy:32)
	at com.kms.katalon.core.keyword.internal.KeywordExecutor.executeKeywordForPlatform(KeywordExecutor.groovy:74)
	at com.kms.katalon.core.webservice.keyword.WSBuiltInKeywords.verifyResponseStatusCode(WSBuiltInKeywords.groovy:344)
	at com.kms.katalon.core.webservice.keyword.WSBuiltInKeywords$verifyResponseStatusCode$0.call(Unknown Source)
	at TC01_Register.run(TC01_Register:22)
	at com.kms.katalon.core.main.ScriptEngine.run(ScriptEngine.java:194)
	at com.kms.katalon.core.main.ScriptEngine.runScriptAsRawText(ScriptEngine.java:119)
	at com.kms.katalon.core.main.TestCaseExecutor.runScript(TestCaseExecutor.java:442)
	at com.kms.katalon.core.main.TestCaseExecutor.doExecute(TestCaseExecutor.java:433)
	at com.kms.katalon.core.main.TestCaseExecutor.processExecutionPhase(TestCaseExecutor.java:412)
	at com.kms.katalon.core.main.TestCaseExecutor.accessMainPhase(TestCaseExecutor.java:404)
	at com.kms.katalon.core.main.TestCaseExecutor.execute(TestCaseExecutor.java:281)
	at com.kms.katalon.core.main.TestSuiteExecutor.accessTestCaseMainPhase(TestSuiteExecutor.java:202)
	at com.kms.katalon.core.main.TestSuiteExecutor.accessTestSuiteMainPhase(TestSuiteExecutor.java:164)
	at com.kms.katalon.core.main.TestSuiteExecutor.execute(TestSuiteExecutor.java:105)
	at com.kms.katalon.core.main.TestCaseMain.startTestSuite(TestCaseMain.java:185)
	at com.kms.katalon.core.main.TestCaseMain$startTestSuite$0.call(Unknown Source)
	at TempTestSuite1652200851689.run(TempTestSuite1652200851689.groovy:36)]]></system-err>
   </testsuite>
   <testsuite name="04_Transactions" tests="9" failures="1" errors="0" time="9.013" skipped="0" timestamp="2022-05-10 23:41:41" hostname="salsa - SALSABILA" id="Test Suites/REST_API/04_Transactions">
      <properties>
         <property name="deviceName" value=""/>
         <property name="devicePlatform" value=""/>
         <property name="logFolder" value="F:\\1. UNNES\\6. Semester 6\\2 - MSIB\\final-project-qe-alta4\\final-project-qe-alta\\Reports\\20220510_234046\\REST_API\\04_Transactions\\20220510_234053"/>
         <property name="logFiles" value="F:\\1. UNNES\\6. Semester 6\\2 - MSIB\\final-project-qe-alta4\\final-project-qe-alta\\Reports\\20220510_234046\\REST_API\\04_Transactions\\20220510_234053\\execution0.log"/>
         <property name="attachments" value=""/>
         <property name="hostName" value="salsa - SALSABILA"/>
         <property name="hostAddress" value="192.168.106.173"/>
         <property name="os" value="Windows 10 64bit"/>
         <property name="katalonVersion" value="8.2.5.208"/>
      </properties>
      <testcase name="Test Cases/REST_API/04_Transactions/TC02_CreateTransactions" time="2.607" classname="Test Cases/REST_API/04_Transactions/TC02_CreateTransactions" status="FAILED">
         <failure type="FAILED" message="Test Cases/REST_API/04_Transactions/TC02_CreateTransactions FAILED.
Reason:
com.kms.katalon.core.exception.StepFailedException: Expected element property value '840' is not equal with actual property value '45'
	at com.kms.katalon.core.keyword.internal.KeywordMain.stepFailed(KeywordMain.groovy:39)
	at com.kms.katalon.core.webservice.keyword.builtin.VerifyElementPropertyValueKeyword$_verifyElementPropertyValue_closure1.doCall(VerifyElementPropertyValueKeyword.groovy:56)
	at com.kms.katalon.core.webservice.keyword.builtin.VerifyElementPropertyValueKeyword$_verifyElementPropertyValue_closure1.call(VerifyElementPropertyValueKeyword.groovy)
	at com.kms.katalon.core.keyword.internal.KeywordMain.runKeyword(KeywordMain.groovy:74)
	at com.kms.katalon.core.webservice.keyword.builtin.VerifyElementPropertyValueKeyword.verifyElementPropertyValue(VerifyElementPropertyValueKeyword.groovy:48)
	at com.kms.katalon.core.webservice.keyword.builtin.VerifyElementPropertyValueKeyword.execute(VerifyElementPropertyValueKeyword.groovy:43)
	at com.kms.katalon.core.keyword.internal.KeywordExecutor.executeKeywordForPlatform(KeywordExecutor.groovy:74)
	at com.kms.katalon.core.webservice.keyword.WSBuiltInKeywords.verifyElementPropertyValue(WSBuiltInKeywords.groovy:189)
	at com.kms.katalon.core.webservice.keyword.WSBuiltInKeywords$verifyElementPropertyValue$1.call(Unknown Source)
	at TC02_CreateTransactions.run(TC02_CreateTransactions:24)
	at com.kms.katalon.core.main.ScriptEngine.run(ScriptEngine.java:194)
	at com.kms.katalon.core.main.ScriptEngine.runScriptAsRawText(ScriptEngine.java:119)
	at com.kms.katalon.core.main.TestCaseExecutor.runScript(TestCaseExecutor.java:442)
	at com.kms.katalon.core.main.TestCaseExecutor.doExecute(TestCaseExecutor.java:433)
	at com.kms.katalon.core.main.TestCaseExecutor.processExecutionPhase(TestCaseExecutor.java:412)
	at com.kms.katalon.core.main.TestCaseExecutor.accessMainPhase(TestCaseExecutor.java:404)
	at com.kms.katalon.core.main.TestCaseExecutor.execute(TestCaseExecutor.java:281)
	at com.kms.katalon.core.main.TestSuiteExecutor.accessTestCaseMainPhase(TestSuiteExecutor.java:202)
	at com.kms.katalon.core.main.TestSuiteExecutor.accessTestSuiteMainPhase(TestSuiteExecutor.java:164)
	at com.kms.katalon.core.main.TestSuiteExecutor.execute(TestSuiteExecutor.java:105)
	at com.kms.katalon.core.main.TestCaseMain.startTestSuite(TestCaseMain.java:185)
	at com.kms.katalon.core.main.TestCaseMain$startTestSuite$0.call(Unknown Source)
	at TempTestSuite1652200853509.run(TempTestSuite1652200853509.groovy:36)
"/>
         <system-out><![CDATA[2022-05-10 23:41:41 - [TEST_CASE][FAILED] - Test Cases/REST_API/04_Transactions/TC02_CreateTransactions: Test Cases/REST_API/04_Transactions/TC02_CreateTransactions FAILED.
Reason:
com.kms.katalon.core.exception.StepFailedException: Expected element property value '840' is not equal with actual property value '45'
	at com.kms.katalon.core.keyword.internal.KeywordMain.stepFailed(KeywordMain.groovy:39)
	at com.kms.katalon.core.webservice.keyword.builtin.VerifyElementPropertyValueKeyword$_verifyElementPropertyValue_closure1.doCall(VerifyElementPropertyValueKeyword.groovy:56)
	at com.kms.katalon.core.webservice.keyword.builtin.VerifyElementPropertyValueKeyword$_verifyElementPropertyValue_closure1.call(VerifyElementPropertyValueKeyword.groovy)
	at com.kms.katalon.core.keyword.internal.KeywordMain.runKeyword(KeywordMain.groovy:74)
	at com.kms.katalon.core.webservice.keyword.builtin.VerifyElementPropertyValueKeyword.verifyElementPropertyValue(VerifyElementPropertyValueKeyword.groovy:48)
	at com.kms.katalon.core.webservice.keyword.builtin.VerifyElementPropertyValueKeyword.execute(VerifyElementPropertyValueKeyword.groovy:43)
	at com.kms.katalon.core.keyword.internal.KeywordExecutor.executeKeywordForPlatform(KeywordExecutor.groovy:74)
	at com.kms.katalon.core.webservice.keyword.WSBuiltInKeywords.verifyElementPropertyValue(WSBuiltInKeywords.groovy:189)
	at com.kms.katalon.core.webservice.keyword.WSBuiltInKeywords$verifyElementPropertyValue$1.call(Unknown Source)
	at TC02_CreateTransactions.run(TC02_CreateTransactions:24)
	at com.kms.katalon.core.main.ScriptEngine.run(ScriptEngine.java:194)
	at com.kms.katalon.core.main.ScriptEngine.runScriptAsRawText(ScriptEngine.java:119)
	at com.kms.katalon.core.main.TestCaseExecutor.runScript(TestCaseExecutor.java:442)
	at com.kms.katalon.core.main.TestCaseExecutor.doExecute(TestCaseExecutor.java:433)
	at com.kms.katalon.core.main.TestCaseExecutor.processExecutionPhase(TestCaseExecutor.java:412)
	at com.kms.katalon.core.main.TestCaseExecutor.accessMainPhase(TestCaseExecutor.java:404)
	at com.kms.katalon.core.main.TestCaseExecutor.execute(TestCaseExecutor.java:281)
	at com.kms.katalon.core.main.TestSuiteExecutor.accessTestCaseMainPhase(TestSuiteExecutor.java:202)
	at com.kms.katalon.core.main.TestSuiteExecutor.accessTestSuiteMainPhase(TestSuiteExecutor.java:164)
	at com.kms.katalon.core.main.TestSuiteExecutor.execute(TestSuiteExecutor.java:105)
	at com.kms.katalon.core.main.TestCaseMain.startTestSuite(TestCaseMain.java:185)
	at com.kms.katalon.core.main.TestCaseMain$startTestSuite$0.call(Unknown Source)
	at TempTestSuite1652200853509.run(TempTestSuite1652200853509.groovy:36)


2022-05-10 23:41:42 - [TEST_STEP][PASSED] - Response = sendRequest(findTestObject("REST_API/04_Transactions/CreateTransactions")): Send request successfully

2022-05-10 23:41:44 - [MESSAGE][INFO] - HAR: F:\1. UNNES\6. Semester 6\2 - MSIB\final-project-qe-alta4\final-project-qe-alta\Reports\20220510_234046\REST_API\04_Transactions\20220510_234053\requests\main\0.har

2022-05-10 23:41:44 - [MESSAGE][PASSED] - Send request successfully

2022-05-10 23:41:44 - [TEST_STEP][PASSED] - verifyResponseStatusCode(Response, 200): Verify response status code successfully

2022-05-10 23:41:44 - [MESSAGE][PASSED] - Verify response status code successfully

2022-05-10 23:41:44 - [TEST_STEP][FAILED] - verifyElementPropertyValue(Response, "data[0].User.ID", 840): Expected element property value '840' is not equal with actual property value '45'

2022-05-10 23:41:44 - [MESSAGE][FAILED] - Expected element property value '840' is not equal with actual property value '45']]></system-out>
         <system-err><![CDATA[2022-05-10 23:41:41 - [TEST_CASE][FAILED] - Test Cases/REST_API/04_Transactions/TC02_CreateTransactions: Test Cases/REST_API/04_Transactions/TC02_CreateTransactions FAILED.
Reason:
com.kms.katalon.core.exception.StepFailedException: Expected element property value '840' is not equal with actual property value '45'
	at com.kms.katalon.core.keyword.internal.KeywordMain.stepFailed(KeywordMain.groovy:39)
	at com.kms.katalon.core.webservice.keyword.builtin.VerifyElementPropertyValueKeyword$_verifyElementPropertyValue_closure1.doCall(VerifyElementPropertyValueKeyword.groovy:56)
	at com.kms.katalon.core.webservice.keyword.builtin.VerifyElementPropertyValueKeyword$_verifyElementPropertyValue_closure1.call(VerifyElementPropertyValueKeyword.groovy)
	at com.kms.katalon.core.keyword.internal.KeywordMain.runKeyword(KeywordMain.groovy:74)
	at com.kms.katalon.core.webservice.keyword.builtin.VerifyElementPropertyValueKeyword.verifyElementPropertyValue(VerifyElementPropertyValueKeyword.groovy:48)
	at com.kms.katalon.core.webservice.keyword.builtin.VerifyElementPropertyValueKeyword.execute(VerifyElementPropertyValueKeyword.groovy:43)
	at com.kms.katalon.core.keyword.internal.KeywordExecutor.executeKeywordForPlatform(KeywordExecutor.groovy:74)
	at com.kms.katalon.core.webservice.keyword.WSBuiltInKeywords.verifyElementPropertyValue(WSBuiltInKeywords.groovy:189)
	at com.kms.katalon.core.webservice.keyword.WSBuiltInKeywords$verifyElementPropertyValue$1.call(Unknown Source)
	at TC02_CreateTransactions.run(TC02_CreateTransactions:24)
	at com.kms.katalon.core.main.ScriptEngine.run(ScriptEngine.java:194)
	at com.kms.katalon.core.main.ScriptEngine.runScriptAsRawText(ScriptEngine.java:119)
	at com.kms.katalon.core.main.TestCaseExecutor.runScript(TestCaseExecutor.java:442)
	at com.kms.katalon.core.main.TestCaseExecutor.doExecute(TestCaseExecutor.java:433)
	at com.kms.katalon.core.main.TestCaseExecutor.processExecutionPhase(TestCaseExecutor.java:412)
	at com.kms.katalon.core.main.TestCaseExecutor.accessMainPhase(TestCaseExecutor.java:404)
	at com.kms.katalon.core.main.TestCaseExecutor.execute(TestCaseExecutor.java:281)
	at com.kms.katalon.core.main.TestSuiteExecutor.accessTestCaseMainPhase(TestSuiteExecutor.java:202)
	at com.kms.katalon.core.main.TestSuiteExecutor.accessTestSuiteMainPhase(TestSuiteExecutor.java:164)
	at com.kms.katalon.core.main.TestSuiteExecutor.execute(TestSuiteExecutor.java:105)
	at com.kms.katalon.core.main.TestCaseMain.startTestSuite(TestCaseMain.java:185)
	at com.kms.katalon.core.main.TestCaseMain$startTestSuite$0.call(Unknown Source)
	at TempTestSuite1652200853509.run(TempTestSuite1652200853509.groovy:36)]]></system-err>
      </testcase>
      <testcase name="Test Cases/REST_API/04_Transactions/TC03_CreateTransactionsInvalidId" time="0.922" classname="Test Cases/REST_API/04_Transactions/TC03_CreateTransactionsInvalidId" status="PASSED">
         <system-out><![CDATA[2022-05-10 23:41:44 - [TEST_CASE][PASSED] - Test Cases/REST_API/04_Transactions/TC03_CreateTransactionsInvalidId: Test Cases/REST_API/04_Transactions/TC03_CreateTransactionsInvalidId

2022-05-10 23:41:44 - [TEST_STEP][PASSED] - Response = sendRequest(findTestObject("REST_API/04_Transactions/CreateTransactions_InvalidProductID")): Send request successfully

2022-05-10 23:41:45 - [MESSAGE][INFO] - HAR: F:\1. UNNES\6. Semester 6\2 - MSIB\final-project-qe-alta4\final-project-qe-alta\Reports\20220510_234046\REST_API\04_Transactions\20220510_234053\requests\main\1.har

2022-05-10 23:41:45 - [MESSAGE][PASSED] - Send request successfully

2022-05-10 23:41:45 - [TEST_STEP][PASSED] - verifyResponseStatusCode(Response, 400): Verify response status code successfully

2022-05-10 23:41:45 - [MESSAGE][PASSED] - Verify response status code successfully

2022-05-10 23:41:45 - [TEST_STEP][PASSED] - verifyElementPropertyValue(Response, "error", "invalid character 's' after object key:value pair"): Verify element property value successfully

2022-05-10 23:41:45 - [MESSAGE][PASSED] - Verify element property value successfully]]></system-out>
         <system-err><![CDATA[]]></system-err>
      </testcase>
      <testcase name="Test Cases/REST_API/04_Transactions/TC04_CreateTransactionsInvalidQuantity" time="0.766" classname="Test Cases/REST_API/04_Transactions/TC04_CreateTransactionsInvalidQuantity" status="PASSED">
         <system-out><![CDATA[2022-05-10 23:41:45 - [TEST_CASE][PASSED] - Test Cases/REST_API/04_Transactions/TC04_CreateTransactionsInvalidQuantity: Test Cases/REST_API/04_Transactions/TC04_CreateTransactionsInvalidQuantity

2022-05-10 23:41:45 - [TEST_STEP][PASSED] - Response = sendRequest(findTestObject("REST_API/04_Transactions/CreateTransactions_InvalidQuantity")): Send request successfully

2022-05-10 23:41:45 - [MESSAGE][INFO] - HAR: F:\1. UNNES\6. Semester 6\2 - MSIB\final-project-qe-alta4\final-project-qe-alta\Reports\20220510_234046\REST_API\04_Transactions\20220510_234053\requests\main\2.har

2022-05-10 23:41:45 - [MESSAGE][PASSED] - Send request successfully

2022-05-10 23:41:45 - [TEST_STEP][PASSED] - verifyResponseStatusCode(Response, 400): Verify response status code successfully

2022-05-10 23:41:45 - [MESSAGE][PASSED] - Verify response status code successfully

2022-05-10 23:41:45 - [TEST_STEP][PASSED] - verifyElementPropertyValue(Response, "error", "invalid character 'I' looking for beginning of value"): Verify element property value successfully

2022-05-10 23:41:46 - [MESSAGE][PASSED] - Verify element property value successfully]]></system-out>
         <system-err><![CDATA[]]></system-err>
      </testcase>
      <testcase name="Test Cases/REST_API/04_Transactions/TC05_CreateTransactionsEmptyData" time="0.703" classname="Test Cases/REST_API/04_Transactions/TC05_CreateTransactionsEmptyData" status="PASSED">
         <system-out><![CDATA[2022-05-10 23:41:46 - [TEST_CASE][PASSED] - Test Cases/REST_API/04_Transactions/TC05_CreateTransactionsEmptyData: Test Cases/REST_API/04_Transactions/TC05_CreateTransactionsEmptyData

2022-05-10 23:41:46 - [TEST_STEP][PASSED] - Response = sendRequest(findTestObject("REST_API/04_Transactions/CreateTransactions_EmptyData")): Send request successfully

2022-05-10 23:41:46 - [MESSAGE][INFO] - HAR: F:\1. UNNES\6. Semester 6\2 - MSIB\final-project-qe-alta4\final-project-qe-alta\Reports\20220510_234046\REST_API\04_Transactions\20220510_234053\requests\main\3.har

2022-05-10 23:41:46 - [MESSAGE][PASSED] - Send request successfully

2022-05-10 23:41:46 - [TEST_STEP][PASSED] - verifyResponseStatusCode(Response, 400): Verify response status code successfully

2022-05-10 23:41:46 - [MESSAGE][PASSED] - Verify response status code successfully

2022-05-10 23:41:46 - [TEST_STEP][PASSED] - verifyElementPropertyValue(Response, "error", "EOF"): Verify element property value successfully

2022-05-10 23:41:46 - [MESSAGE][PASSED] - Verify element property value successfully]]></system-out>
         <system-err><![CDATA[]]></system-err>
      </testcase>
      <testcase name="Test Cases/REST_API/04_Transactions/TC06_GetAllTransactionsInvalidToken" time="0.671" classname="Test Cases/REST_API/04_Transactions/TC06_GetAllTransactionsInvalidToken" status="PASSED">
         <system-out><![CDATA[2022-05-10 23:41:46 - [TEST_CASE][PASSED] - Test Cases/REST_API/04_Transactions/TC06_GetAllTransactionsInvalidToken: Test Cases/REST_API/04_Transactions/TC06_GetAllTransactionsInvalidToken

2022-05-10 23:41:47 - [TEST_STEP][PASSED] - Response = sendRequest(findTestObject("REST_API/04_Transactions/GetAllTransactions_InvalidToken")): Send request successfully

2022-05-10 23:41:47 - [MESSAGE][INFO] - HAR: F:\1. UNNES\6. Semester 6\2 - MSIB\final-project-qe-alta4\final-project-qe-alta\Reports\20220510_234046\REST_API\04_Transactions\20220510_234053\requests\main\4.har

2022-05-10 23:41:47 - [MESSAGE][PASSED] - Send request successfully

2022-05-10 23:41:47 - [TEST_STEP][PASSED] - verifyResponseStatusCode(Response, 401): Verify response status code successfully

2022-05-10 23:41:47 - [MESSAGE][PASSED] - Verify response status code successfully

2022-05-10 23:41:47 - [TEST_STEP][PASSED] - verifyElementPropertyValue(Response, "error", "signature is invalid"): Verify element property value successfully

2022-05-10 23:41:47 - [MESSAGE][PASSED] - Verify element property value successfully]]></system-out>
         <system-err><![CDATA[]]></system-err>
      </testcase>
      <testcase name="Test Cases/REST_API/04_Transactions/TC07_CreateTransactionsInvalidToken" time="0.688" classname="Test Cases/REST_API/04_Transactions/TC07_CreateTransactionsInvalidToken" status="PASSED">
         <system-out><![CDATA[2022-05-10 23:41:47 - [TEST_CASE][PASSED] - Test Cases/REST_API/04_Transactions/TC07_CreateTransactionsInvalidToken: Test Cases/REST_API/04_Transactions/TC07_CreateTransactionsInvalidToken

2022-05-10 23:41:47 - [TEST_STEP][PASSED] - Response = sendRequest(findTestObject("REST_API/04_Transactions/CreateTransactions_InvalidToken")): Send request successfully

2022-05-10 23:41:48 - [MESSAGE][INFO] - HAR: F:\1. UNNES\6. Semester 6\2 - MSIB\final-project-qe-alta4\final-project-qe-alta\Reports\20220510_234046\REST_API\04_Transactions\20220510_234053\requests\main\5.har

2022-05-10 23:41:48 - [MESSAGE][PASSED] - Send request successfully

2022-05-10 23:41:48 - [TEST_STEP][PASSED] - verifyResponseStatusCode(Response, 401): Verify response status code successfully

2022-05-10 23:41:48 - [MESSAGE][PASSED] - Verify response status code successfully

2022-05-10 23:41:48 - [TEST_STEP][PASSED] - verifyElementPropertyValue(Response, "error", "signature is invalid"): Verify element property value successfully

2022-05-10 23:41:48 - [MESSAGE][PASSED] - Verify element property value successfully]]></system-out>
         <system-err><![CDATA[]]></system-err>
      </testcase>
      <testcase name="Test Cases/REST_API/04_Transactions/TC08_CreateTransactionsEmptyToken" time="0.64" classname="Test Cases/REST_API/04_Transactions/TC08_CreateTransactionsEmptyToken" status="PASSED">
         <system-out><![CDATA[2022-05-10 23:41:48 - [TEST_CASE][PASSED] - Test Cases/REST_API/04_Transactions/TC08_CreateTransactionsEmptyToken: Test Cases/REST_API/04_Transactions/TC08_CreateTransactionsEmptyToken

2022-05-10 23:41:48 - [TEST_STEP][PASSED] - Response = sendRequest(findTestObject("REST_API/04_Transactions/CreateTransactions_EmptyToken")): Send request successfully

2022-05-10 23:41:48 - [MESSAGE][INFO] - HAR: F:\1. UNNES\6. Semester 6\2 - MSIB\final-project-qe-alta4\final-project-qe-alta\Reports\20220510_234046\REST_API\04_Transactions\20220510_234053\requests\main\6.har

2022-05-10 23:41:48 - [MESSAGE][PASSED] - Send request successfully

2022-05-10 23:41:48 - [TEST_STEP][PASSED] - verifyResponseStatusCode(Response, 401): Verify response status code successfully

2022-05-10 23:41:48 - [MESSAGE][PASSED] - Verify response status code successfully

2022-05-10 23:41:48 - [TEST_STEP][PASSED] - verifyElementPropertyValue(Response, "error", "unauthorized"): Verify element property value successfully

2022-05-10 23:41:48 - [MESSAGE][PASSED] - Verify element property value successfully]]></system-out>
         <system-err><![CDATA[]]></system-err>
      </testcase>
      <testcase name="Test Cases/REST_API/04_Transactions/TC09_GetAllTransactionsEmptyToken" time="0.797" classname="Test Cases/REST_API/04_Transactions/TC09_GetAllTransactionsEmptyToken" status="PASSED">
         <system-out><![CDATA[2022-05-10 23:41:48 - [TEST_CASE][PASSED] - Test Cases/REST_API/04_Transactions/TC09_GetAllTransactionsEmptyToken: Test Cases/REST_API/04_Transactions/TC09_GetAllTransactionsEmptyToken

2022-05-10 23:41:49 - [TEST_STEP][PASSED] - Response = sendRequest(findTestObject("REST_API/04_Transactions/GetAllTransactions_EmptyToken")): Send request successfully

2022-05-10 23:41:49 - [MESSAGE][INFO] - HAR: F:\1. UNNES\6. Semester 6\2 - MSIB\final-project-qe-alta4\final-project-qe-alta\Reports\20220510_234046\REST_API\04_Transactions\20220510_234053\requests\main\7.har

2022-05-10 23:41:49 - [MESSAGE][PASSED] - Send request successfully

2022-05-10 23:41:49 - [TEST_STEP][PASSED] - verifyResponseStatusCode(Response, 401): Verify response status code successfully

2022-05-10 23:41:49 - [MESSAGE][PASSED] - Verify response status code successfully

2022-05-10 23:41:49 - [TEST_STEP][PASSED] - verifyElementPropertyValue(Response, "error", "unauthorized"): Verify element property value successfully

2022-05-10 23:41:49 - [MESSAGE][PASSED] - Verify element property value successfully]]></system-out>
         <system-err><![CDATA[]]></system-err>
      </testcase>
      <testcase name="Test Cases/REST_API/04_Transactions/TC01_GetAllTransactions" time="0.719" classname="Test Cases/REST_API/04_Transactions/TC01_GetAllTransactions" status="PASSED">
         <system-out><![CDATA[2022-05-10 23:41:49 - [TEST_CASE][PASSED] - Test Cases/REST_API/04_Transactions/TC01_GetAllTransactions: Test Cases/REST_API/04_Transactions/TC01_GetAllTransactions

2022-05-10 23:41:49 - [TEST_STEP][PASSED] - Response = sendRequest(findTestObject("REST_API/04_Transactions/GetAllTransactions")): Send request successfully

2022-05-10 23:41:50 - [MESSAGE][INFO] - HAR: F:\1. UNNES\6. Semester 6\2 - MSIB\final-project-qe-alta4\final-project-qe-alta\Reports\20220510_234046\REST_API\04_Transactions\20220510_234053\requests\main\8.har

2022-05-10 23:41:50 - [MESSAGE][PASSED] - Send request successfully

2022-05-10 23:41:50 - [TEST_STEP][PASSED] - verifyResponseStatusCode(Response, 200): Verify response status code successfully

2022-05-10 23:41:50 - [MESSAGE][PASSED] - Verify response status code successfully

2022-05-10 23:41:50 - [TEST_STEP][PASSED] - verifyElementPropertyValue(Response, "data", "[]"): Verify element property value successfully

2022-05-10 23:41:50 - [MESSAGE][PASSED] - Verify element property value successfully]]></system-out>
         <system-err><![CDATA[]]></system-err>
      </testcase>
      <system-out><![CDATA[2022-05-10 23:41:41 - [TEST_SUITE][FAILED] - 04_Transactions: Test Cases/REST_API/04_Transactions/TC02_CreateTransactions FAILED.
Reason:
com.kms.katalon.core.exception.StepFailedException: Expected element property value '840' is not equal with actual property value '45'
	at com.kms.katalon.core.keyword.internal.KeywordMain.stepFailed(KeywordMain.groovy:39)
	at com.kms.katalon.core.webservice.keyword.builtin.VerifyElementPropertyValueKeyword$_verifyElementPropertyValue_closure1.doCall(VerifyElementPropertyValueKeyword.groovy:56)
	at com.kms.katalon.core.webservice.keyword.builtin.VerifyElementPropertyValueKeyword$_verifyElementPropertyValue_closure1.call(VerifyElementPropertyValueKeyword.groovy)
	at com.kms.katalon.core.keyword.internal.KeywordMain.runKeyword(KeywordMain.groovy:74)
	at com.kms.katalon.core.webservice.keyword.builtin.VerifyElementPropertyValueKeyword.verifyElementPropertyValue(VerifyElementPropertyValueKeyword.groovy:48)
	at com.kms.katalon.core.webservice.keyword.builtin.VerifyElementPropertyValueKeyword.execute(VerifyElementPropertyValueKeyword.groovy:43)
	at com.kms.katalon.core.keyword.internal.KeywordExecutor.executeKeywordForPlatform(KeywordExecutor.groovy:74)
	at com.kms.katalon.core.webservice.keyword.WSBuiltInKeywords.verifyElementPropertyValue(WSBuiltInKeywords.groovy:189)
	at com.kms.katalon.core.webservice.keyword.WSBuiltInKeywords$verifyElementPropertyValue$1.call(Unknown Source)
	at TC02_CreateTransactions.run(TC02_CreateTransactions:24)
	at com.kms.katalon.core.main.ScriptEngine.run(ScriptEngine.java:194)
	at com.kms.katalon.core.main.ScriptEngine.runScriptAsRawText(ScriptEngine.java:119)
	at com.kms.katalon.core.main.TestCaseExecutor.runScript(TestCaseExecutor.java:442)
	at com.kms.katalon.core.main.TestCaseExecutor.doExecute(TestCaseExecutor.java:433)
	at com.kms.katalon.core.main.TestCaseExecutor.processExecutionPhase(TestCaseExecutor.java:412)
	at com.kms.katalon.core.main.TestCaseExecutor.accessMainPhase(TestCaseExecutor.java:404)
	at com.kms.katalon.core.main.TestCaseExecutor.execute(TestCaseExecutor.java:281)
	at com.kms.katalon.core.main.TestSuiteExecutor.accessTestCaseMainPhase(TestSuiteExecutor.java:202)
	at com.kms.katalon.core.main.TestSuiteExecutor.accessTestSuiteMainPhase(TestSuiteExecutor.java:164)
	at com.kms.katalon.core.main.TestSuiteExecutor.execute(TestSuiteExecutor.java:105)
	at com.kms.katalon.core.main.TestCaseMain.startTestSuite(TestCaseMain.java:185)
	at com.kms.katalon.core.main.TestCaseMain$startTestSuite$0.call(Unknown Source)
	at TempTestSuite1652200853509.run(TempTestSuite1652200853509.groovy:36)]]></system-out>
      <system-err><![CDATA[2022-05-10 23:41:41 - [TEST_SUITE][FAILED] - 04_Transactions: Test Cases/REST_API/04_Transactions/TC02_CreateTransactions FAILED.
Reason:
com.kms.katalon.core.exception.StepFailedException: Expected element property value '840' is not equal with actual property value '45'
	at com.kms.katalon.core.keyword.internal.KeywordMain.stepFailed(KeywordMain.groovy:39)
	at com.kms.katalon.core.webservice.keyword.builtin.VerifyElementPropertyValueKeyword$_verifyElementPropertyValue_closure1.doCall(VerifyElementPropertyValueKeyword.groovy:56)
	at com.kms.katalon.core.webservice.keyword.builtin.VerifyElementPropertyValueKeyword$_verifyElementPropertyValue_closure1.call(VerifyElementPropertyValueKeyword.groovy)
	at com.kms.katalon.core.keyword.internal.KeywordMain.runKeyword(KeywordMain.groovy:74)
	at com.kms.katalon.core.webservice.keyword.builtin.VerifyElementPropertyValueKeyword.verifyElementPropertyValue(VerifyElementPropertyValueKeyword.groovy:48)
	at com.kms.katalon.core.webservice.keyword.builtin.VerifyElementPropertyValueKeyword.execute(VerifyElementPropertyValueKeyword.groovy:43)
	at com.kms.katalon.core.keyword.internal.KeywordExecutor.executeKeywordForPlatform(KeywordExecutor.groovy:74)
	at com.kms.katalon.core.webservice.keyword.WSBuiltInKeywords.verifyElementPropertyValue(WSBuiltInKeywords.groovy:189)
	at com.kms.katalon.core.webservice.keyword.WSBuiltInKeywords$verifyElementPropertyValue$1.call(Unknown Source)
	at TC02_CreateTransactions.run(TC02_CreateTransactions:24)
	at com.kms.katalon.core.main.ScriptEngine.run(ScriptEngine.java:194)
	at com.kms.katalon.core.main.ScriptEngine.runScriptAsRawText(ScriptEngine.java:119)
	at com.kms.katalon.core.main.TestCaseExecutor.runScript(TestCaseExecutor.java:442)
	at com.kms.katalon.core.main.TestCaseExecutor.doExecute(TestCaseExecutor.java:433)
	at com.kms.katalon.core.main.TestCaseExecutor.processExecutionPhase(TestCaseExecutor.java:412)
	at com.kms.katalon.core.main.TestCaseExecutor.accessMainPhase(TestCaseExecutor.java:404)
	at com.kms.katalon.core.main.TestCaseExecutor.execute(TestCaseExecutor.java:281)
	at com.kms.katalon.core.main.TestSuiteExecutor.accessTestCaseMainPhase(TestSuiteExecutor.java:202)
	at com.kms.katalon.core.main.TestSuiteExecutor.accessTestSuiteMainPhase(TestSuiteExecutor.java:164)
	at com.kms.katalon.core.main.TestSuiteExecutor.execute(TestSuiteExecutor.java:105)
	at com.kms.katalon.core.main.TestCaseMain.startTestSuite(TestCaseMain.java:185)
	at com.kms.katalon.core.main.TestCaseMain$startTestSuite$0.call(Unknown Source)
	at TempTestSuite1652200853509.run(TempTestSuite1652200853509.groovy:36)]]></system-err>
   </testsuite>
   <testsuite name="05_Ratings" tests="5" failures="0" errors="0" time="6.156" skipped="0" timestamp="2022-05-10 23:41:54" hostname="salsa - SALSABILA" id="Test Suites/REST_API/05_Ratings">
      <properties>
         <property name="deviceName" value=""/>
         <property name="devicePlatform" value=""/>
         <property name="logFolder" value="F:\\1. UNNES\\6. Semester 6\\2 - MSIB\\final-project-qe-alta4\\final-project-qe-alta\\Reports\\20220510_234046\\REST_API\\05_Ratings\\20220510_234055"/>
         <property name="logFiles" value="F:\\1. UNNES\\6. Semester 6\\2 - MSIB\\final-project-qe-alta4\\final-project-qe-alta\\Reports\\20220510_234046\\REST_API\\05_Ratings\\20220510_234055\\execution0.log"/>
         <property name="attachments" value=""/>
         <property name="hostName" value="salsa - SALSABILA"/>
         <property name="hostAddress" value="192.168.106.173"/>
         <property name="os" value="Windows 10 64bit"/>
         <property name="katalonVersion" value="8.2.5.208"/>
      </properties>
      <testcase name="Test Cases/REST_API/05_Ratings/TC01_GetProductRatings" time="2.625" classname="Test Cases/REST_API/05_Ratings/TC01_GetProductRatings" status="PASSED">
         <system-out><![CDATA[2022-05-10 23:41:54 - [TEST_CASE][PASSED] - Test Cases/REST_API/05_Ratings/TC01_GetProductRatings: Test Cases/REST_API/05_Ratings/TC01_GetProductRatings

2022-05-10 23:41:55 - [TEST_STEP][PASSED] - Response = sendRequest(findTestObject("REST_API/05_Ratings/GetProductRatings")): Send request successfully

2022-05-10 23:41:57 - [MESSAGE][INFO] - HAR: F:\1. UNNES\6. Semester 6\2 - MSIB\final-project-qe-alta4\final-project-qe-alta\Reports\20220510_234046\REST_API\05_Ratings\20220510_234055\requests\main\0.har

2022-05-10 23:41:57 - [MESSAGE][PASSED] - Send request successfully

2022-05-10 23:41:57 - [TEST_STEP][PASSED] - verifyResponseStatusCode(Response, 200): Verify response status code successfully

2022-05-10 23:41:57 - [MESSAGE][PASSED] - Verify response status code successfully

2022-05-10 23:41:57 - [TEST_STEP][PASSED] - verifyElementPropertyValue(Response, "data", 5): Verify element property value successfully

2022-05-10 23:41:57 - [MESSAGE][PASSED] - Verify element property value successfully]]></system-out>
         <system-err><![CDATA[]]></system-err>
      </testcase>
      <testcase name="Test Cases/REST_API/05_Ratings/TC02_GiveRatingToProduct" time="0.797" classname="Test Cases/REST_API/05_Ratings/TC02_GiveRatingToProduct" status="PASSED">
         <system-out><![CDATA[2022-05-10 23:41:57 - [TEST_CASE][PASSED] - Test Cases/REST_API/05_Ratings/TC02_GiveRatingToProduct: Test Cases/REST_API/05_Ratings/TC02_GiveRatingToProduct

2022-05-10 23:41:57 - [TEST_STEP][PASSED] - Response = sendRequest(findTestObject("REST_API/05_Ratings/GiveRatingToProduct")): Send request successfully

2022-05-10 23:41:58 - [MESSAGE][INFO] - HAR: F:\1. UNNES\6. Semester 6\2 - MSIB\final-project-qe-alta4\final-project-qe-alta\Reports\20220510_234046\REST_API\05_Ratings\20220510_234055\requests\main\1.har

2022-05-10 23:41:58 - [MESSAGE][PASSED] - Send request successfully

2022-05-10 23:41:58 - [TEST_STEP][PASSED] - verifyResponseStatusCode(Response, 200): Verify response status code successfully

2022-05-10 23:41:58 - [MESSAGE][PASSED] - Verify response status code successfully

2022-05-10 23:41:58 - [TEST_STEP][PASSED] - verifyElementPropertyValue(Response, "data.ID", 478): Verify element property value successfully

2022-05-10 23:41:58 - [MESSAGE][PASSED] - Verify element property value successfully]]></system-out>
         <system-err><![CDATA[]]></system-err>
      </testcase>
      <testcase name="Test Cases/REST_API/05_Ratings/TC03_GiveRatingtoProductInvalidRating" time="0.766" classname="Test Cases/REST_API/05_Ratings/TC03_GiveRatingtoProductInvalidRating" status="PASSED">
         <system-out><![CDATA[2022-05-10 23:41:58 - [TEST_CASE][PASSED] - Test Cases/REST_API/05_Ratings/TC03_GiveRatingtoProductInvalidRating: Test Cases/REST_API/05_Ratings/TC03_GiveRatingtoProductInvalidRating

2022-05-10 23:41:58 - [TEST_STEP][PASSED] - Response = sendRequest(findTestObject("REST_API/05_Ratings/GiveRatingToProduct_InvalidRating")): Send request successfully

2022-05-10 23:41:59 - [MESSAGE][INFO] - HAR: F:\1. UNNES\6. Semester 6\2 - MSIB\final-project-qe-alta4\final-project-qe-alta\Reports\20220510_234046\REST_API\05_Ratings\20220510_234055\requests\main\2.har

2022-05-10 23:41:59 - [MESSAGE][PASSED] - Send request successfully

2022-05-10 23:41:59 - [TEST_STEP][PASSED] - verifyResponseStatusCode(Response, 500): Verify response status code successfully

2022-05-10 23:41:59 - [MESSAGE][PASSED] - Verify response status code successfully

2022-05-10 23:41:59 - [TEST_STEP][PASSED] - verifyElementPropertyValue(Response, "error", "ERROR: new row for relation "ratings" violates check constraint "ratings_count_check" (SQLSTATE 23514)"): Verify element property value successfully

2022-05-10 23:41:59 - [MESSAGE][PASSED] - Verify element property value successfully]]></system-out>
         <system-err><![CDATA[]]></system-err>
      </testcase>
      <testcase name="Test Cases/REST_API/05_Ratings/TC04_GiveRatingToProductEmptyToken" time="0.734" classname="Test Cases/REST_API/05_Ratings/TC04_GiveRatingToProductEmptyToken" status="PASSED">
         <system-out><![CDATA[2022-05-10 23:41:59 - [TEST_CASE][PASSED] - Test Cases/REST_API/05_Ratings/TC04_GiveRatingToProductEmptyToken: Test Cases/REST_API/05_Ratings/TC04_GiveRatingToProductEmptyToken

2022-05-10 23:41:59 - [TEST_STEP][PASSED] - Response = sendRequest(findTestObject("REST_API/05_Ratings/GiveRatingToProduct_EmptyToken")): Send request successfully

2022-05-10 23:41:59 - [MESSAGE][INFO] - HAR: F:\1. UNNES\6. Semester 6\2 - MSIB\final-project-qe-alta4\final-project-qe-alta\Reports\20220510_234046\REST_API\05_Ratings\20220510_234055\requests\main\3.har

2022-05-10 23:41:59 - [MESSAGE][PASSED] - Send request successfully

2022-05-10 23:41:59 - [TEST_STEP][PASSED] - verifyResponseStatusCode(Response, 401): Verify response status code successfully

2022-05-10 23:41:59 - [MESSAGE][PASSED] - Verify response status code successfully

2022-05-10 23:41:59 - [TEST_STEP][PASSED] - verifyElementPropertyValue(Response, "error", "unauthorized"): Verify element property value successfully

2022-05-10 23:41:59 - [MESSAGE][PASSED] - Verify element property value successfully]]></system-out>
         <system-err><![CDATA[]]></system-err>
      </testcase>
      <testcase name="Test Cases/REST_API/05_Ratings/TC05_GiveRatingToProductInvalidToken" time="0.766" classname="Test Cases/REST_API/05_Ratings/TC05_GiveRatingToProductInvalidToken" status="PASSED">
         <system-out><![CDATA[2022-05-10 23:41:59 - [TEST_CASE][PASSED] - Test Cases/REST_API/05_Ratings/TC05_GiveRatingToProductInvalidToken: Test Cases/REST_API/05_Ratings/TC05_GiveRatingToProductInvalidToken

2022-05-10 23:42:00 - [TEST_STEP][PASSED] - Response = sendRequest(findTestObject("REST_API/05_Ratings/GiveRatingToProduct_InvalidToken")): Send request successfully

2022-05-10 23:42:00 - [MESSAGE][INFO] - HAR: F:\1. UNNES\6. Semester 6\2 - MSIB\final-project-qe-alta4\final-project-qe-alta\Reports\20220510_234046\REST_API\05_Ratings\20220510_234055\requests\main\4.har

2022-05-10 23:42:00 - [MESSAGE][PASSED] - Send request successfully

2022-05-10 23:42:00 - [TEST_STEP][PASSED] - verifyResponseStatusCode(Response, 401): Verify response status code successfully

2022-05-10 23:42:00 - [MESSAGE][PASSED] - Verify response status code successfully

2022-05-10 23:42:00 - [TEST_STEP][PASSED] - verifyElementPropertyValue(Response, "error", "signature is invalid"): Verify element property value successfully

2022-05-10 23:42:00 - [MESSAGE][PASSED] - Verify element property value successfully]]></system-out>
         <system-err><![CDATA[]]></system-err>
      </testcase>
      <system-out><![CDATA[2022-05-10 23:41:54 - [TEST_SUITE][PASSED] - 05_Ratings: Test Cases/REST_API/05_Ratings/TC05_GiveRatingToProductInvalidToken]]></system-out>
      <system-err><![CDATA[]]></system-err>
   </testsuite>
   <testsuite name="06_Comments" tests="6" failures="0" errors="0" time="7.007" skipped="0" timestamp="2022-05-10 23:42:05" hostname="salsa - SALSABILA" id="Test Suites/REST_API/06_Comments">
      <properties>
         <property name="deviceName" value=""/>
         <property name="devicePlatform" value=""/>
         <property name="logFolder" value="F:\\1. UNNES\\6. Semester 6\\2 - MSIB\\final-project-qe-alta4\\final-project-qe-alta\\Reports\\20220510_234046\\REST_API\\06_Comments\\20220510_234057"/>
         <property name="logFiles" value="F:\\1. UNNES\\6. Semester 6\\2 - MSIB\\final-project-qe-alta4\\final-project-qe-alta\\Reports\\20220510_234046\\REST_API\\06_Comments\\20220510_234057\\execution0.log"/>
         <property name="attachments" value=""/>
         <property name="hostName" value="salsa - SALSABILA"/>
         <property name="hostAddress" value="192.168.106.173"/>
         <property name="os" value="Windows 10 64bit"/>
         <property name="katalonVersion" value="8.2.5.208"/>
      </properties>
      <testcase name="Test Cases/REST_API/06_Comments/TC01_GetProductComments" time="2.627" classname="Test Cases/REST_API/06_Comments/TC01_GetProductComments" status="PASSED">
         <system-out><![CDATA[2022-05-10 23:42:05 - [TEST_CASE][PASSED] - Test Cases/REST_API/06_Comments/TC01_GetProductComments: Test Cases/REST_API/06_Comments/TC01_GetProductComments

2022-05-10 23:42:06 - [TEST_STEP][PASSED] - Response = sendRequest(findTestObject("REST_API/06_Comments/GetProductComments")): Send request successfully

2022-05-10 23:42:07 - [MESSAGE][INFO] - HAR: F:\1. UNNES\6. Semester 6\2 - MSIB\final-project-qe-alta4\final-project-qe-alta\Reports\20220510_234046\REST_API\06_Comments\20220510_234057\requests\main\0.har

2022-05-10 23:42:08 - [MESSAGE][PASSED] - Send request successfully

2022-05-10 23:42:08 - [TEST_STEP][PASSED] - verifyResponseStatusCode(Response, 200): Verify response status code successfully

2022-05-10 23:42:08 - [MESSAGE][PASSED] - Verify response status code successfully

2022-05-10 23:42:08 - [TEST_STEP][PASSED] - verifyElementPropertyValue(Response, "data[0].ID", 9): Verify element property value successfully

2022-05-10 23:42:08 - [MESSAGE][PASSED] - Verify element property value successfully]]></system-out>
         <system-err><![CDATA[]]></system-err>
      </testcase>
      <testcase name="Test Cases/REST_API/06_Comments/TC02_WriteCommentToProduct" time="1.032" classname="Test Cases/REST_API/06_Comments/TC02_WriteCommentToProduct" status="PASSED">
         <system-out><![CDATA[2022-05-10 23:42:08 - [TEST_CASE][PASSED] - Test Cases/REST_API/06_Comments/TC02_WriteCommentToProduct: Test Cases/REST_API/06_Comments/TC02_WriteCommentToProduct

2022-05-10 23:42:08 - [TEST_STEP][PASSED] - Response = sendRequest(findTestObject("REST_API/06_Comments/WriteCommentToProduct")): Send request successfully

2022-05-10 23:42:09 - [MESSAGE][INFO] - HAR: F:\1. UNNES\6. Semester 6\2 - MSIB\final-project-qe-alta4\final-project-qe-alta\Reports\20220510_234046\REST_API\06_Comments\20220510_234057\requests\main\1.har

2022-05-10 23:42:09 - [MESSAGE][PASSED] - Send request successfully

2022-05-10 23:42:09 - [TEST_STEP][PASSED] - verifyResponseStatusCode(Response, 200): Verify response status code successfully

2022-05-10 23:42:09 - [MESSAGE][PASSED] - Verify response status code successfully

2022-05-10 23:42:09 - [TEST_STEP][PASSED] - verifyElementPropertyValue(Response, "data.Content", "mantap nih gais"): Verify element property value successfully

2022-05-10 23:42:09 - [MESSAGE][PASSED] - Verify element property value successfully]]></system-out>
         <system-err><![CDATA[]]></system-err>
      </testcase>
      <testcase name="Test Cases/REST_API/06_Comments/TC03_WriteCommentToProductEmptyComments" time="0.734" classname="Test Cases/REST_API/06_Comments/TC03_WriteCommentToProductEmptyComments" status="PASSED">
         <system-out><![CDATA[2022-05-10 23:42:09 - [TEST_CASE][PASSED] - Test Cases/REST_API/06_Comments/TC03_WriteCommentToProductEmptyComments: Test Cases/REST_API/06_Comments/TC03_WriteCommentToProductEmptyComments

2022-05-10 23:42:09 - [TEST_STEP][PASSED] - Response = sendRequest(findTestObject("REST_API/06_Comments/WriteCommentToProduct_EmptyComments")): Send request successfully

2022-05-10 23:42:09 - [MESSAGE][INFO] - HAR: F:\1. UNNES\6. Semester 6\2 - MSIB\final-project-qe-alta4\final-project-qe-alta\Reports\20220510_234046\REST_API\06_Comments\20220510_234057\requests\main\2.har

2022-05-10 23:42:09 - [MESSAGE][PASSED] - Send request successfully

2022-05-10 23:42:09 - [TEST_STEP][PASSED] - verifyResponseStatusCode(Response, 500): Verify response status code successfully

2022-05-10 23:42:09 - [MESSAGE][PASSED] - Verify response status code successfully

2022-05-10 23:42:09 - [TEST_STEP][PASSED] - verifyElementPropertyValue(Response, "error", "ERROR: new row for relation "comments" violates check constraint "comments_content_check" (SQLSTATE 23514)"): Verify element property value successfully

2022-05-10 23:42:09 - [MESSAGE][PASSED] - Verify element property value successfully]]></system-out>
         <system-err><![CDATA[]]></system-err>
      </testcase>
      <testcase name="Test Cases/REST_API/06_Comments/TC04_WriteCommentToProductEmptyToken" time="0.734" classname="Test Cases/REST_API/06_Comments/TC04_WriteCommentToProductEmptyToken" status="PASSED">
         <system-out><![CDATA[2022-05-10 23:42:09 - [TEST_CASE][PASSED] - Test Cases/REST_API/06_Comments/TC04_WriteCommentToProductEmptyToken: Test Cases/REST_API/06_Comments/TC04_WriteCommentToProductEmptyToken

2022-05-10 23:42:10 - [TEST_STEP][PASSED] - Response = sendRequest(findTestObject("REST_API/06_Comments/WriteCommentToProduct_EmptyToken")): Send request successfully

2022-05-10 23:42:10 - [MESSAGE][INFO] - HAR: F:\1. UNNES\6. Semester 6\2 - MSIB\final-project-qe-alta4\final-project-qe-alta\Reports\20220510_234046\REST_API\06_Comments\20220510_234057\requests\main\3.har

2022-05-10 23:42:10 - [MESSAGE][PASSED] - Send request successfully

2022-05-10 23:42:10 - [TEST_STEP][PASSED] - verifyResponseStatusCode(Response, 401): Verify response status code successfully

2022-05-10 23:42:10 - [MESSAGE][PASSED] - Verify response status code successfully

2022-05-10 23:42:10 - [TEST_STEP][PASSED] - verifyElementPropertyValue(Response, "error", "unauthorized"): Verify element property value successfully

2022-05-10 23:42:10 - [MESSAGE][PASSED] - Verify element property value successfully]]></system-out>
         <system-err><![CDATA[]]></system-err>
      </testcase>
      <testcase name="Test Cases/REST_API/06_Comments/TC05_WriteCommentToPRoductInvalidComment" time="0.754" classname="Test Cases/REST_API/06_Comments/TC05_WriteCommentToPRoductInvalidComment" status="PASSED">
         <system-out><![CDATA[2022-05-10 23:42:10 - [TEST_CASE][PASSED] - Test Cases/REST_API/06_Comments/TC05_WriteCommentToPRoductInvalidComment: Test Cases/REST_API/06_Comments/TC05_WriteCommentToPRoductInvalidComment

2022-05-10 23:42:11 - [TEST_STEP][PASSED] - Response = sendRequest(findTestObject("REST_API/06_Comments/WriteCommentToProduct_InvalidComments")): Send request successfully

2022-05-10 23:42:11 - [MESSAGE][INFO] - HAR: F:\1. UNNES\6. Semester 6\2 - MSIB\final-project-qe-alta4\final-project-qe-alta\Reports\20220510_234046\REST_API\06_Comments\20220510_234057\requests\main\4.har

2022-05-10 23:42:11 - [MESSAGE][PASSED] - Send request successfully

2022-05-10 23:42:11 - [TEST_STEP][PASSED] - verifyResponseStatusCode(Response, 500): Verify response status code successfully

2022-05-10 23:42:11 - [MESSAGE][PASSED] - Verify response status code successfully

2022-05-10 23:42:11 - [TEST_STEP][PASSED] - verifyElementPropertyValue(Response, "error", "ERROR: new row for relation "comments" violates check constraint "comments_content_check" (SQLSTATE 23514)"): Verify element property value successfully

2022-05-10 23:42:11 - [MESSAGE][PASSED] - Verify element property value successfully]]></system-out>
         <system-err><![CDATA[]]></system-err>
      </testcase>
      <testcase name="Test Cases/REST_API/06_Comments/TC06_WriteCommentToProductInvalidToken" time="0.699" classname="Test Cases/REST_API/06_Comments/TC06_WriteCommentToProductInvalidToken" status="PASSED">
         <system-out><![CDATA[2022-05-10 23:42:11 - [TEST_CASE][PASSED] - Test Cases/REST_API/06_Comments/TC06_WriteCommentToProductInvalidToken: Test Cases/REST_API/06_Comments/TC06_WriteCommentToProductInvalidToken

2022-05-10 23:42:11 - [TEST_STEP][PASSED] - Response = sendRequest(findTestObject("REST_API/06_Comments/WriteCommentToProduct_InvalidToken")): Send request successfully

2022-05-10 23:42:12 - [MESSAGE][INFO] - HAR: F:\1. UNNES\6. Semester 6\2 - MSIB\final-project-qe-alta4\final-project-qe-alta\Reports\20220510_234046\REST_API\06_Comments\20220510_234057\requests\main\5.har

2022-05-10 23:42:12 - [MESSAGE][PASSED] - Send request successfully

2022-05-10 23:42:12 - [TEST_STEP][PASSED] - verifyResponseStatusCode(Response, 401): Verify response status code successfully

2022-05-10 23:42:12 - [MESSAGE][PASSED] - Verify response status code successfully

2022-05-10 23:42:12 - [TEST_STEP][PASSED] - verifyElementPropertyValue(Response, "error", "signature is invalid"): Verify element property value successfully

2022-05-10 23:42:12 - [MESSAGE][PASSED] - Verify element property value successfully]]></system-out>
         <system-err><![CDATA[]]></system-err>
      </testcase>
      <system-out><![CDATA[2022-05-10 23:42:05 - [TEST_SUITE][PASSED] - 06_Comments: Test Cases/REST_API/06_Comments/TC06_WriteCommentToProductInvalidToken]]></system-out>
      <system-err><![CDATA[]]></system-err>
   </testsuite>
</testsuites>
